#-----------------------------------------------------------
# Vivado v2018.2 (64-bit)
# SW Build 2258646 on Thu Jun 14 20:03:12 MDT 2018
# IP Build 2256618 on Thu Jun 14 22:10:49 MDT 2018
# Start of session at: Wed Jan 15 12:33:26 2020
# Process ID: 12040
# Current directory: C:/Users/Ryan Madden/Documents/GitHub/CPE233/CPE233 Labs/project_1
# Command line: vivado.exe -gui_launcher_event rodinguilauncherevent9984 C:\Users\Ryan Madden\Documents\GitHub\CPE233\CPE233 Labs\project_1\project_1.xpr
# Log file: C:/Users/Ryan Madden/Documents/GitHub/CPE233/CPE233 Labs/project_1/vivado.log
# Journal file: C:/Users/Ryan Madden/Documents/GitHub/CPE233/CPE233 Labs/project_1\vivado.jou
#-----------------------------------------------------------
start_gui
open_project {C:/Users/Ryan Madden/Documents/GitHub/CPE233/CPE233 Labs/project_1/project_1.xpr}
INFO: [Project 1-313] Project file moved from 'C:/CPE233/project_1' since last save.
Scanning sources...
Finished scanning sources
INFO: [IP_Flow 19-234] Refreshing IP repositories
INFO: [IP_Flow 19-1704] No user IP repositories specified
INFO: [IP_Flow 19-2313] Loaded Vivado IP repository 'C:/Xilinx/Vivado/2018.2/data/ip'.
open_project: Time (s): cpu = 00:00:10 ; elapsed = 00:00:05 . Memory (MB): peak = 853.012 ; gain = 126.004
update_compile_order -fileset sources_1
export_ip_user_files -of_objects  [get_files {{C:/Users/Ryan Madden/Documents/GitHub/CPE233/CPE233 Labs/project_1/project_1.srcs/sources_1/new/ProgramCounter.v}}] -no_script -reset -force -quiet
remove_files  {{C:/Users/Ryan Madden/Documents/GitHub/CPE233/CPE233 Labs/project_1/project_1.srcs/sources_1/new/ProgramCounter.v}}
file delete -force {C:/Users/Ryan Madden/Documents/GitHub/CPE233/CPE233 Labs/project_1/project_1.srcs/sources_1/new/ProgramCounter.v}
close [ open {C:/Users/Ryan Madden/Documents/GitHub/CPE233/CPE233 Labs/project_1/project_1.srcs/sources_1/new/ProgramCounter_Mem.v} w ]
add_files {{C:/Users/Ryan Madden/Documents/GitHub/CPE233/CPE233 Labs/project_1/project_1.srcs/sources_1/new/ProgramCounter_Mem.v}}
update_compile_order -fileset sources_1
close [ open {C:/Users/Ryan Madden/Documents/GitHub/CPE233/CPE233 Labs/project_1/project_1.srcs/sources_1/new/ProgramCounter.v} w ]
add_files {{C:/Users/Ryan Madden/Documents/GitHub/CPE233/CPE233 Labs/project_1/project_1.srcs/sources_1/new/ProgramCounter.v}}
update_compile_order -fileset sources_1
WARNING: [filemgmt 56-199] Attempt to get parsing info during refresh. "On-the-fly" syntax checking information may be incorrect. [C:/Users/Ryan Madden/Documents/GitHub/CPE233/CPE233 Labs/project_1/project_1.srcs/sources_1/new/ProgramCounter.v:]
WARNING: [filemgmt 56-199] Attempt to get parsing info during refresh. "On-the-fly" syntax checking information may be incorrect. [C:/Users/Ryan Madden/Documents/GitHub/CPE233/CPE233 Labs/project_1/project_1.srcs/sources_1/new/clk_divider_nbit.sv:]
WARNING: [filemgmt 56-199] Attempt to get parsing info during refresh. "On-the-fly" syntax checking information may be incorrect. [C:/Users/Ryan Madden/Documents/GitHub/CPE233/CPE233 Labs/project_1/project_1.srcs/sources_1/new/lab1_fibonacci_seq_gen.v:]
WARNING: [filemgmt 56-199] Attempt to get parsing info during refresh. "On-the-fly" syntax checking information may be incorrect. [C:/Users/Ryan Madden/Documents/GitHub/CPE233/CPE233 Labs/project_1/project_1.srcs/sources_1/new/ProgramCounter_Mem.v:]
WARNING: [filemgmt 56-199] Attempt to get parsing info during refresh. "On-the-fly" syntax checking information may be incorrect. [C:/Users/Ryan Madden/Documents/GitHub/CPE233/CPE233 Labs/project_1/project_1.srcs/sources_1/new/ProgramCounter.v:]
WARNING: [filemgmt 56-199] Attempt to get parsing info during refresh. "On-the-fly" syntax checking information may be incorrect. [C:/Users/Ryan Madden/Documents/GitHub/CPE233/CPE233 Labs/project_1/project_1.srcs/sources_1/new/clk_divider_nbit.sv:]
WARNING: [filemgmt 56-199] Attempt to get parsing info during refresh. "On-the-fly" syntax checking information may be incorrect. [C:/Users/Ryan Madden/Documents/GitHub/CPE233/CPE233 Labs/project_1/project_1.srcs/sources_1/new/lab1_fibonacci_seq_gen.v:]
WARNING: [filemgmt 56-199] Attempt to get parsing info during refresh. "On-the-fly" syntax checking information may be incorrect. [C:/Users/Ryan Madden/Documents/GitHub/CPE233/CPE233 Labs/project_1/project_1.srcs/sources_1/new/ProgramCounter_Mem.v:]
WARNING: [filemgmt 56-199] Attempt to get parsing info during refresh. "On-the-fly" syntax checking information may be incorrect. [C:/Users/Ryan Madden/Documents/GitHub/CPE233/CPE233 Labs/project_1/project_1.srcs/sources_1/new/ProgramCounter.v:]
WARNING: [filemgmt 56-199] Attempt to get parsing info during refresh. "On-the-fly" syntax checking information may be incorrect. [C:/Users/Ryan Madden/Documents/GitHub/CPE233/CPE233 Labs/project_1/project_1.srcs/sources_1/new/clk_divider_nbit.sv:]
WARNING: [filemgmt 56-199] Attempt to get parsing info during refresh. "On-the-fly" syntax checking information may be incorrect. [C:/Users/Ryan Madden/Documents/GitHub/CPE233/CPE233 Labs/project_1/project_1.srcs/sources_1/new/lab1_fibonacci_seq_gen.v:]
WARNING: [filemgmt 56-199] Attempt to get parsing info during refresh. "On-the-fly" syntax checking information may be incorrect. [C:/Users/Ryan Madden/Documents/GitHub/CPE233/CPE233 Labs/project_1/project_1.srcs/sources_1/new/ProgramCounter_Mem.v:]
ERROR: [Common 17-180] Spawn failed: No error
WARNING: [filemgmt 56-199] Attempt to get parsing info during refresh. "On-the-fly" syntax checking information may be incorrect. [C:/Users/Ryan Madden/Documents/GitHub/CPE233/CPE233 Labs/project_1/project_1.srcs/sources_1/new/ProgramCounter.v:]
WARNING: [filemgmt 56-199] Attempt to get parsing info during refresh. "On-the-fly" syntax checking information may be incorrect. [C:/Users/Ryan Madden/Documents/GitHub/CPE233/CPE233 Labs/project_1/project_1.srcs/sources_1/new/clk_divider_nbit.sv:]
WARNING: [filemgmt 56-199] Attempt to get parsing info during refresh. "On-the-fly" syntax checking information may be incorrect. [C:/Users/Ryan Madden/Documents/GitHub/CPE233/CPE233 Labs/project_1/project_1.srcs/sources_1/new/lab1_fibonacci_seq_gen.v:]
WARNING: [filemgmt 56-199] Attempt to get parsing info during refresh. "On-the-fly" syntax checking information may be incorrect. [C:/Users/Ryan Madden/Documents/GitHub/CPE233/CPE233 Labs/project_1/project_1.srcs/sources_1/new/ProgramCounter_Mem.v:]
WARNING: [filemgmt 56-199] Attempt to get parsing info during refresh. "On-the-fly" syntax checking information may be incorrect. [C:/Users/Ryan Madden/Documents/GitHub/CPE233/CPE233 Labs/project_1/project_1.srcs/sources_1/new/ProgramCounter.v:]
WARNING: [filemgmt 56-199] Attempt to get parsing info during refresh. "On-the-fly" syntax checking information may be incorrect. [C:/Users/Ryan Madden/Documents/GitHub/CPE233/CPE233 Labs/project_1/project_1.srcs/sources_1/new/clk_divider_nbit.sv:]
WARNING: [filemgmt 56-199] Attempt to get parsing info during refresh. "On-the-fly" syntax checking information may be incorrect. [C:/Users/Ryan Madden/Documents/GitHub/CPE233/CPE233 Labs/project_1/project_1.srcs/sources_1/new/lab1_fibonacci_seq_gen.v:]
WARNING: [filemgmt 56-199] Attempt to get parsing info during refresh. "On-the-fly" syntax checking information may be incorrect. [C:/Users/Ryan Madden/Documents/GitHub/CPE233/CPE233 Labs/project_1/project_1.srcs/sources_1/new/ProgramCounter_Mem.v:]
WARNING: [filemgmt 56-199] Attempt to get parsing info during refresh. "On-the-fly" syntax checking information may be incorrect. [C:/Users/Ryan Madden/Documents/GitHub/CPE233/CPE233 Labs/project_1/project_1.srcs/sources_1/new/ProgramCounter.v:]
WARNING: [filemgmt 56-199] Attempt to get parsing info during refresh. "On-the-fly" syntax checking information may be incorrect. [C:/Users/Ryan Madden/Documents/GitHub/CPE233/CPE233 Labs/project_1/project_1.srcs/sources_1/new/clk_divider_nbit.sv:]
WARNING: [filemgmt 56-199] Attempt to get parsing info during refresh. "On-the-fly" syntax checking information may be incorrect. [C:/Users/Ryan Madden/Documents/GitHub/CPE233/CPE233 Labs/project_1/project_1.srcs/sources_1/new/lab1_fibonacci_seq_gen.v:]
WARNING: [filemgmt 56-199] Attempt to get parsing info during refresh. "On-the-fly" syntax checking information may be incorrect. [C:/Users/Ryan Madden/Documents/GitHub/CPE233/CPE233 Labs/project_1/project_1.srcs/sources_1/new/ProgramCounter_Mem.v:]
WARNING: [filemgmt 56-199] Attempt to get parsing info during refresh. "On-the-fly" syntax checking information may be incorrect. [C:/Users/Ryan Madden/Documents/GitHub/CPE233/CPE233 Labs/project_1/project_1.srcs/sources_1/new/ProgramCounter.v:]
WARNING: [filemgmt 56-199] Attempt to get parsing info during refresh. "On-the-fly" syntax checking information may be incorrect. [C:/Users/Ryan Madden/Documents/GitHub/CPE233/CPE233 Labs/project_1/project_1.srcs/sources_1/new/clk_divider_nbit.sv:]
WARNING: [filemgmt 56-199] Attempt to get parsing info during refresh. "On-the-fly" syntax checking information may be incorrect. [C:/Users/Ryan Madden/Documents/GitHub/CPE233/CPE233 Labs/project_1/project_1.srcs/sources_1/new/lab1_fibonacci_seq_gen.v:]
WARNING: [filemgmt 56-199] Attempt to get parsing info during refresh. "On-the-fly" syntax checking information may be incorrect. [C:/Users/Ryan Madden/Documents/GitHub/CPE233/CPE233 Labs/project_1/project_1.srcs/sources_1/new/ProgramCounter_Mem.v:]
ERROR: [Common 17-180] Spawn failed: No error
WARNING: [filemgmt 56-199] Attempt to get parsing info during refresh. "On-the-fly" syntax checking information may be incorrect. [C:/Users/Ryan Madden/Documents/GitHub/CPE233/CPE233 Labs/project_1/project_1.srcs/sources_1/new/ProgramCounter.v:]
WARNING: [filemgmt 56-199] Attempt to get parsing info during refresh. "On-the-fly" syntax checking information may be incorrect. [C:/Users/Ryan Madden/Documents/GitHub/CPE233/CPE233 Labs/project_1/project_1.srcs/sources_1/new/clk_divider_nbit.sv:]
WARNING: [filemgmt 56-199] Attempt to get parsing info during refresh. "On-the-fly" syntax checking information may be incorrect. [C:/Users/Ryan Madden/Documents/GitHub/CPE233/CPE233 Labs/project_1/project_1.srcs/sources_1/new/lab1_fibonacci_seq_gen.v:]
WARNING: [filemgmt 56-199] Attempt to get parsing info during refresh. "On-the-fly" syntax checking information may be incorrect. [C:/Users/Ryan Madden/Documents/GitHub/CPE233/CPE233 Labs/project_1/project_1.srcs/sources_1/new/ProgramCounter_Mem.v:]
WARNING: [filemgmt 56-199] Attempt to get parsing info during refresh. "On-the-fly" syntax checking information may be incorrect. [C:/Users/Ryan Madden/Documents/GitHub/CPE233/CPE233 Labs/project_1/project_1.srcs/sources_1/new/ProgramCounter.v:]
WARNING: [filemgmt 56-199] Attempt to get parsing info during refresh. "On-the-fly" syntax checking information may be incorrect. [C:/Users/Ryan Madden/Documents/GitHub/CPE233/CPE233 Labs/project_1/project_1.srcs/sources_1/new/clk_divider_nbit.sv:]
WARNING: [filemgmt 56-199] Attempt to get parsing info during refresh. "On-the-fly" syntax checking information may be incorrect. [C:/Users/Ryan Madden/Documents/GitHub/CPE233/CPE233 Labs/project_1/project_1.srcs/sources_1/new/lab1_fibonacci_seq_gen.v:]
WARNING: [filemgmt 56-199] Attempt to get parsing info during refresh. "On-the-fly" syntax checking information may be incorrect. [C:/Users/Ryan Madden/Documents/GitHub/CPE233/CPE233 Labs/project_1/project_1.srcs/sources_1/new/ProgramCounter_Mem.v:]
WARNING: [filemgmt 56-199] Attempt to get parsing info during refresh. "On-the-fly" syntax checking information may be incorrect. [C:/Users/Ryan Madden/Documents/GitHub/CPE233/CPE233 Labs/project_1/project_1.srcs/sources_1/new/ProgramCounter.v:]
WARNING: [filemgmt 56-199] Attempt to get parsing info during refresh. "On-the-fly" syntax checking information may be incorrect. [C:/Users/Ryan Madden/Documents/GitHub/CPE233/CPE233 Labs/project_1/project_1.srcs/sources_1/new/clk_divider_nbit.sv:]
WARNING: [filemgmt 56-199] Attempt to get parsing info during refresh. "On-the-fly" syntax checking information may be incorrect. [C:/Users/Ryan Madden/Documents/GitHub/CPE233/CPE233 Labs/project_1/project_1.srcs/sources_1/new/lab1_fibonacci_seq_gen.v:]
WARNING: [filemgmt 56-199] Attempt to get parsing info during refresh. "On-the-fly" syntax checking information may be incorrect. [C:/Users/Ryan Madden/Documents/GitHub/CPE233/CPE233 Labs/project_1/project_1.srcs/sources_1/new/cntr_up_clr_nb.v:]
WARNING: [filemgmt 56-199] Attempt to get parsing info during refresh. "On-the-fly" syntax checking information may be incorrect. [C:/Users/Ryan Madden/Documents/GitHub/CPE233/CPE233 Labs/project_1/project_1.srcs/sources_1/new/ProgramCounter_Mem.v:]
WARNING: [filemgmt 56-199] Attempt to get parsing info during refresh. "On-the-fly" syntax checking information may be incorrect. [C:/Users/Ryan Madden/Documents/GitHub/CPE233/CPE233 Labs/project_1/project_1.srcs/sources_1/new/ProgramCounter.v:]
WARNING: [filemgmt 56-199] Attempt to get parsing info during refresh. "On-the-fly" syntax checking information may be incorrect. [C:/Users/Ryan Madden/Documents/GitHub/CPE233/CPE233 Labs/project_1/project_1.srcs/sources_1/new/clk_divider_nbit.sv:]
WARNING: [filemgmt 56-199] Attempt to get parsing info during refresh. "On-the-fly" syntax checking information may be incorrect. [C:/Users/Ryan Madden/Documents/GitHub/CPE233/CPE233 Labs/project_1/project_1.srcs/sources_1/new/lab1_fibonacci_seq_gen.v:]
WARNING: [filemgmt 56-199] Attempt to get parsing info during refresh. "On-the-fly" syntax checking information may be incorrect. [C:/Users/Ryan Madden/Documents/GitHub/CPE233/CPE233 Labs/project_1/project_1.srcs/sources_1/new/cntr_up_clr_nb.v:]
WARNING: [filemgmt 56-199] Attempt to get parsing info during refresh. "On-the-fly" syntax checking information may be incorrect. [C:/Users/Ryan Madden/Documents/GitHub/CPE233/CPE233 Labs/project_1/project_1.srcs/sources_1/new/ProgramCounter_Mem.v:]
ERROR: [Common 17-180] Spawn failed: No error
WARNING: [filemgmt 56-199] Attempt to get parsing info during refresh. "On-the-fly" syntax checking information may be incorrect. [C:/Users/Ryan Madden/Documents/GitHub/CPE233/CPE233 Labs/project_1/project_1.srcs/sources_1/new/ProgramCounter.v:]
WARNING: [filemgmt 56-199] Attempt to get parsing info during refresh. "On-the-fly" syntax checking information may be incorrect. [C:/Users/Ryan Madden/Documents/GitHub/CPE233/CPE233 Labs/project_1/project_1.srcs/sources_1/new/clk_divider_nbit.sv:]
WARNING: [filemgmt 56-199] Attempt to get parsing info during refresh. "On-the-fly" syntax checking information may be incorrect. [C:/Users/Ryan Madden/Documents/GitHub/CPE233/CPE233 Labs/project_1/project_1.srcs/sources_1/new/lab1_fibonacci_seq_gen.v:]
WARNING: [filemgmt 56-199] Attempt to get parsing info during refresh. "On-the-fly" syntax checking information may be incorrect. [C:/Users/Ryan Madden/Documents/GitHub/CPE233/CPE233 Labs/project_1/project_1.srcs/sources_1/new/cntr_up_clr_nb.v:]
WARNING: [filemgmt 56-199] Attempt to get parsing info during refresh. "On-the-fly" syntax checking information may be incorrect. [C:/Users/Ryan Madden/Documents/GitHub/CPE233/CPE233 Labs/project_1/project_1.srcs/sources_1/new/ProgramCounter_Mem.v:]
ERROR: [Common 17-180] Spawn failed: No error
WARNING: [filemgmt 56-199] Attempt to get parsing info during refresh. "On-the-fly" syntax checking information may be incorrect. [C:/Users/Ryan Madden/Documents/GitHub/CPE233/CPE233 Labs/project_1/project_1.srcs/sources_1/new/ProgramCounter.v:]
WARNING: [filemgmt 56-199] Attempt to get parsing info during refresh. "On-the-fly" syntax checking information may be incorrect. [C:/Users/Ryan Madden/Documents/GitHub/CPE233/CPE233 Labs/project_1/project_1.srcs/sources_1/new/clk_divider_nbit.sv:]
WARNING: [filemgmt 56-199] Attempt to get parsing info during refresh. "On-the-fly" syntax checking information may be incorrect. [C:/Users/Ryan Madden/Documents/GitHub/CPE233/CPE233 Labs/project_1/project_1.srcs/sources_1/new/lab1_fibonacci_seq_gen.v:]
WARNING: [filemgmt 56-199] Attempt to get parsing info during refresh. "On-the-fly" syntax checking information may be incorrect. [C:/Users/Ryan Madden/Documents/GitHub/CPE233/CPE233 Labs/project_1/project_1.srcs/sources_1/new/cntr_up_clr_nb.v:]
WARNING: [filemgmt 56-199] Attempt to get parsing info during refresh. "On-the-fly" syntax checking information may be incorrect. [C:/Users/Ryan Madden/Documents/GitHub/CPE233/CPE233 Labs/project_1/project_1.srcs/sources_1/new/ProgramCounter_Mem.v:]
WARNING: [filemgmt 56-199] Attempt to get parsing info during refresh. "On-the-fly" syntax checking information may be incorrect. [C:/Users/Ryan Madden/Documents/GitHub/CPE233/CPE233 Labs/project_1/project_1.srcs/sources_1/new/ProgramCounter.v:]
WARNING: [filemgmt 56-199] Attempt to get parsing info during refresh. "On-the-fly" syntax checking information may be incorrect. [C:/Users/Ryan Madden/Documents/GitHub/CPE233/CPE233 Labs/project_1/project_1.srcs/sources_1/new/clk_divider_nbit.sv:]
WARNING: [filemgmt 56-199] Attempt to get parsing info during refresh. "On-the-fly" syntax checking information may be incorrect. [C:/Users/Ryan Madden/Documents/GitHub/CPE233/CPE233 Labs/project_1/project_1.srcs/sources_1/new/lab1_fibonacci_seq_gen.v:]
WARNING: [filemgmt 56-199] Attempt to get parsing info during refresh. "On-the-fly" syntax checking information may be incorrect. [C:/Users/Ryan Madden/Documents/GitHub/CPE233/CPE233 Labs/project_1/project_1.srcs/sources_1/new/cntr_up_clr_nb.v:]
WARNING: [filemgmt 56-199] Attempt to get parsing info during refresh. "On-the-fly" syntax checking information may be incorrect. [C:/Users/Ryan Madden/Documents/GitHub/CPE233/CPE233 Labs/project_1/project_1.srcs/sources_1/new/ProgramCounter_Mem.v:]
WARNING: [filemgmt 56-199] Attempt to get parsing info during refresh. "On-the-fly" syntax checking information may be incorrect. [C:/Users/Ryan Madden/Documents/GitHub/CPE233/CPE233 Labs/project_1/project_1.srcs/sources_1/new/ProgramCounter.v:]
WARNING: [filemgmt 56-199] Attempt to get parsing info during refresh. "On-the-fly" syntax checking information may be incorrect. [C:/Users/Ryan Madden/Documents/GitHub/CPE233/CPE233 Labs/project_1/project_1.srcs/sources_1/new/clk_divider_nbit.sv:]
WARNING: [filemgmt 56-199] Attempt to get parsing info during refresh. "On-the-fly" syntax checking information may be incorrect. [C:/Users/Ryan Madden/Documents/GitHub/CPE233/CPE233 Labs/project_1/project_1.srcs/sources_1/new/lab1_fibonacci_seq_gen.v:]
WARNING: [filemgmt 56-199] Attempt to get parsing info during refresh. "On-the-fly" syntax checking information may be incorrect. [C:/Users/Ryan Madden/Documents/GitHub/CPE233/CPE233 Labs/project_1/project_1.srcs/sources_1/new/cntr_up_clr_nb.v:]
WARNING: [filemgmt 56-199] Attempt to get parsing info during refresh. "On-the-fly" syntax checking information may be incorrect. [C:/Users/Ryan Madden/Documents/GitHub/CPE233/CPE233 Labs/project_1/project_1.srcs/sources_1/new/ProgramCounter_Mem.v:]
ERROR: [Common 17-180] Spawn failed: No error
WARNING: [filemgmt 56-199] Attempt to get parsing info during refresh. "On-the-fly" syntax checking information may be incorrect. [C:/Users/Ryan Madden/Documents/GitHub/CPE233/CPE233 Labs/project_1/project_1.srcs/sources_1/new/ProgramCounter.v:]
WARNING: [filemgmt 56-199] Attempt to get parsing info during refresh. "On-the-fly" syntax checking information may be incorrect. [C:/Users/Ryan Madden/Documents/GitHub/CPE233/CPE233 Labs/project_1/project_1.srcs/sources_1/new/clk_divider_nbit.sv:]
WARNING: [filemgmt 56-199] Attempt to get parsing info during refresh. "On-the-fly" syntax checking information may be incorrect. [C:/Users/Ryan Madden/Documents/GitHub/CPE233/CPE233 Labs/project_1/project_1.srcs/sources_1/new/lab1_fibonacci_seq_gen.v:]
WARNING: [filemgmt 56-199] Attempt to get parsing info during refresh. "On-the-fly" syntax checking information may be incorrect. [C:/Users/Ryan Madden/Documents/GitHub/CPE233/CPE233 Labs/project_1/project_1.srcs/sources_1/new/cntr_up_clr_nb.v:]
WARNING: [filemgmt 56-199] Attempt to get parsing info during refresh. "On-the-fly" syntax checking information may be incorrect. [C:/Users/Ryan Madden/Documents/GitHub/CPE233/CPE233 Labs/project_1/project_1.srcs/sources_1/new/ProgramCounter_Mem.v:]
WARNING: [filemgmt 56-199] Attempt to get parsing info during refresh. "On-the-fly" syntax checking information may be incorrect. [C:/Users/Ryan Madden/Documents/GitHub/CPE233/CPE233 Labs/project_1/project_1.srcs/sources_1/new/ProgramCounter.v:]
WARNING: [filemgmt 56-199] Attempt to get parsing info during refresh. "On-the-fly" syntax checking information may be incorrect. [C:/Users/Ryan Madden/Documents/GitHub/CPE233/CPE233 Labs/project_1/project_1.srcs/sources_1/new/clk_divider_nbit.sv:]
WARNING: [filemgmt 56-199] Attempt to get parsing info during refresh. "On-the-fly" syntax checking information may be incorrect. [C:/Users/Ryan Madden/Documents/GitHub/CPE233/CPE233 Labs/project_1/project_1.srcs/sources_1/new/lab1_fibonacci_seq_gen.v:]
WARNING: [filemgmt 56-199] Attempt to get parsing info during refresh. "On-the-fly" syntax checking information may be incorrect. [C:/Users/Ryan Madden/Documents/GitHub/CPE233/CPE233 Labs/project_1/project_1.srcs/sources_1/new/cntr_up_clr_nb.v:]
WARNING: [filemgmt 56-199] Attempt to get parsing info during refresh. "On-the-fly" syntax checking information may be incorrect. [C:/Users/Ryan Madden/Documents/GitHub/CPE233/CPE233 Labs/project_1/project_1.srcs/sources_1/new/ProgramCounter_Mem.v:]
WARNING: [filemgmt 56-199] Attempt to get parsing info during refresh. "On-the-fly" syntax checking information may be incorrect. [C:/Users/Ryan Madden/Documents/GitHub/CPE233/CPE233 Labs/project_1/project_1.srcs/sources_1/new/ProgramCounter.v:]
WARNING: [filemgmt 56-199] Attempt to get parsing info during refresh. "On-the-fly" syntax checking information may be incorrect. [C:/Users/Ryan Madden/Documents/GitHub/CPE233/CPE233 Labs/project_1/project_1.srcs/sources_1/new/clk_divider_nbit.sv:]
WARNING: [filemgmt 56-199] Attempt to get parsing info during refresh. "On-the-fly" syntax checking information may be incorrect. [C:/Users/Ryan Madden/Documents/GitHub/CPE233/CPE233 Labs/project_1/project_1.srcs/sources_1/new/lab1_fibonacci_seq_gen.v:]
WARNING: [filemgmt 56-199] Attempt to get parsing info during refresh. "On-the-fly" syntax checking information may be incorrect. [C:/Users/Ryan Madden/Documents/GitHub/CPE233/CPE233 Labs/project_1/project_1.srcs/sources_1/new/cntr_up_clr_nb.v:]
WARNING: [filemgmt 56-199] Attempt to get parsing info during refresh. "On-the-fly" syntax checking information may be incorrect. [C:/Users/Ryan Madden/Documents/GitHub/CPE233/CPE233 Labs/project_1/project_1.srcs/sources_1/new/ProgramCounter_Mem.v:]
ERROR: [Common 17-180] Spawn failed: No error
WARNING: [filemgmt 56-199] Attempt to get parsing info during refresh. "On-the-fly" syntax checking information may be incorrect. [C:/Users/Ryan Madden/Documents/GitHub/CPE233/CPE233 Labs/project_1/project_1.srcs/sources_1/new/ProgramCounter.v:]
WARNING: [filemgmt 56-199] Attempt to get parsing info during refresh. "On-the-fly" syntax checking information may be incorrect. [C:/Users/Ryan Madden/Documents/GitHub/CPE233/CPE233 Labs/project_1/project_1.srcs/sources_1/new/clk_divider_nbit.sv:]
WARNING: [filemgmt 56-199] Attempt to get parsing info during refresh. "On-the-fly" syntax checking information may be incorrect. [C:/Users/Ryan Madden/Documents/GitHub/CPE233/CPE233 Labs/project_1/project_1.srcs/sources_1/new/lab1_fibonacci_seq_gen.v:]
WARNING: [filemgmt 56-199] Attempt to get parsing info during refresh. "On-the-fly" syntax checking information may be incorrect. [C:/Users/Ryan Madden/Documents/GitHub/CPE233/CPE233 Labs/project_1/project_1.srcs/sources_1/new/cntr_up_clr_nb.v:]
WARNING: [filemgmt 56-199] Attempt to get parsing info during refresh. "On-the-fly" syntax checking information may be incorrect. [C:/Users/Ryan Madden/Documents/GitHub/CPE233/CPE233 Labs/project_1/project_1.srcs/sources_1/new/ProgramCounter_Mem.v:]
ERROR: [Common 17-180] Spawn failed: No error
WARNING: [filemgmt 56-199] Attempt to get parsing info during refresh. "On-the-fly" syntax checking information may be incorrect. [C:/Users/Ryan Madden/Documents/GitHub/CPE233/CPE233 Labs/project_1/project_1.srcs/sources_1/new/ProgramCounter.v:]
WARNING: [filemgmt 56-199] Attempt to get parsing info during refresh. "On-the-fly" syntax checking information may be incorrect. [C:/Users/Ryan Madden/Documents/GitHub/CPE233/CPE233 Labs/project_1/project_1.srcs/sources_1/new/clk_divider_nbit.sv:]
WARNING: [filemgmt 56-199] Attempt to get parsing info during refresh. "On-the-fly" syntax checking information may be incorrect. [C:/Users/Ryan Madden/Documents/GitHub/CPE233/CPE233 Labs/project_1/project_1.srcs/sources_1/new/lab1_fibonacci_seq_gen.v:]
WARNING: [filemgmt 56-199] Attempt to get parsing info during refresh. "On-the-fly" syntax checking information may be incorrect. [C:/Users/Ryan Madden/Documents/GitHub/CPE233/CPE233 Labs/project_1/project_1.srcs/sources_1/new/cntr_up_clr_nb.v:]
WARNING: [filemgmt 56-199] Attempt to get parsing info during refresh. "On-the-fly" syntax checking information may be incorrect. [C:/Users/Ryan Madden/Documents/GitHub/CPE233/CPE233 Labs/project_1/project_1.srcs/sources_1/new/ProgramCounter_Mem.v:]
ERROR: [Common 17-180] Spawn failed: No error
WARNING: [filemgmt 56-199] Attempt to get parsing info during refresh. "On-the-fly" syntax checking information may be incorrect. [C:/Users/Ryan Madden/Documents/GitHub/CPE233/CPE233 Labs/project_1/project_1.srcs/sources_1/new/ProgramCounter.v:]
WARNING: [filemgmt 56-199] Attempt to get parsing info during refresh. "On-the-fly" syntax checking information may be incorrect. [C:/Users/Ryan Madden/Documents/GitHub/CPE233/CPE233 Labs/project_1/project_1.srcs/sources_1/new/clk_divider_nbit.sv:]
WARNING: [filemgmt 56-199] Attempt to get parsing info during refresh. "On-the-fly" syntax checking information may be incorrect. [C:/Users/Ryan Madden/Documents/GitHub/CPE233/CPE233 Labs/project_1/project_1.srcs/sources_1/new/lab1_fibonacci_seq_gen.v:]
WARNING: [filemgmt 56-199] Attempt to get parsing info during refresh. "On-the-fly" syntax checking information may be incorrect. [C:/Users/Ryan Madden/Documents/GitHub/CPE233/CPE233 Labs/project_1/project_1.srcs/sources_1/new/cntr_up_clr_nb.v:]
WARNING: [filemgmt 56-199] Attempt to get parsing info during refresh. "On-the-fly" syntax checking information may be incorrect. [C:/Users/Ryan Madden/Documents/GitHub/CPE233/CPE233 Labs/project_1/project_1.srcs/sources_1/new/ProgramCounter_Mem.v:]
ERROR: [Common 17-180] Spawn failed: No error
WARNING: [filemgmt 56-199] Attempt to get parsing info during refresh. "On-the-fly" syntax checking information may be incorrect. [C:/Users/Ryan Madden/Documents/GitHub/CPE233/CPE233 Labs/project_1/project_1.srcs/sources_1/new/ProgramCounter.v:]
WARNING: [filemgmt 56-199] Attempt to get parsing info during refresh. "On-the-fly" syntax checking information may be incorrect. [C:/Users/Ryan Madden/Documents/GitHub/CPE233/CPE233 Labs/project_1/project_1.srcs/sources_1/new/clk_divider_nbit.sv:]
WARNING: [filemgmt 56-199] Attempt to get parsing info during refresh. "On-the-fly" syntax checking information may be incorrect. [C:/Users/Ryan Madden/Documents/GitHub/CPE233/CPE233 Labs/project_1/project_1.srcs/sources_1/new/lab1_fibonacci_seq_gen.v:]
WARNING: [filemgmt 56-199] Attempt to get parsing info during refresh. "On-the-fly" syntax checking information may be incorrect. [C:/Users/Ryan Madden/Documents/GitHub/CPE233/CPE233 Labs/project_1/project_1.srcs/sources_1/new/cntr_up_clr_nb.v:]
INFO: [Common 17-14] Message 'filemgmt 56-199' appears 100 times and further instances of the messages will be disabled. Use the Tcl command set_msg_config to change the current settings.
ERROR: [Common 17-180] Spawn failed: No error
ERROR: [Common 17-180] Spawn failed: No error
ERROR: [Common 17-180] Spawn failed: No error
ERROR: [Common 17-180] Spawn failed: No error
ERROR: [Common 17-180] Spawn failed: No error
ERROR: [Common 17-180] Spawn failed: No error
ERROR: [Common 17-180] Spawn failed: No error
ERROR: [Common 17-180] Spawn failed: No error
ERROR: [Common 17-180] Spawn failed: No error
ERROR: [Common 17-180] Spawn failed: No error
ERROR: [Common 17-180] Spawn failed: No error
ERROR: [Common 17-180] Spawn failed: No error
ERROR: [Common 17-180] Spawn failed: No error
close [ open {C:/Users/Ryan Madden/Documents/GitHub/CPE233/CPE233 Labs/project_1/project_1.srcs/sources_1/new/mux_4t1_nb.v} w ]
add_files {{C:/Users/Ryan Madden/Documents/GitHub/CPE233/CPE233 Labs/project_1/project_1.srcs/sources_1/new/mux_4t1_nb.v}}
update_compile_order -fileset sources_1
WARNING: [filemgmt 56-199] Attempt to get parsing info during refresh. "On-the-fly" syntax checking information may be incorrect. [C:/Users/Ryan Madden/Documents/GitHub/CPE233/CPE233 Labs/project_1/project_1.srcs/sources_1/new/ProgramCounter.v:]
WARNING: [filemgmt 56-199] Attempt to get parsing info during refresh. "On-the-fly" syntax checking information may be incorrect. [C:/Users/Ryan Madden/Documents/GitHub/CPE233/CPE233 Labs/project_1/project_1.srcs/sources_1/new/clk_divider_nbit.sv:]
WARNING: [filemgmt 56-199] Attempt to get parsing info during refresh. "On-the-fly" syntax checking information may be incorrect. [C:/Users/Ryan Madden/Documents/GitHub/CPE233/CPE233 Labs/project_1/project_1.srcs/sources_1/new/lab1_fibonacci_seq_gen.v:]
WARNING: [filemgmt 56-199] Attempt to get parsing info during refresh. "On-the-fly" syntax checking information may be incorrect. [C:/Users/Ryan Madden/Documents/GitHub/CPE233/CPE233 Labs/project_1/project_1.srcs/sources_1/new/cntr_up_clr_nb.v:]
WARNING: [filemgmt 56-199] Attempt to get parsing info during refresh. "On-the-fly" syntax checking information may be incorrect. [C:/Users/Ryan Madden/Documents/GitHub/CPE233/CPE233 Labs/project_1/project_1.srcs/sources_1/new/mux_4t1_nb.v:]
WARNING: [filemgmt 56-199] Attempt to get parsing info during refresh. "On-the-fly" syntax checking information may be incorrect. [C:/Users/Ryan Madden/Documents/GitHub/CPE233/CPE233 Labs/project_1/project_1.srcs/sources_1/new/ProgramCounter_Mem.v:]
ERROR: [Common 17-180] Spawn failed: No error
WARNING: [filemgmt 56-199] Attempt to get parsing info during refresh. "On-the-fly" syntax checking information may be incorrect. [C:/Users/Ryan Madden/Documents/GitHub/CPE233/CPE233 Labs/project_1/project_1.srcs/sources_1/new/ProgramCounter.v:]
WARNING: [filemgmt 56-199] Attempt to get parsing info during refresh. "On-the-fly" syntax checking information may be incorrect. [C:/Users/Ryan Madden/Documents/GitHub/CPE233/CPE233 Labs/project_1/project_1.srcs/sources_1/new/clk_divider_nbit.sv:]
WARNING: [filemgmt 56-199] Attempt to get parsing info during refresh. "On-the-fly" syntax checking information may be incorrect. [C:/Users/Ryan Madden/Documents/GitHub/CPE233/CPE233 Labs/project_1/project_1.srcs/sources_1/new/lab1_fibonacci_seq_gen.v:]
WARNING: [filemgmt 56-199] Attempt to get parsing info during refresh. "On-the-fly" syntax checking information may be incorrect. [C:/Users/Ryan Madden/Documents/GitHub/CPE233/CPE233 Labs/project_1/project_1.srcs/sources_1/new/cntr_up_clr_nb.v:]
WARNING: [filemgmt 56-199] Attempt to get parsing info during refresh. "On-the-fly" syntax checking information may be incorrect. [C:/Users/Ryan Madden/Documents/GitHub/CPE233/CPE233 Labs/project_1/project_1.srcs/sources_1/new/mux_4t1_nb.v:]
WARNING: [filemgmt 56-199] Attempt to get parsing info during refresh. "On-the-fly" syntax checking information may be incorrect. [C:/Users/Ryan Madden/Documents/GitHub/CPE233/CPE233 Labs/project_1/project_1.srcs/sources_1/new/ProgramCounter_Mem.v:]
WARNING: [filemgmt 56-199] Attempt to get parsing info during refresh. "On-the-fly" syntax checking information may be incorrect. [C:/Users/Ryan Madden/Documents/GitHub/CPE233/CPE233 Labs/project_1/project_1.srcs/sources_1/new/ProgramCounter.v:]
WARNING: [filemgmt 56-199] Attempt to get parsing info during refresh. "On-the-fly" syntax checking information may be incorrect. [C:/Users/Ryan Madden/Documents/GitHub/CPE233/CPE233 Labs/project_1/project_1.srcs/sources_1/new/clk_divider_nbit.sv:]
WARNING: [filemgmt 56-199] Attempt to get parsing info during refresh. "On-the-fly" syntax checking information may be incorrect. [C:/Users/Ryan Madden/Documents/GitHub/CPE233/CPE233 Labs/project_1/project_1.srcs/sources_1/new/lab1_fibonacci_seq_gen.v:]
WARNING: [filemgmt 56-199] Attempt to get parsing info during refresh. "On-the-fly" syntax checking information may be incorrect. [C:/Users/Ryan Madden/Documents/GitHub/CPE233/CPE233 Labs/project_1/project_1.srcs/sources_1/new/cntr_up_clr_nb.v:]
WARNING: [filemgmt 56-199] Attempt to get parsing info during refresh. "On-the-fly" syntax checking information may be incorrect. [C:/Users/Ryan Madden/Documents/GitHub/CPE233/CPE233 Labs/project_1/project_1.srcs/sources_1/new/mux_4t1_nb.v:]
WARNING: [filemgmt 56-199] Attempt to get parsing info during refresh. "On-the-fly" syntax checking information may be incorrect. [C:/Users/Ryan Madden/Documents/GitHub/CPE233/CPE233 Labs/project_1/project_1.srcs/sources_1/new/ProgramCounter_Mem.v:]
WARNING: [filemgmt 56-199] Attempt to get parsing info during refresh. "On-the-fly" syntax checking information may be incorrect. [C:/Users/Ryan Madden/Documents/GitHub/CPE233/CPE233 Labs/project_1/project_1.srcs/sources_1/new/ProgramCounter.v:]
WARNING: [filemgmt 56-199] Attempt to get parsing info during refresh. "On-the-fly" syntax checking information may be incorrect. [C:/Users/Ryan Madden/Documents/GitHub/CPE233/CPE233 Labs/project_1/project_1.srcs/sources_1/new/clk_divider_nbit.sv:]
WARNING: [filemgmt 56-199] Attempt to get parsing info during refresh. "On-the-fly" syntax checking information may be incorrect. [C:/Users/Ryan Madden/Documents/GitHub/CPE233/CPE233 Labs/project_1/project_1.srcs/sources_1/new/lab1_fibonacci_seq_gen.v:]
WARNING: [filemgmt 56-199] Attempt to get parsing info during refresh. "On-the-fly" syntax checking information may be incorrect. [C:/Users/Ryan Madden/Documents/GitHub/CPE233/CPE233 Labs/project_1/project_1.srcs/sources_1/new/cntr_up_clr_nb.v:]
WARNING: [filemgmt 56-199] Attempt to get parsing info during refresh. "On-the-fly" syntax checking information may be incorrect. [C:/Users/Ryan Madden/Documents/GitHub/CPE233/CPE233 Labs/project_1/project_1.srcs/sources_1/new/mux_4t1_nb.v:]
WARNING: [filemgmt 56-199] Attempt to get parsing info during refresh. "On-the-fly" syntax checking information may be incorrect. [C:/Users/Ryan Madden/Documents/GitHub/CPE233/CPE233 Labs/project_1/project_1.srcs/sources_1/new/ProgramCounter_Mem.v:]
WARNING: [filemgmt 56-199] Attempt to get parsing info during refresh. "On-the-fly" syntax checking information may be incorrect. [C:/Users/Ryan Madden/Documents/GitHub/CPE233/CPE233 Labs/project_1/project_1.srcs/sources_1/new/ProgramCounter.v:]
WARNING: [filemgmt 56-199] Attempt to get parsing info during refresh. "On-the-fly" syntax checking information may be incorrect. [C:/Users/Ryan Madden/Documents/GitHub/CPE233/CPE233 Labs/project_1/project_1.srcs/sources_1/new/clk_divider_nbit.sv:]
WARNING: [filemgmt 56-199] Attempt to get parsing info during refresh. "On-the-fly" syntax checking information may be incorrect. [C:/Users/Ryan Madden/Documents/GitHub/CPE233/CPE233 Labs/project_1/project_1.srcs/sources_1/new/lab1_fibonacci_seq_gen.v:]
WARNING: [filemgmt 56-199] Attempt to get parsing info during refresh. "On-the-fly" syntax checking information may be incorrect. [C:/Users/Ryan Madden/Documents/GitHub/CPE233/CPE233 Labs/project_1/project_1.srcs/sources_1/new/cntr_up_clr_nb.v:]
WARNING: [filemgmt 56-199] Attempt to get parsing info during refresh. "On-the-fly" syntax checking information may be incorrect. [C:/Users/Ryan Madden/Documents/GitHub/CPE233/CPE233 Labs/project_1/project_1.srcs/sources_1/new/mux_4t1_nb.v:]
WARNING: [filemgmt 56-199] Attempt to get parsing info during refresh. "On-the-fly" syntax checking information may be incorrect. [C:/Users/Ryan Madden/Documents/GitHub/CPE233/CPE233 Labs/project_1/project_1.srcs/sources_1/new/ProgramCounter_Mem.v:]
WARNING: [filemgmt 56-199] Attempt to get parsing info during refresh. "On-the-fly" syntax checking information may be incorrect. [C:/Users/Ryan Madden/Documents/GitHub/CPE233/CPE233 Labs/project_1/project_1.srcs/sources_1/new/ProgramCounter.v:]
WARNING: [filemgmt 56-199] Attempt to get parsing info during refresh. "On-the-fly" syntax checking information may be incorrect. [C:/Users/Ryan Madden/Documents/GitHub/CPE233/CPE233 Labs/project_1/project_1.srcs/sources_1/new/clk_divider_nbit.sv:]
WARNING: [filemgmt 56-199] Attempt to get parsing info during refresh. "On-the-fly" syntax checking information may be incorrect. [C:/Users/Ryan Madden/Documents/GitHub/CPE233/CPE233 Labs/project_1/project_1.srcs/sources_1/new/lab1_fibonacci_seq_gen.v:]
WARNING: [filemgmt 56-199] Attempt to get parsing info during refresh. "On-the-fly" syntax checking information may be incorrect. [C:/Users/Ryan Madden/Documents/GitHub/CPE233/CPE233 Labs/project_1/project_1.srcs/sources_1/new/cntr_up_clr_nb.v:]
WARNING: [filemgmt 56-199] Attempt to get parsing info during refresh. "On-the-fly" syntax checking information may be incorrect. [C:/Users/Ryan Madden/Documents/GitHub/CPE233/CPE233 Labs/project_1/project_1.srcs/sources_1/new/mux_4t1_nb.v:]
WARNING: [filemgmt 56-199] Attempt to get parsing info during refresh. "On-the-fly" syntax checking information may be incorrect. [C:/Users/Ryan Madden/Documents/GitHub/CPE233/CPE233 Labs/project_1/project_1.srcs/sources_1/new/ProgramCounter_Mem.v:]
WARNING: [filemgmt 56-199] Attempt to get parsing info during refresh. "On-the-fly" syntax checking information may be incorrect. [C:/Users/Ryan Madden/Documents/GitHub/CPE233/CPE233 Labs/project_1/project_1.srcs/sources_1/new/ProgramCounter.v:]
WARNING: [filemgmt 56-199] Attempt to get parsing info during refresh. "On-the-fly" syntax checking information may be incorrect. [C:/Users/Ryan Madden/Documents/GitHub/CPE233/CPE233 Labs/project_1/project_1.srcs/sources_1/new/clk_divider_nbit.sv:]
WARNING: [filemgmt 56-199] Attempt to get parsing info during refresh. "On-the-fly" syntax checking information may be incorrect. [C:/Users/Ryan Madden/Documents/GitHub/CPE233/CPE233 Labs/project_1/project_1.srcs/sources_1/new/lab1_fibonacci_seq_gen.v:]
WARNING: [filemgmt 56-199] Attempt to get parsing info during refresh. "On-the-fly" syntax checking information may be incorrect. [C:/Users/Ryan Madden/Documents/GitHub/CPE233/CPE233 Labs/project_1/project_1.srcs/sources_1/new/cntr_up_clr_nb.v:]
WARNING: [filemgmt 56-199] Attempt to get parsing info during refresh. "On-the-fly" syntax checking information may be incorrect. [C:/Users/Ryan Madden/Documents/GitHub/CPE233/CPE233 Labs/project_1/project_1.srcs/sources_1/new/mux_4t1_nb.v:]
WARNING: [filemgmt 56-199] Attempt to get parsing info during refresh. "On-the-fly" syntax checking information may be incorrect. [C:/Users/Ryan Madden/Documents/GitHub/CPE233/CPE233 Labs/project_1/project_1.srcs/sources_1/new/ProgramCounter_Mem.v:]
WARNING: [filemgmt 56-199] Attempt to get parsing info during refresh. "On-the-fly" syntax checking information may be incorrect. [C:/Users/Ryan Madden/Documents/GitHub/CPE233/CPE233 Labs/project_1/project_1.srcs/sources_1/new/ProgramCounter.v:]
WARNING: [filemgmt 56-199] Attempt to get parsing info during refresh. "On-the-fly" syntax checking information may be incorrect. [C:/Users/Ryan Madden/Documents/GitHub/CPE233/CPE233 Labs/project_1/project_1.srcs/sources_1/new/clk_divider_nbit.sv:]
WARNING: [filemgmt 56-199] Attempt to get parsing info during refresh. "On-the-fly" syntax checking information may be incorrect. [C:/Users/Ryan Madden/Documents/GitHub/CPE233/CPE233 Labs/project_1/project_1.srcs/sources_1/new/lab1_fibonacci_seq_gen.v:]
WARNING: [filemgmt 56-199] Attempt to get parsing info during refresh. "On-the-fly" syntax checking information may be incorrect. [C:/Users/Ryan Madden/Documents/GitHub/CPE233/CPE233 Labs/project_1/project_1.srcs/sources_1/new/cntr_up_clr_nb.v:]
WARNING: [filemgmt 56-199] Attempt to get parsing info during refresh. "On-the-fly" syntax checking information may be incorrect. [C:/Users/Ryan Madden/Documents/GitHub/CPE233/CPE233 Labs/project_1/project_1.srcs/sources_1/new/mux_4t1_nb.v:]
WARNING: [filemgmt 56-199] Attempt to get parsing info during refresh. "On-the-fly" syntax checking information may be incorrect. [C:/Users/Ryan Madden/Documents/GitHub/CPE233/CPE233 Labs/project_1/project_1.srcs/sources_1/new/ProgramCounter_Mem.v:]
ERROR: [Common 17-180] Spawn failed: No error
WARNING: [filemgmt 56-199] Attempt to get parsing info during refresh. "On-the-fly" syntax checking information may be incorrect. [C:/Users/Ryan Madden/Documents/GitHub/CPE233/CPE233 Labs/project_1/project_1.srcs/sources_1/new/ProgramCounter.v:]
WARNING: [filemgmt 56-199] Attempt to get parsing info during refresh. "On-the-fly" syntax checking information may be incorrect. [C:/Users/Ryan Madden/Documents/GitHub/CPE233/CPE233 Labs/project_1/project_1.srcs/sources_1/new/clk_divider_nbit.sv:]
WARNING: [filemgmt 56-199] Attempt to get parsing info during refresh. "On-the-fly" syntax checking information may be incorrect. [C:/Users/Ryan Madden/Documents/GitHub/CPE233/CPE233 Labs/project_1/project_1.srcs/sources_1/new/lab1_fibonacci_seq_gen.v:]
WARNING: [filemgmt 56-199] Attempt to get parsing info during refresh. "On-the-fly" syntax checking information may be incorrect. [C:/Users/Ryan Madden/Documents/GitHub/CPE233/CPE233 Labs/project_1/project_1.srcs/sources_1/new/cntr_up_clr_nb.v:]
WARNING: [filemgmt 56-199] Attempt to get parsing info during refresh. "On-the-fly" syntax checking information may be incorrect. [C:/Users/Ryan Madden/Documents/GitHub/CPE233/CPE233 Labs/project_1/project_1.srcs/sources_1/new/mux_4t1_nb.v:]
WARNING: [filemgmt 56-199] Attempt to get parsing info during refresh. "On-the-fly" syntax checking information may be incorrect. [C:/Users/Ryan Madden/Documents/GitHub/CPE233/CPE233 Labs/project_1/project_1.srcs/sources_1/new/ProgramCounter_Mem.v:]
ERROR: [Common 17-180] Spawn failed: No error
WARNING: [filemgmt 56-199] Attempt to get parsing info during refresh. "On-the-fly" syntax checking information may be incorrect. [C:/Users/Ryan Madden/Documents/GitHub/CPE233/CPE233 Labs/project_1/project_1.srcs/sources_1/new/ProgramCounter.v:]
WARNING: [filemgmt 56-199] Attempt to get parsing info during refresh. "On-the-fly" syntax checking information may be incorrect. [C:/Users/Ryan Madden/Documents/GitHub/CPE233/CPE233 Labs/project_1/project_1.srcs/sources_1/new/clk_divider_nbit.sv:]
WARNING: [filemgmt 56-199] Attempt to get parsing info during refresh. "On-the-fly" syntax checking information may be incorrect. [C:/Users/Ryan Madden/Documents/GitHub/CPE233/CPE233 Labs/project_1/project_1.srcs/sources_1/new/lab1_fibonacci_seq_gen.v:]
WARNING: [filemgmt 56-199] Attempt to get parsing info during refresh. "On-the-fly" syntax checking information may be incorrect. [C:/Users/Ryan Madden/Documents/GitHub/CPE233/CPE233 Labs/project_1/project_1.srcs/sources_1/new/cntr_up_clr_nb.v:]
WARNING: [filemgmt 56-199] Attempt to get parsing info during refresh. "On-the-fly" syntax checking information may be incorrect. [C:/Users/Ryan Madden/Documents/GitHub/CPE233/CPE233 Labs/project_1/project_1.srcs/sources_1/new/mux_4t1_nb.v:]
WARNING: [filemgmt 56-199] Attempt to get parsing info during refresh. "On-the-fly" syntax checking information may be incorrect. [C:/Users/Ryan Madden/Documents/GitHub/CPE233/CPE233 Labs/project_1/project_1.srcs/sources_1/new/ProgramCounter_Mem.v:]
ERROR: [Common 17-180] Spawn failed: No error
WARNING: [filemgmt 56-199] Attempt to get parsing info during refresh. "On-the-fly" syntax checking information may be incorrect. [C:/Users/Ryan Madden/Documents/GitHub/CPE233/CPE233 Labs/project_1/project_1.srcs/sources_1/new/ProgramCounter.v:]
WARNING: [filemgmt 56-199] Attempt to get parsing info during refresh. "On-the-fly" syntax checking information may be incorrect. [C:/Users/Ryan Madden/Documents/GitHub/CPE233/CPE233 Labs/project_1/project_1.srcs/sources_1/new/clk_divider_nbit.sv:]
WARNING: [filemgmt 56-199] Attempt to get parsing info during refresh. "On-the-fly" syntax checking information may be incorrect. [C:/Users/Ryan Madden/Documents/GitHub/CPE233/CPE233 Labs/project_1/project_1.srcs/sources_1/new/lab1_fibonacci_seq_gen.v:]
WARNING: [filemgmt 56-199] Attempt to get parsing info during refresh. "On-the-fly" syntax checking information may be incorrect. [C:/Users/Ryan Madden/Documents/GitHub/CPE233/CPE233 Labs/project_1/project_1.srcs/sources_1/new/cntr_up_clr_nb.v:]
WARNING: [filemgmt 56-199] Attempt to get parsing info during refresh. "On-the-fly" syntax checking information may be incorrect. [C:/Users/Ryan Madden/Documents/GitHub/CPE233/CPE233 Labs/project_1/project_1.srcs/sources_1/new/mux_4t1_nb.v:]
WARNING: [filemgmt 56-199] Attempt to get parsing info during refresh. "On-the-fly" syntax checking information may be incorrect. [C:/Users/Ryan Madden/Documents/GitHub/CPE233/CPE233 Labs/project_1/project_1.srcs/sources_1/new/ProgramCounter_Mem.v:]
WARNING: [filemgmt 56-199] Attempt to get parsing info during refresh. "On-the-fly" syntax checking information may be incorrect. [C:/Users/Ryan Madden/Documents/GitHub/CPE233/CPE233 Labs/project_1/project_1.srcs/sources_1/new/ProgramCounter.v:]
WARNING: [filemgmt 56-199] Attempt to get parsing info during refresh. "On-the-fly" syntax checking information may be incorrect. [C:/Users/Ryan Madden/Documents/GitHub/CPE233/CPE233 Labs/project_1/project_1.srcs/sources_1/new/clk_divider_nbit.sv:]
WARNING: [filemgmt 56-199] Attempt to get parsing info during refresh. "On-the-fly" syntax checking information may be incorrect. [C:/Users/Ryan Madden/Documents/GitHub/CPE233/CPE233 Labs/project_1/project_1.srcs/sources_1/new/lab1_fibonacci_seq_gen.v:]
WARNING: [filemgmt 56-199] Attempt to get parsing info during refresh. "On-the-fly" syntax checking information may be incorrect. [C:/Users/Ryan Madden/Documents/GitHub/CPE233/CPE233 Labs/project_1/project_1.srcs/sources_1/new/cntr_up_clr_nb.v:]
WARNING: [filemgmt 56-199] Attempt to get parsing info during refresh. "On-the-fly" syntax checking information may be incorrect. [C:/Users/Ryan Madden/Documents/GitHub/CPE233/CPE233 Labs/project_1/project_1.srcs/sources_1/new/mux_4t1_nb.v:]
WARNING: [filemgmt 56-199] Attempt to get parsing info during refresh. "On-the-fly" syntax checking information may be incorrect. [C:/Users/Ryan Madden/Documents/GitHub/CPE233/CPE233 Labs/project_1/project_1.srcs/sources_1/new/ProgramCounter_Mem.v:]
WARNING: [filemgmt 56-199] Attempt to get parsing info during refresh. "On-the-fly" syntax checking information may be incorrect. [C:/Users/Ryan Madden/Documents/GitHub/CPE233/CPE233 Labs/project_1/project_1.srcs/sources_1/new/ProgramCounter.v:]
WARNING: [filemgmt 56-199] Attempt to get parsing info during refresh. "On-the-fly" syntax checking information may be incorrect. [C:/Users/Ryan Madden/Documents/GitHub/CPE233/CPE233 Labs/project_1/project_1.srcs/sources_1/new/clk_divider_nbit.sv:]
WARNING: [filemgmt 56-199] Attempt to get parsing info during refresh. "On-the-fly" syntax checking information may be incorrect. [C:/Users/Ryan Madden/Documents/GitHub/CPE233/CPE233 Labs/project_1/project_1.srcs/sources_1/new/lab1_fibonacci_seq_gen.v:]
WARNING: [filemgmt 56-199] Attempt to get parsing info during refresh. "On-the-fly" syntax checking information may be incorrect. [C:/Users/Ryan Madden/Documents/GitHub/CPE233/CPE233 Labs/project_1/project_1.srcs/sources_1/new/cntr_up_clr_nb.v:]
WARNING: [filemgmt 56-199] Attempt to get parsing info during refresh. "On-the-fly" syntax checking information may be incorrect. [C:/Users/Ryan Madden/Documents/GitHub/CPE233/CPE233 Labs/project_1/project_1.srcs/sources_1/new/mux_4t1_nb.v:]
WARNING: [filemgmt 56-199] Attempt to get parsing info during refresh. "On-the-fly" syntax checking information may be incorrect. [C:/Users/Ryan Madden/Documents/GitHub/CPE233/CPE233 Labs/project_1/project_1.srcs/sources_1/new/ProgramCounter_Mem.v:]
WARNING: [filemgmt 56-199] Attempt to get parsing info during refresh. "On-the-fly" syntax checking information may be incorrect. [C:/Users/Ryan Madden/Documents/GitHub/CPE233/CPE233 Labs/project_1/project_1.srcs/sources_1/new/ProgramCounter.v:]
WARNING: [filemgmt 56-199] Attempt to get parsing info during refresh. "On-the-fly" syntax checking information may be incorrect. [C:/Users/Ryan Madden/Documents/GitHub/CPE233/CPE233 Labs/project_1/project_1.srcs/sources_1/new/clk_divider_nbit.sv:]
WARNING: [filemgmt 56-199] Attempt to get parsing info during refresh. "On-the-fly" syntax checking information may be incorrect. [C:/Users/Ryan Madden/Documents/GitHub/CPE233/CPE233 Labs/project_1/project_1.srcs/sources_1/new/lab1_fibonacci_seq_gen.v:]
WARNING: [filemgmt 56-199] Attempt to get parsing info during refresh. "On-the-fly" syntax checking information may be incorrect. [C:/Users/Ryan Madden/Documents/GitHub/CPE233/CPE233 Labs/project_1/project_1.srcs/sources_1/new/cntr_up_clr_nb.v:]
WARNING: [filemgmt 56-199] Attempt to get parsing info during refresh. "On-the-fly" syntax checking information may be incorrect. [C:/Users/Ryan Madden/Documents/GitHub/CPE233/CPE233 Labs/project_1/project_1.srcs/sources_1/new/mux_4t1_nb.v:]
WARNING: [filemgmt 56-199] Attempt to get parsing info during refresh. "On-the-fly" syntax checking information may be incorrect. [C:/Users/Ryan Madden/Documents/GitHub/CPE233/CPE233 Labs/project_1/project_1.srcs/sources_1/new/ProgramCounter_Mem.v:]
WARNING: [filemgmt 56-199] Attempt to get parsing info during refresh. "On-the-fly" syntax checking information may be incorrect. [C:/Users/Ryan Madden/Documents/GitHub/CPE233/CPE233 Labs/project_1/project_1.srcs/sources_1/new/ProgramCounter.v:]
WARNING: [filemgmt 56-199] Attempt to get parsing info during refresh. "On-the-fly" syntax checking information may be incorrect. [C:/Users/Ryan Madden/Documents/GitHub/CPE233/CPE233 Labs/project_1/project_1.srcs/sources_1/new/clk_divider_nbit.sv:]
WARNING: [filemgmt 56-199] Attempt to get parsing info during refresh. "On-the-fly" syntax checking information may be incorrect. [C:/Users/Ryan Madden/Documents/GitHub/CPE233/CPE233 Labs/project_1/project_1.srcs/sources_1/new/lab1_fibonacci_seq_gen.v:]
WARNING: [filemgmt 56-199] Attempt to get parsing info during refresh. "On-the-fly" syntax checking information may be incorrect. [C:/Users/Ryan Madden/Documents/GitHub/CPE233/CPE233 Labs/project_1/project_1.srcs/sources_1/new/cntr_up_clr_nb.v:]
WARNING: [filemgmt 56-199] Attempt to get parsing info during refresh. "On-the-fly" syntax checking information may be incorrect. [C:/Users/Ryan Madden/Documents/GitHub/CPE233/CPE233 Labs/project_1/project_1.srcs/sources_1/new/mux_4t1_nb.v:]
WARNING: [filemgmt 56-199] Attempt to get parsing info during refresh. "On-the-fly" syntax checking information may be incorrect. [C:/Users/Ryan Madden/Documents/GitHub/CPE233/CPE233 Labs/project_1/project_1.srcs/sources_1/new/ProgramCounter_Mem.v:]
WARNING: [filemgmt 56-199] Attempt to get parsing info during refresh. "On-the-fly" syntax checking information may be incorrect. [C:/Users/Ryan Madden/Documents/GitHub/CPE233/CPE233 Labs/project_1/project_1.srcs/sources_1/new/ProgramCounter.v:]
WARNING: [filemgmt 56-199] Attempt to get parsing info during refresh. "On-the-fly" syntax checking information may be incorrect. [C:/Users/Ryan Madden/Documents/GitHub/CPE233/CPE233 Labs/project_1/project_1.srcs/sources_1/new/clk_divider_nbit.sv:]
WARNING: [filemgmt 56-199] Attempt to get parsing info during refresh. "On-the-fly" syntax checking information may be incorrect. [C:/Users/Ryan Madden/Documents/GitHub/CPE233/CPE233 Labs/project_1/project_1.srcs/sources_1/new/lab1_fibonacci_seq_gen.v:]
WARNING: [filemgmt 56-199] Attempt to get parsing info during refresh. "On-the-fly" syntax checking information may be incorrect. [C:/Users/Ryan Madden/Documents/GitHub/CPE233/CPE233 Labs/project_1/project_1.srcs/sources_1/new/cntr_up_clr_nb.v:]
WARNING: [filemgmt 56-199] Attempt to get parsing info during refresh. "On-the-fly" syntax checking information may be incorrect. [C:/Users/Ryan Madden/Documents/GitHub/CPE233/CPE233 Labs/project_1/project_1.srcs/sources_1/new/mux_4t1_nb.v:]
WARNING: [filemgmt 56-199] Attempt to get parsing info during refresh. "On-the-fly" syntax checking information may be incorrect. [C:/Users/Ryan Madden/Documents/GitHub/CPE233/CPE233 Labs/project_1/project_1.srcs/sources_1/new/ProgramCounter_Mem.v:]
WARNING: [filemgmt 56-199] Attempt to get parsing info during refresh. "On-the-fly" syntax checking information may be incorrect. [C:/Users/Ryan Madden/Documents/GitHub/CPE233/CPE233 Labs/project_1/project_1.srcs/sources_1/new/ProgramCounter.v:]
WARNING: [filemgmt 56-199] Attempt to get parsing info during refresh. "On-the-fly" syntax checking information may be incorrect. [C:/Users/Ryan Madden/Documents/GitHub/CPE233/CPE233 Labs/project_1/project_1.srcs/sources_1/new/clk_divider_nbit.sv:]
WARNING: [filemgmt 56-199] Attempt to get parsing info during refresh. "On-the-fly" syntax checking information may be incorrect. [C:/Users/Ryan Madden/Documents/GitHub/CPE233/CPE233 Labs/project_1/project_1.srcs/sources_1/new/lab1_fibonacci_seq_gen.v:]
WARNING: [filemgmt 56-199] Attempt to get parsing info during refresh. "On-the-fly" syntax checking information may be incorrect. [C:/Users/Ryan Madden/Documents/GitHub/CPE233/CPE233 Labs/project_1/project_1.srcs/sources_1/new/cntr_up_clr_nb.v:]
INFO: [Common 17-14] Message 'filemgmt 56-199' appears 100 times and further instances of the messages will be disabled. Use the Tcl command set_msg_config to change the current settings.
ERROR: [Common 17-180] Spawn failed: No error
ERROR: [Common 17-180] Spawn failed: No error
ERROR: [Common 17-180] Spawn failed: No error
ERROR: [Common 17-180] Spawn failed: No error
ERROR: [Common 17-180] Spawn failed: No error
WARNING: [filemgmt 56-199] Attempt to get parsing info during refresh. "On-the-fly" syntax checking information may be incorrect. [C:/Users/Ryan Madden/Documents/GitHub/CPE233/CPE233 Labs/project_1/project_1.srcs/sources_1/new/ProgramCounter.v:]
WARNING: [filemgmt 56-199] Attempt to get parsing info during refresh. "On-the-fly" syntax checking information may be incorrect. [C:/Users/Ryan Madden/Documents/GitHub/CPE233/CPE233 Labs/project_1/project_1.srcs/sources_1/new/clk_divider_nbit.sv:]
WARNING: [filemgmt 56-199] Attempt to get parsing info during refresh. "On-the-fly" syntax checking information may be incorrect. [C:/Users/Ryan Madden/Documents/GitHub/CPE233/CPE233 Labs/project_1/project_1.srcs/sources_1/new/lab1_fibonacci_seq_gen.v:]
WARNING: [filemgmt 56-199] Attempt to get parsing info during refresh. "On-the-fly" syntax checking information may be incorrect. [C:/Users/Ryan Madden/Documents/GitHub/CPE233/CPE233 Labs/project_1/project_1.srcs/sources_1/new/cntr_up_clr_nb.v:]
WARNING: [filemgmt 56-199] Attempt to get parsing info during refresh. "On-the-fly" syntax checking information may be incorrect. [C:/Users/Ryan Madden/Documents/GitHub/CPE233/CPE233 Labs/project_1/project_1.srcs/sources_1/new/mux_4t1_nb.v:]
WARNING: [filemgmt 56-199] Attempt to get parsing info during refresh. "On-the-fly" syntax checking information may be incorrect. [C:/Users/Ryan Madden/Documents/GitHub/CPE233/CPE233 Labs/project_1/project_1.srcs/sources_1/new/ProgramCounter_Mem.v:]
WARNING: [filemgmt 56-199] Attempt to get parsing info during refresh. "On-the-fly" syntax checking information may be incorrect. [C:/Users/Ryan Madden/Documents/GitHub/CPE233/CPE233 Labs/project_1/project_1.srcs/sources_1/new/rca_nb.v:]
WARNING: [filemgmt 56-199] Attempt to get parsing info during refresh. "On-the-fly" syntax checking information may be incorrect. [C:/Users/Ryan Madden/Documents/GitHub/CPE233/CPE233 Labs/project_1/project_1.srcs/sources_1/new/ProgramCounter.v:]
WARNING: [filemgmt 56-199] Attempt to get parsing info during refresh. "On-the-fly" syntax checking information may be incorrect. [C:/Users/Ryan Madden/Documents/GitHub/CPE233/CPE233 Labs/project_1/project_1.srcs/sources_1/new/clk_divider_nbit.sv:]
WARNING: [filemgmt 56-199] Attempt to get parsing info during refresh. "On-the-fly" syntax checking information may be incorrect. [C:/Users/Ryan Madden/Documents/GitHub/CPE233/CPE233 Labs/project_1/project_1.srcs/sources_1/new/lab1_fibonacci_seq_gen.v:]
WARNING: [filemgmt 56-199] Attempt to get parsing info during refresh. "On-the-fly" syntax checking information may be incorrect. [C:/Users/Ryan Madden/Documents/GitHub/CPE233/CPE233 Labs/project_1/project_1.srcs/sources_1/new/cntr_up_clr_nb.v:]
WARNING: [filemgmt 56-199] Attempt to get parsing info during refresh. "On-the-fly" syntax checking information may be incorrect. [C:/Users/Ryan Madden/Documents/GitHub/CPE233/CPE233 Labs/project_1/project_1.srcs/sources_1/new/mux_4t1_nb.v:]
WARNING: [filemgmt 56-199] Attempt to get parsing info during refresh. "On-the-fly" syntax checking information may be incorrect. [C:/Users/Ryan Madden/Documents/GitHub/CPE233/CPE233 Labs/project_1/project_1.srcs/sources_1/new/ProgramCounter_Mem.v:]
WARNING: [filemgmt 56-199] Attempt to get parsing info during refresh. "On-the-fly" syntax checking information may be incorrect. [C:/Users/Ryan Madden/Documents/GitHub/CPE233/CPE233 Labs/project_1/project_1.srcs/sources_1/new/rca_nb.v:]
WARNING: [filemgmt 56-199] Attempt to get parsing info during refresh. "On-the-fly" syntax checking information may be incorrect. [C:/Users/Ryan Madden/Documents/GitHub/CPE233/CPE233 Labs/project_1/project_1.srcs/sources_1/new/ProgramCounter.v:]
WARNING: [filemgmt 56-199] Attempt to get parsing info during refresh. "On-the-fly" syntax checking information may be incorrect. [C:/Users/Ryan Madden/Documents/GitHub/CPE233/CPE233 Labs/project_1/project_1.srcs/sources_1/new/clk_divider_nbit.sv:]
WARNING: [filemgmt 56-199] Attempt to get parsing info during refresh. "On-the-fly" syntax checking information may be incorrect. [C:/Users/Ryan Madden/Documents/GitHub/CPE233/CPE233 Labs/project_1/project_1.srcs/sources_1/new/lab1_fibonacci_seq_gen.v:]
WARNING: [filemgmt 56-199] Attempt to get parsing info during refresh. "On-the-fly" syntax checking information may be incorrect. [C:/Users/Ryan Madden/Documents/GitHub/CPE233/CPE233 Labs/project_1/project_1.srcs/sources_1/new/cntr_up_clr_nb.v:]
WARNING: [filemgmt 56-199] Attempt to get parsing info during refresh. "On-the-fly" syntax checking information may be incorrect. [C:/Users/Ryan Madden/Documents/GitHub/CPE233/CPE233 Labs/project_1/project_1.srcs/sources_1/new/mux_4t1_nb.v:]
WARNING: [filemgmt 56-199] Attempt to get parsing info during refresh. "On-the-fly" syntax checking information may be incorrect. [C:/Users/Ryan Madden/Documents/GitHub/CPE233/CPE233 Labs/project_1/project_1.srcs/sources_1/new/ProgramCounter_Mem.v:]
WARNING: [filemgmt 56-199] Attempt to get parsing info during refresh. "On-the-fly" syntax checking information may be incorrect. [C:/Users/Ryan Madden/Documents/GitHub/CPE233/CPE233 Labs/project_1/project_1.srcs/sources_1/new/rca_nb.v:]
WARNING: [filemgmt 56-199] Attempt to get parsing info during refresh. "On-the-fly" syntax checking information may be incorrect. [C:/Users/Ryan Madden/Documents/GitHub/CPE233/CPE233 Labs/project_1/project_1.srcs/sources_1/new/ProgramCounter.v:]
WARNING: [filemgmt 56-199] Attempt to get parsing info during refresh. "On-the-fly" syntax checking information may be incorrect. [C:/Users/Ryan Madden/Documents/GitHub/CPE233/CPE233 Labs/project_1/project_1.srcs/sources_1/new/clk_divider_nbit.sv:]
WARNING: [filemgmt 56-199] Attempt to get parsing info during refresh. "On-the-fly" syntax checking information may be incorrect. [C:/Users/Ryan Madden/Documents/GitHub/CPE233/CPE233 Labs/project_1/project_1.srcs/sources_1/new/lab1_fibonacci_seq_gen.v:]
WARNING: [filemgmt 56-199] Attempt to get parsing info during refresh. "On-the-fly" syntax checking information may be incorrect. [C:/Users/Ryan Madden/Documents/GitHub/CPE233/CPE233 Labs/project_1/project_1.srcs/sources_1/new/cntr_up_clr_nb.v:]
WARNING: [filemgmt 56-199] Attempt to get parsing info during refresh. "On-the-fly" syntax checking information may be incorrect. [C:/Users/Ryan Madden/Documents/GitHub/CPE233/CPE233 Labs/project_1/project_1.srcs/sources_1/new/mux_4t1_nb.v:]
WARNING: [filemgmt 56-199] Attempt to get parsing info during refresh. "On-the-fly" syntax checking information may be incorrect. [C:/Users/Ryan Madden/Documents/GitHub/CPE233/CPE233 Labs/project_1/project_1.srcs/sources_1/new/ProgramCounter_Mem.v:]
WARNING: [filemgmt 56-199] Attempt to get parsing info during refresh. "On-the-fly" syntax checking information may be incorrect. [C:/Users/Ryan Madden/Documents/GitHub/CPE233/CPE233 Labs/project_1/project_1.srcs/sources_1/new/rca_nb.v:]
ERROR: [Common 17-180] Spawn failed: No error
WARNING: [filemgmt 56-199] Attempt to get parsing info during refresh. "On-the-fly" syntax checking information may be incorrect. [C:/Users/Ryan Madden/Documents/GitHub/CPE233/CPE233 Labs/project_1/project_1.srcs/sources_1/new/ProgramCounter.v:]
WARNING: [filemgmt 56-199] Attempt to get parsing info during refresh. "On-the-fly" syntax checking information may be incorrect. [C:/Users/Ryan Madden/Documents/GitHub/CPE233/CPE233 Labs/project_1/project_1.srcs/sources_1/new/clk_divider_nbit.sv:]
WARNING: [filemgmt 56-199] Attempt to get parsing info during refresh. "On-the-fly" syntax checking information may be incorrect. [C:/Users/Ryan Madden/Documents/GitHub/CPE233/CPE233 Labs/project_1/project_1.srcs/sources_1/new/lab1_fibonacci_seq_gen.v:]
WARNING: [filemgmt 56-199] Attempt to get parsing info during refresh. "On-the-fly" syntax checking information may be incorrect. [C:/Users/Ryan Madden/Documents/GitHub/CPE233/CPE233 Labs/project_1/project_1.srcs/sources_1/new/cntr_up_clr_nb.v:]
WARNING: [filemgmt 56-199] Attempt to get parsing info during refresh. "On-the-fly" syntax checking information may be incorrect. [C:/Users/Ryan Madden/Documents/GitHub/CPE233/CPE233 Labs/project_1/project_1.srcs/sources_1/new/mux_4t1_nb.v:]
WARNING: [filemgmt 56-199] Attempt to get parsing info during refresh. "On-the-fly" syntax checking information may be incorrect. [C:/Users/Ryan Madden/Documents/GitHub/CPE233/CPE233 Labs/project_1/project_1.srcs/sources_1/new/ProgramCounter_Mem.v:]
WARNING: [filemgmt 56-199] Attempt to get parsing info during refresh. "On-the-fly" syntax checking information may be incorrect. [C:/Users/Ryan Madden/Documents/GitHub/CPE233/CPE233 Labs/project_1/project_1.srcs/sources_1/new/rca_nb.v:]
WARNING: [filemgmt 56-199] Attempt to get parsing info during refresh. "On-the-fly" syntax checking information may be incorrect. [C:/Users/Ryan Madden/Documents/GitHub/CPE233/CPE233 Labs/project_1/project_1.srcs/sources_1/new/ProgramCounter.v:]
WARNING: [filemgmt 56-199] Attempt to get parsing info during refresh. "On-the-fly" syntax checking information may be incorrect. [C:/Users/Ryan Madden/Documents/GitHub/CPE233/CPE233 Labs/project_1/project_1.srcs/sources_1/new/clk_divider_nbit.sv:]
WARNING: [filemgmt 56-199] Attempt to get parsing info during refresh. "On-the-fly" syntax checking information may be incorrect. [C:/Users/Ryan Madden/Documents/GitHub/CPE233/CPE233 Labs/project_1/project_1.srcs/sources_1/new/lab1_fibonacci_seq_gen.v:]
WARNING: [filemgmt 56-199] Attempt to get parsing info during refresh. "On-the-fly" syntax checking information may be incorrect. [C:/Users/Ryan Madden/Documents/GitHub/CPE233/CPE233 Labs/project_1/project_1.srcs/sources_1/new/cntr_up_clr_nb.v:]
WARNING: [filemgmt 56-199] Attempt to get parsing info during refresh. "On-the-fly" syntax checking information may be incorrect. [C:/Users/Ryan Madden/Documents/GitHub/CPE233/CPE233 Labs/project_1/project_1.srcs/sources_1/new/mux_4t1_nb.v:]
WARNING: [filemgmt 56-199] Attempt to get parsing info during refresh. "On-the-fly" syntax checking information may be incorrect. [C:/Users/Ryan Madden/Documents/GitHub/CPE233/CPE233 Labs/project_1/project_1.srcs/sources_1/new/ProgramCounter_Mem.v:]
WARNING: [filemgmt 56-199] Attempt to get parsing info during refresh. "On-the-fly" syntax checking information may be incorrect. [C:/Users/Ryan Madden/Documents/GitHub/CPE233/CPE233 Labs/project_1/project_1.srcs/sources_1/new/rca_nb.v:]
WARNING: [filemgmt 56-199] Attempt to get parsing info during refresh. "On-the-fly" syntax checking information may be incorrect. [C:/Users/Ryan Madden/Documents/GitHub/CPE233/CPE233 Labs/project_1/project_1.srcs/sources_1/new/ProgramCounter.v:]
WARNING: [filemgmt 56-199] Attempt to get parsing info during refresh. "On-the-fly" syntax checking information may be incorrect. [C:/Users/Ryan Madden/Documents/GitHub/CPE233/CPE233 Labs/project_1/project_1.srcs/sources_1/new/clk_divider_nbit.sv:]
WARNING: [filemgmt 56-199] Attempt to get parsing info during refresh. "On-the-fly" syntax checking information may be incorrect. [C:/Users/Ryan Madden/Documents/GitHub/CPE233/CPE233 Labs/project_1/project_1.srcs/sources_1/new/lab1_fibonacci_seq_gen.v:]
WARNING: [filemgmt 56-199] Attempt to get parsing info during refresh. "On-the-fly" syntax checking information may be incorrect. [C:/Users/Ryan Madden/Documents/GitHub/CPE233/CPE233 Labs/project_1/project_1.srcs/sources_1/new/cntr_up_clr_nb.v:]
WARNING: [filemgmt 56-199] Attempt to get parsing info during refresh. "On-the-fly" syntax checking information may be incorrect. [C:/Users/Ryan Madden/Documents/GitHub/CPE233/CPE233 Labs/project_1/project_1.srcs/sources_1/new/mux_4t1_nb.v:]
WARNING: [filemgmt 56-199] Attempt to get parsing info during refresh. "On-the-fly" syntax checking information may be incorrect. [C:/Users/Ryan Madden/Documents/GitHub/CPE233/CPE233 Labs/project_1/project_1.srcs/sources_1/new/ProgramCounter_Mem.v:]
WARNING: [filemgmt 56-199] Attempt to get parsing info during refresh. "On-the-fly" syntax checking information may be incorrect. [C:/Users/Ryan Madden/Documents/GitHub/CPE233/CPE233 Labs/project_1/project_1.srcs/sources_1/new/rca_nb.v:]
WARNING: [filemgmt 56-199] Attempt to get parsing info during refresh. "On-the-fly" syntax checking information may be incorrect. [C:/Users/Ryan Madden/Documents/GitHub/CPE233/CPE233 Labs/project_1/project_1.srcs/sources_1/new/ProgramCounter.v:]
WARNING: [filemgmt 56-199] Attempt to get parsing info during refresh. "On-the-fly" syntax checking information may be incorrect. [C:/Users/Ryan Madden/Documents/GitHub/CPE233/CPE233 Labs/project_1/project_1.srcs/sources_1/new/clk_divider_nbit.sv:]
WARNING: [filemgmt 56-199] Attempt to get parsing info during refresh. "On-the-fly" syntax checking information may be incorrect. [C:/Users/Ryan Madden/Documents/GitHub/CPE233/CPE233 Labs/project_1/project_1.srcs/sources_1/new/lab1_fibonacci_seq_gen.v:]
WARNING: [filemgmt 56-199] Attempt to get parsing info during refresh. "On-the-fly" syntax checking information may be incorrect. [C:/Users/Ryan Madden/Documents/GitHub/CPE233/CPE233 Labs/project_1/project_1.srcs/sources_1/new/cntr_up_clr_nb.v:]
WARNING: [filemgmt 56-199] Attempt to get parsing info during refresh. "On-the-fly" syntax checking information may be incorrect. [C:/Users/Ryan Madden/Documents/GitHub/CPE233/CPE233 Labs/project_1/project_1.srcs/sources_1/new/mux_4t1_nb.v:]
WARNING: [filemgmt 56-199] Attempt to get parsing info during refresh. "On-the-fly" syntax checking information may be incorrect. [C:/Users/Ryan Madden/Documents/GitHub/CPE233/CPE233 Labs/project_1/project_1.srcs/sources_1/new/ProgramCounter_Mem.v:]
WARNING: [filemgmt 56-199] Attempt to get parsing info during refresh. "On-the-fly" syntax checking information may be incorrect. [C:/Users/Ryan Madden/Documents/GitHub/CPE233/CPE233 Labs/project_1/project_1.srcs/sources_1/new/rca_nb.v:]
WARNING: [filemgmt 56-199] Attempt to get parsing info during refresh. "On-the-fly" syntax checking information may be incorrect. [C:/Users/Ryan Madden/Documents/GitHub/CPE233/CPE233 Labs/project_1/project_1.srcs/sources_1/new/ProgramCounter.v:]
WARNING: [filemgmt 56-199] Attempt to get parsing info during refresh. "On-the-fly" syntax checking information may be incorrect. [C:/Users/Ryan Madden/Documents/GitHub/CPE233/CPE233 Labs/project_1/project_1.srcs/sources_1/new/clk_divider_nbit.sv:]
WARNING: [filemgmt 56-199] Attempt to get parsing info during refresh. "On-the-fly" syntax checking information may be incorrect. [C:/Users/Ryan Madden/Documents/GitHub/CPE233/CPE233 Labs/project_1/project_1.srcs/sources_1/new/lab1_fibonacci_seq_gen.v:]
WARNING: [filemgmt 56-199] Attempt to get parsing info during refresh. "On-the-fly" syntax checking information may be incorrect. [C:/Users/Ryan Madden/Documents/GitHub/CPE233/CPE233 Labs/project_1/project_1.srcs/sources_1/new/cntr_up_clr_nb.v:]
WARNING: [filemgmt 56-199] Attempt to get parsing info during refresh. "On-the-fly" syntax checking information may be incorrect. [C:/Users/Ryan Madden/Documents/GitHub/CPE233/CPE233 Labs/project_1/project_1.srcs/sources_1/new/mux_4t1_nb.v:]
WARNING: [filemgmt 56-199] Attempt to get parsing info during refresh. "On-the-fly" syntax checking information may be incorrect. [C:/Users/Ryan Madden/Documents/GitHub/CPE233/CPE233 Labs/project_1/project_1.srcs/sources_1/new/ProgramCounter_Mem.v:]
WARNING: [filemgmt 56-199] Attempt to get parsing info during refresh. "On-the-fly" syntax checking information may be incorrect. [C:/Users/Ryan Madden/Documents/GitHub/CPE233/CPE233 Labs/project_1/project_1.srcs/sources_1/new/rca_nb.v:]
WARNING: [filemgmt 56-199] Attempt to get parsing info during refresh. "On-the-fly" syntax checking information may be incorrect. [C:/Users/Ryan Madden/Documents/GitHub/CPE233/CPE233 Labs/project_1/project_1.srcs/sources_1/new/ProgramCounter.v:]
WARNING: [filemgmt 56-199] Attempt to get parsing info during refresh. "On-the-fly" syntax checking information may be incorrect. [C:/Users/Ryan Madden/Documents/GitHub/CPE233/CPE233 Labs/project_1/project_1.srcs/sources_1/new/clk_divider_nbit.sv:]
WARNING: [filemgmt 56-199] Attempt to get parsing info during refresh. "On-the-fly" syntax checking information may be incorrect. [C:/Users/Ryan Madden/Documents/GitHub/CPE233/CPE233 Labs/project_1/project_1.srcs/sources_1/new/lab1_fibonacci_seq_gen.v:]
WARNING: [filemgmt 56-199] Attempt to get parsing info during refresh. "On-the-fly" syntax checking information may be incorrect. [C:/Users/Ryan Madden/Documents/GitHub/CPE233/CPE233 Labs/project_1/project_1.srcs/sources_1/new/cntr_up_clr_nb.v:]
WARNING: [filemgmt 56-199] Attempt to get parsing info during refresh. "On-the-fly" syntax checking information may be incorrect. [C:/Users/Ryan Madden/Documents/GitHub/CPE233/CPE233 Labs/project_1/project_1.srcs/sources_1/new/mux_4t1_nb.v:]
WARNING: [filemgmt 56-199] Attempt to get parsing info during refresh. "On-the-fly" syntax checking information may be incorrect. [C:/Users/Ryan Madden/Documents/GitHub/CPE233/CPE233 Labs/project_1/project_1.srcs/sources_1/new/ProgramCounter_Mem.v:]
WARNING: [filemgmt 56-199] Attempt to get parsing info during refresh. "On-the-fly" syntax checking information may be incorrect. [C:/Users/Ryan Madden/Documents/GitHub/CPE233/CPE233 Labs/project_1/project_1.srcs/sources_1/new/rca_nb.v:]
WARNING: [filemgmt 56-199] Attempt to get parsing info during refresh. "On-the-fly" syntax checking information may be incorrect. [C:/Users/Ryan Madden/Documents/GitHub/CPE233/CPE233 Labs/project_1/project_1.srcs/sources_1/new/ProgramCounter.v:]
WARNING: [filemgmt 56-199] Attempt to get parsing info during refresh. "On-the-fly" syntax checking information may be incorrect. [C:/Users/Ryan Madden/Documents/GitHub/CPE233/CPE233 Labs/project_1/project_1.srcs/sources_1/new/clk_divider_nbit.sv:]
WARNING: [filemgmt 56-199] Attempt to get parsing info during refresh. "On-the-fly" syntax checking information may be incorrect. [C:/Users/Ryan Madden/Documents/GitHub/CPE233/CPE233 Labs/project_1/project_1.srcs/sources_1/new/lab1_fibonacci_seq_gen.v:]
WARNING: [filemgmt 56-199] Attempt to get parsing info during refresh. "On-the-fly" syntax checking information may be incorrect. [C:/Users/Ryan Madden/Documents/GitHub/CPE233/CPE233 Labs/project_1/project_1.srcs/sources_1/new/cntr_up_clr_nb.v:]
WARNING: [filemgmt 56-199] Attempt to get parsing info during refresh. "On-the-fly" syntax checking information may be incorrect. [C:/Users/Ryan Madden/Documents/GitHub/CPE233/CPE233 Labs/project_1/project_1.srcs/sources_1/new/mux_4t1_nb.v:]
WARNING: [filemgmt 56-199] Attempt to get parsing info during refresh. "On-the-fly" syntax checking information may be incorrect. [C:/Users/Ryan Madden/Documents/GitHub/CPE233/CPE233 Labs/project_1/project_1.srcs/sources_1/new/ProgramCounter_Mem.v:]
WARNING: [filemgmt 56-199] Attempt to get parsing info during refresh. "On-the-fly" syntax checking information may be incorrect. [C:/Users/Ryan Madden/Documents/GitHub/CPE233/CPE233 Labs/project_1/project_1.srcs/sources_1/new/rca_nb.v:]
WARNING: [filemgmt 56-199] Attempt to get parsing info during refresh. "On-the-fly" syntax checking information may be incorrect. [C:/Users/Ryan Madden/Documents/GitHub/CPE233/CPE233 Labs/project_1/project_1.srcs/sources_1/new/ProgramCounter.v:]
WARNING: [filemgmt 56-199] Attempt to get parsing info during refresh. "On-the-fly" syntax checking information may be incorrect. [C:/Users/Ryan Madden/Documents/GitHub/CPE233/CPE233 Labs/project_1/project_1.srcs/sources_1/new/clk_divider_nbit.sv:]
WARNING: [filemgmt 56-199] Attempt to get parsing info during refresh. "On-the-fly" syntax checking information may be incorrect. [C:/Users/Ryan Madden/Documents/GitHub/CPE233/CPE233 Labs/project_1/project_1.srcs/sources_1/new/lab1_fibonacci_seq_gen.v:]
WARNING: [filemgmt 56-199] Attempt to get parsing info during refresh. "On-the-fly" syntax checking information may be incorrect. [C:/Users/Ryan Madden/Documents/GitHub/CPE233/CPE233 Labs/project_1/project_1.srcs/sources_1/new/cntr_up_clr_nb.v:]
WARNING: [filemgmt 56-199] Attempt to get parsing info during refresh. "On-the-fly" syntax checking information may be incorrect. [C:/Users/Ryan Madden/Documents/GitHub/CPE233/CPE233 Labs/project_1/project_1.srcs/sources_1/new/mux_4t1_nb.v:]
WARNING: [filemgmt 56-199] Attempt to get parsing info during refresh. "On-the-fly" syntax checking information may be incorrect. [C:/Users/Ryan Madden/Documents/GitHub/CPE233/CPE233 Labs/project_1/project_1.srcs/sources_1/new/ProgramCounter_Mem.v:]
WARNING: [filemgmt 56-199] Attempt to get parsing info during refresh. "On-the-fly" syntax checking information may be incorrect. [C:/Users/Ryan Madden/Documents/GitHub/CPE233/CPE233 Labs/project_1/project_1.srcs/sources_1/new/rca_nb.v:]
WARNING: [filemgmt 56-199] Attempt to get parsing info during refresh. "On-the-fly" syntax checking information may be incorrect. [C:/Users/Ryan Madden/Documents/GitHub/CPE233/CPE233 Labs/project_1/project_1.srcs/sources_1/new/ProgramCounter.v:]
WARNING: [filemgmt 56-199] Attempt to get parsing info during refresh. "On-the-fly" syntax checking information may be incorrect. [C:/Users/Ryan Madden/Documents/GitHub/CPE233/CPE233 Labs/project_1/project_1.srcs/sources_1/new/clk_divider_nbit.sv:]
WARNING: [filemgmt 56-199] Attempt to get parsing info during refresh. "On-the-fly" syntax checking information may be incorrect. [C:/Users/Ryan Madden/Documents/GitHub/CPE233/CPE233 Labs/project_1/project_1.srcs/sources_1/new/lab1_fibonacci_seq_gen.v:]
WARNING: [filemgmt 56-199] Attempt to get parsing info during refresh. "On-the-fly" syntax checking information may be incorrect. [C:/Users/Ryan Madden/Documents/GitHub/CPE233/CPE233 Labs/project_1/project_1.srcs/sources_1/new/cntr_up_clr_nb.v:]
WARNING: [filemgmt 56-199] Attempt to get parsing info during refresh. "On-the-fly" syntax checking information may be incorrect. [C:/Users/Ryan Madden/Documents/GitHub/CPE233/CPE233 Labs/project_1/project_1.srcs/sources_1/new/mux_4t1_nb.v:]
WARNING: [filemgmt 56-199] Attempt to get parsing info during refresh. "On-the-fly" syntax checking information may be incorrect. [C:/Users/Ryan Madden/Documents/GitHub/CPE233/CPE233 Labs/project_1/project_1.srcs/sources_1/new/ProgramCounter_Mem.v:]
WARNING: [filemgmt 56-199] Attempt to get parsing info during refresh. "On-the-fly" syntax checking information may be incorrect. [C:/Users/Ryan Madden/Documents/GitHub/CPE233/CPE233 Labs/project_1/project_1.srcs/sources_1/new/rca_nb.v:]
ERROR: [Common 17-180] Spawn failed: No error
WARNING: [filemgmt 56-199] Attempt to get parsing info during refresh. "On-the-fly" syntax checking information may be incorrect. [C:/Users/Ryan Madden/Documents/GitHub/CPE233/CPE233 Labs/project_1/project_1.srcs/sources_1/new/ProgramCounter.v:]
WARNING: [filemgmt 56-199] Attempt to get parsing info during refresh. "On-the-fly" syntax checking information may be incorrect. [C:/Users/Ryan Madden/Documents/GitHub/CPE233/CPE233 Labs/project_1/project_1.srcs/sources_1/new/clk_divider_nbit.sv:]
WARNING: [filemgmt 56-199] Attempt to get parsing info during refresh. "On-the-fly" syntax checking information may be incorrect. [C:/Users/Ryan Madden/Documents/GitHub/CPE233/CPE233 Labs/project_1/project_1.srcs/sources_1/new/lab1_fibonacci_seq_gen.v:]
WARNING: [filemgmt 56-199] Attempt to get parsing info during refresh. "On-the-fly" syntax checking information may be incorrect. [C:/Users/Ryan Madden/Documents/GitHub/CPE233/CPE233 Labs/project_1/project_1.srcs/sources_1/new/cntr_up_clr_nb.v:]
WARNING: [filemgmt 56-199] Attempt to get parsing info during refresh. "On-the-fly" syntax checking information may be incorrect. [C:/Users/Ryan Madden/Documents/GitHub/CPE233/CPE233 Labs/project_1/project_1.srcs/sources_1/new/mux_4t1_nb.v:]
WARNING: [filemgmt 56-199] Attempt to get parsing info during refresh. "On-the-fly" syntax checking information may be incorrect. [C:/Users/Ryan Madden/Documents/GitHub/CPE233/CPE233 Labs/project_1/project_1.srcs/sources_1/new/ProgramCounter_Mem.v:]
WARNING: [filemgmt 56-199] Attempt to get parsing info during refresh. "On-the-fly" syntax checking information may be incorrect. [C:/Users/Ryan Madden/Documents/GitHub/CPE233/CPE233 Labs/project_1/project_1.srcs/sources_1/new/rca_nb.v:]
WARNING: [filemgmt 56-199] Attempt to get parsing info during refresh. "On-the-fly" syntax checking information may be incorrect. [C:/Users/Ryan Madden/Documents/GitHub/CPE233/CPE233 Labs/project_1/project_1.srcs/sources_1/new/ProgramCounter.v:]
WARNING: [filemgmt 56-199] Attempt to get parsing info during refresh. "On-the-fly" syntax checking information may be incorrect. [C:/Users/Ryan Madden/Documents/GitHub/CPE233/CPE233 Labs/project_1/project_1.srcs/sources_1/new/clk_divider_nbit.sv:]
INFO: [Common 17-14] Message 'filemgmt 56-199' appears 100 times and further instances of the messages will be disabled. Use the Tcl command set_msg_config to change the current settings.
ERROR: [Common 17-180] Spawn failed: No error
ERROR: [Common 17-180] Spawn failed: No error
ERROR: [Common 17-180] Spawn failed: No error
ERROR: [Common 17-180] Spawn failed: No error
ERROR: [Common 17-180] Spawn failed: No error
ERROR: [Common 17-180] Spawn failed: No error
ERROR: [Common 17-180] Spawn failed: No error
ERROR: [Common 17-180] Spawn failed: No error
ERROR: [Common 17-180] Spawn failed: No error
ERROR: [Common 17-180] Spawn failed: No error
ERROR: [Common 17-180] Spawn failed: No error
ERROR: [Common 17-180] Spawn failed: No error
ERROR: [Common 17-180] Spawn failed: No error
ERROR: [Common 17-180] Spawn failed: No error
ERROR: [Common 17-180] Spawn failed: No error
ERROR: [Common 17-180] Spawn failed: No error
ERROR: [Common 17-180] Spawn failed: No error
ERROR: [Common 17-180] Spawn failed: No error
ERROR: [Common 17-180] Spawn failed: No error
WARNING: [filemgmt 56-199] Attempt to get parsing info during refresh. "On-the-fly" syntax checking information may be incorrect. [C:/Users/Ryan Madden/Documents/GitHub/CPE233/CPE233 Labs/project_1/project_1.srcs/sources_1/new/ProgramCounter.v:]
WARNING: [filemgmt 56-199] Attempt to get parsing info during refresh. "On-the-fly" syntax checking information may be incorrect. [C:/Users/Ryan Madden/Documents/GitHub/CPE233/CPE233 Labs/project_1/project_1.srcs/sources_1/new/clk_divider_nbit.sv:]
WARNING: [filemgmt 56-199] Attempt to get parsing info during refresh. "On-the-fly" syntax checking information may be incorrect. [C:/Users/Ryan Madden/Documents/GitHub/CPE233/CPE233 Labs/project_1/project_1.srcs/sources_1/new/lab1_fibonacci_seq_gen.v:]
WARNING: [filemgmt 56-199] Attempt to get parsing info during refresh. "On-the-fly" syntax checking information may be incorrect. [C:/Users/Ryan Madden/Documents/GitHub/CPE233/CPE233 Labs/project_1/project_1.srcs/sources_1/new/cntr_up_clr_nb.v:]
WARNING: [filemgmt 56-199] Attempt to get parsing info during refresh. "On-the-fly" syntax checking information may be incorrect. [C:/Users/Ryan Madden/Documents/GitHub/CPE233/CPE233 Labs/project_1/project_1.srcs/sources_1/new/mux_4t1_nb.v:]
WARNING: [filemgmt 56-199] Attempt to get parsing info during refresh. "On-the-fly" syntax checking information may be incorrect. [C:/Users/Ryan Madden/Documents/GitHub/CPE233/CPE233 Labs/project_1/project_1.srcs/sources_1/new/ProgramCounter_Mem.v:]
WARNING: [filemgmt 56-199] Attempt to get parsing info during refresh. "On-the-fly" syntax checking information may be incorrect. [C:/Users/Ryan Madden/Documents/GitHub/CPE233/CPE233 Labs/project_1/project_1.srcs/sources_1/new/rca_nb.v:]
WARNING: [filemgmt 56-199] Attempt to get parsing info during refresh. "On-the-fly" syntax checking information may be incorrect. [C:/Users/Ryan Madden/Documents/GitHub/CPE233/CPE233 Labs/project_1/project_1.srcs/sources_1/new/ProgramCounter.v:]
WARNING: [filemgmt 56-199] Attempt to get parsing info during refresh. "On-the-fly" syntax checking information may be incorrect. [C:/Users/Ryan Madden/Documents/GitHub/CPE233/CPE233 Labs/project_1/project_1.srcs/sources_1/new/clk_divider_nbit.sv:]
WARNING: [filemgmt 56-199] Attempt to get parsing info during refresh. "On-the-fly" syntax checking information may be incorrect. [C:/Users/Ryan Madden/Documents/GitHub/CPE233/CPE233 Labs/project_1/project_1.srcs/sources_1/new/lab1_fibonacci_seq_gen.v:]
WARNING: [filemgmt 56-199] Attempt to get parsing info during refresh. "On-the-fly" syntax checking information may be incorrect. [C:/Users/Ryan Madden/Documents/GitHub/CPE233/CPE233 Labs/project_1/project_1.srcs/sources_1/new/cntr_up_clr_nb.v:]
WARNING: [filemgmt 56-199] Attempt to get parsing info during refresh. "On-the-fly" syntax checking information may be incorrect. [C:/Users/Ryan Madden/Documents/GitHub/CPE233/CPE233 Labs/project_1/project_1.srcs/sources_1/new/mux_4t1_nb.v:]
WARNING: [filemgmt 56-199] Attempt to get parsing info during refresh. "On-the-fly" syntax checking information may be incorrect. [C:/Users/Ryan Madden/Documents/GitHub/CPE233/CPE233 Labs/project_1/project_1.srcs/sources_1/new/ProgramCounter_Mem.v:]
WARNING: [filemgmt 56-199] Attempt to get parsing info during refresh. "On-the-fly" syntax checking information may be incorrect. [C:/Users/Ryan Madden/Documents/GitHub/CPE233/CPE233 Labs/project_1/project_1.srcs/sources_1/new/rca_nb.v:]
ERROR: [Common 17-180] Spawn failed: No error
WARNING: [filemgmt 56-199] Attempt to get parsing info during refresh. "On-the-fly" syntax checking information may be incorrect. [C:/Users/Ryan Madden/Documents/GitHub/CPE233/CPE233 Labs/project_1/project_1.srcs/sources_1/new/ProgramCounter.v:]
WARNING: [filemgmt 56-199] Attempt to get parsing info during refresh. "On-the-fly" syntax checking information may be incorrect. [C:/Users/Ryan Madden/Documents/GitHub/CPE233/CPE233 Labs/project_1/project_1.srcs/sources_1/new/clk_divider_nbit.sv:]
WARNING: [filemgmt 56-199] Attempt to get parsing info during refresh. "On-the-fly" syntax checking information may be incorrect. [C:/Users/Ryan Madden/Documents/GitHub/CPE233/CPE233 Labs/project_1/project_1.srcs/sources_1/new/lab1_fibonacci_seq_gen.v:]
WARNING: [filemgmt 56-199] Attempt to get parsing info during refresh. "On-the-fly" syntax checking information may be incorrect. [C:/Users/Ryan Madden/Documents/GitHub/CPE233/CPE233 Labs/project_1/project_1.srcs/sources_1/new/cntr_up_clr_nb.v:]
WARNING: [filemgmt 56-199] Attempt to get parsing info during refresh. "On-the-fly" syntax checking information may be incorrect. [C:/Users/Ryan Madden/Documents/GitHub/CPE233/CPE233 Labs/project_1/project_1.srcs/sources_1/new/mux_4t1_nb.v:]
WARNING: [filemgmt 56-199] Attempt to get parsing info during refresh. "On-the-fly" syntax checking information may be incorrect. [C:/Users/Ryan Madden/Documents/GitHub/CPE233/CPE233 Labs/project_1/project_1.srcs/sources_1/new/ProgramCounter_Mem.v:]
WARNING: [filemgmt 56-199] Attempt to get parsing info during refresh. "On-the-fly" syntax checking information may be incorrect. [C:/Users/Ryan Madden/Documents/GitHub/CPE233/CPE233 Labs/project_1/project_1.srcs/sources_1/new/rca_nb.v:]
WARNING: [filemgmt 56-199] Attempt to get parsing info during refresh. "On-the-fly" syntax checking information may be incorrect. [C:/Users/Ryan Madden/Documents/GitHub/CPE233/CPE233 Labs/project_1/project_1.srcs/sources_1/new/ProgramCounter.v:]
WARNING: [filemgmt 56-199] Attempt to get parsing info during refresh. "On-the-fly" syntax checking information may be incorrect. [C:/Users/Ryan Madden/Documents/GitHub/CPE233/CPE233 Labs/project_1/project_1.srcs/sources_1/new/clk_divider_nbit.sv:]
WARNING: [filemgmt 56-199] Attempt to get parsing info during refresh. "On-the-fly" syntax checking information may be incorrect. [C:/Users/Ryan Madden/Documents/GitHub/CPE233/CPE233 Labs/project_1/project_1.srcs/sources_1/new/lab1_fibonacci_seq_gen.v:]
WARNING: [filemgmt 56-199] Attempt to get parsing info during refresh. "On-the-fly" syntax checking information may be incorrect. [C:/Users/Ryan Madden/Documents/GitHub/CPE233/CPE233 Labs/project_1/project_1.srcs/sources_1/new/cntr_up_clr_nb.v:]
WARNING: [filemgmt 56-199] Attempt to get parsing info during refresh. "On-the-fly" syntax checking information may be incorrect. [C:/Users/Ryan Madden/Documents/GitHub/CPE233/CPE233 Labs/project_1/project_1.srcs/sources_1/new/mux_4t1_nb.v:]
WARNING: [filemgmt 56-199] Attempt to get parsing info during refresh. "On-the-fly" syntax checking information may be incorrect. [C:/Users/Ryan Madden/Documents/GitHub/CPE233/CPE233 Labs/project_1/project_1.srcs/sources_1/new/ProgramCounter_Mem.v:]
WARNING: [filemgmt 56-199] Attempt to get parsing info during refresh. "On-the-fly" syntax checking information may be incorrect. [C:/Users/Ryan Madden/Documents/GitHub/CPE233/CPE233 Labs/project_1/project_1.srcs/sources_1/new/rca_nb.v:]
WARNING: [filemgmt 56-199] Attempt to get parsing info during refresh. "On-the-fly" syntax checking information may be incorrect. [C:/Users/Ryan Madden/Documents/GitHub/CPE233/CPE233 Labs/project_1/project_1.srcs/sources_1/new/ProgramCounter.v:]
WARNING: [filemgmt 56-199] Attempt to get parsing info during refresh. "On-the-fly" syntax checking information may be incorrect. [C:/Users/Ryan Madden/Documents/GitHub/CPE233/CPE233 Labs/project_1/project_1.srcs/sources_1/new/clk_divider_nbit.sv:]
WARNING: [filemgmt 56-199] Attempt to get parsing info during refresh. "On-the-fly" syntax checking information may be incorrect. [C:/Users/Ryan Madden/Documents/GitHub/CPE233/CPE233 Labs/project_1/project_1.srcs/sources_1/new/lab1_fibonacci_seq_gen.v:]
WARNING: [filemgmt 56-199] Attempt to get parsing info during refresh. "On-the-fly" syntax checking information may be incorrect. [C:/Users/Ryan Madden/Documents/GitHub/CPE233/CPE233 Labs/project_1/project_1.srcs/sources_1/new/cntr_up_clr_nb.v:]
WARNING: [filemgmt 56-199] Attempt to get parsing info during refresh. "On-the-fly" syntax checking information may be incorrect. [C:/Users/Ryan Madden/Documents/GitHub/CPE233/CPE233 Labs/project_1/project_1.srcs/sources_1/new/mux_4t1_nb.v:]
WARNING: [filemgmt 56-199] Attempt to get parsing info during refresh. "On-the-fly" syntax checking information may be incorrect. [C:/Users/Ryan Madden/Documents/GitHub/CPE233/CPE233 Labs/project_1/project_1.srcs/sources_1/new/ProgramCounter_Mem.v:]
WARNING: [filemgmt 56-199] Attempt to get parsing info during refresh. "On-the-fly" syntax checking information may be incorrect. [C:/Users/Ryan Madden/Documents/GitHub/CPE233/CPE233 Labs/project_1/project_1.srcs/sources_1/new/rca_nb.v:]
WARNING: [filemgmt 56-199] Attempt to get parsing info during refresh. "On-the-fly" syntax checking information may be incorrect. [C:/Users/Ryan Madden/Documents/GitHub/CPE233/CPE233 Labs/project_1/project_1.srcs/sources_1/new/ProgramCounter.v:]
WARNING: [filemgmt 56-199] Attempt to get parsing info during refresh. "On-the-fly" syntax checking information may be incorrect. [C:/Users/Ryan Madden/Documents/GitHub/CPE233/CPE233 Labs/project_1/project_1.srcs/sources_1/new/clk_divider_nbit.sv:]
WARNING: [filemgmt 56-199] Attempt to get parsing info during refresh. "On-the-fly" syntax checking information may be incorrect. [C:/Users/Ryan Madden/Documents/GitHub/CPE233/CPE233 Labs/project_1/project_1.srcs/sources_1/new/lab1_fibonacci_seq_gen.v:]
WARNING: [filemgmt 56-199] Attempt to get parsing info during refresh. "On-the-fly" syntax checking information may be incorrect. [C:/Users/Ryan Madden/Documents/GitHub/CPE233/CPE233 Labs/project_1/project_1.srcs/sources_1/new/cntr_up_clr_nb.v:]
WARNING: [filemgmt 56-199] Attempt to get parsing info during refresh. "On-the-fly" syntax checking information may be incorrect. [C:/Users/Ryan Madden/Documents/GitHub/CPE233/CPE233 Labs/project_1/project_1.srcs/sources_1/new/mux_4t1_nb.v:]
WARNING: [filemgmt 56-199] Attempt to get parsing info during refresh. "On-the-fly" syntax checking information may be incorrect. [C:/Users/Ryan Madden/Documents/GitHub/CPE233/CPE233 Labs/project_1/project_1.srcs/sources_1/new/ProgramCounter_Mem.v:]
WARNING: [filemgmt 56-199] Attempt to get parsing info during refresh. "On-the-fly" syntax checking information may be incorrect. [C:/Users/Ryan Madden/Documents/GitHub/CPE233/CPE233 Labs/project_1/project_1.srcs/sources_1/new/rca_nb.v:]
ERROR: [Common 17-180] Spawn failed: No error
WARNING: [filemgmt 56-199] Attempt to get parsing info during refresh. "On-the-fly" syntax checking information may be incorrect. [C:/Users/Ryan Madden/Documents/GitHub/CPE233/CPE233 Labs/project_1/project_1.srcs/sources_1/new/ProgramCounter.v:]
WARNING: [filemgmt 56-199] Attempt to get parsing info during refresh. "On-the-fly" syntax checking information may be incorrect. [C:/Users/Ryan Madden/Documents/GitHub/CPE233/CPE233 Labs/project_1/project_1.srcs/sources_1/new/clk_divider_nbit.sv:]
WARNING: [filemgmt 56-199] Attempt to get parsing info during refresh. "On-the-fly" syntax checking information may be incorrect. [C:/Users/Ryan Madden/Documents/GitHub/CPE233/CPE233 Labs/project_1/project_1.srcs/sources_1/new/lab1_fibonacci_seq_gen.v:]
WARNING: [filemgmt 56-199] Attempt to get parsing info during refresh. "On-the-fly" syntax checking information may be incorrect. [C:/Users/Ryan Madden/Documents/GitHub/CPE233/CPE233 Labs/project_1/project_1.srcs/sources_1/new/cntr_up_clr_nb.v:]
WARNING: [filemgmt 56-199] Attempt to get parsing info during refresh. "On-the-fly" syntax checking information may be incorrect. [C:/Users/Ryan Madden/Documents/GitHub/CPE233/CPE233 Labs/project_1/project_1.srcs/sources_1/new/mux_4t1_nb.v:]
WARNING: [filemgmt 56-199] Attempt to get parsing info during refresh. "On-the-fly" syntax checking information may be incorrect. [C:/Users/Ryan Madden/Documents/GitHub/CPE233/CPE233 Labs/project_1/project_1.srcs/sources_1/new/ProgramCounter_Mem.v:]
WARNING: [filemgmt 56-199] Attempt to get parsing info during refresh. "On-the-fly" syntax checking information may be incorrect. [C:/Users/Ryan Madden/Documents/GitHub/CPE233/CPE233 Labs/project_1/project_1.srcs/sources_1/new/rca_nb.v:]
ERROR: [Common 17-180] Spawn failed: No error
WARNING: [filemgmt 56-199] Attempt to get parsing info during refresh. "On-the-fly" syntax checking information may be incorrect. [C:/Users/Ryan Madden/Documents/GitHub/CPE233/CPE233 Labs/project_1/project_1.srcs/sources_1/new/ProgramCounter.v:]
WARNING: [filemgmt 56-199] Attempt to get parsing info during refresh. "On-the-fly" syntax checking information may be incorrect. [C:/Users/Ryan Madden/Documents/GitHub/CPE233/CPE233 Labs/project_1/project_1.srcs/sources_1/new/clk_divider_nbit.sv:]
WARNING: [filemgmt 56-199] Attempt to get parsing info during refresh. "On-the-fly" syntax checking information may be incorrect. [C:/Users/Ryan Madden/Documents/GitHub/CPE233/CPE233 Labs/project_1/project_1.srcs/sources_1/new/lab1_fibonacci_seq_gen.v:]
WARNING: [filemgmt 56-199] Attempt to get parsing info during refresh. "On-the-fly" syntax checking information may be incorrect. [C:/Users/Ryan Madden/Documents/GitHub/CPE233/CPE233 Labs/project_1/project_1.srcs/sources_1/new/cntr_up_clr_nb.v:]
WARNING: [filemgmt 56-199] Attempt to get parsing info during refresh. "On-the-fly" syntax checking information may be incorrect. [C:/Users/Ryan Madden/Documents/GitHub/CPE233/CPE233 Labs/project_1/project_1.srcs/sources_1/new/mux_4t1_nb.v:]
WARNING: [filemgmt 56-199] Attempt to get parsing info during refresh. "On-the-fly" syntax checking information may be incorrect. [C:/Users/Ryan Madden/Documents/GitHub/CPE233/CPE233 Labs/project_1/project_1.srcs/sources_1/new/ProgramCounter_Mem.v:]
WARNING: [filemgmt 56-199] Attempt to get parsing info during refresh. "On-the-fly" syntax checking information may be incorrect. [C:/Users/Ryan Madden/Documents/GitHub/CPE233/CPE233 Labs/project_1/project_1.srcs/sources_1/new/rca_nb.v:]
WARNING: [filemgmt 56-199] Attempt to get parsing info during refresh. "On-the-fly" syntax checking information may be incorrect. [C:/Users/Ryan Madden/Documents/GitHub/CPE233/CPE233 Labs/project_1/project_1.srcs/sources_1/new/ProgramCounter.v:]
WARNING: [filemgmt 56-199] Attempt to get parsing info during refresh. "On-the-fly" syntax checking information may be incorrect. [C:/Users/Ryan Madden/Documents/GitHub/CPE233/CPE233 Labs/project_1/project_1.srcs/sources_1/new/clk_divider_nbit.sv:]
WARNING: [filemgmt 56-199] Attempt to get parsing info during refresh. "On-the-fly" syntax checking information may be incorrect. [C:/Users/Ryan Madden/Documents/GitHub/CPE233/CPE233 Labs/project_1/project_1.srcs/sources_1/new/lab1_fibonacci_seq_gen.v:]
WARNING: [filemgmt 56-199] Attempt to get parsing info during refresh. "On-the-fly" syntax checking information may be incorrect. [C:/Users/Ryan Madden/Documents/GitHub/CPE233/CPE233 Labs/project_1/project_1.srcs/sources_1/new/cntr_up_clr_nb.v:]
WARNING: [filemgmt 56-199] Attempt to get parsing info during refresh. "On-the-fly" syntax checking information may be incorrect. [C:/Users/Ryan Madden/Documents/GitHub/CPE233/CPE233 Labs/project_1/project_1.srcs/sources_1/new/mux_4t1_nb.v:]
WARNING: [filemgmt 56-199] Attempt to get parsing info during refresh. "On-the-fly" syntax checking information may be incorrect. [C:/Users/Ryan Madden/Documents/GitHub/CPE233/CPE233 Labs/project_1/project_1.srcs/sources_1/new/ProgramCounter_Mem.v:]
WARNING: [filemgmt 56-199] Attempt to get parsing info during refresh. "On-the-fly" syntax checking information may be incorrect. [C:/Users/Ryan Madden/Documents/GitHub/CPE233/CPE233 Labs/project_1/project_1.srcs/sources_1/new/rca_nb.v:]
exit
INFO: [Common 17-206] Exiting Vivado at Wed Jan 15 13:07:04 2020...
