Copyright 1986-2018 Xilinx, Inc. All Rights Reserved.
--------------------------------------------------------------------------------------------------------------------------------------------------------------------------------------------------------------
| Tool Version : Vivado v.2018.2 (win64) Build 2258646 Thu Jun 14 20:03:12 MDT 2018
| Date         : Fri Mar  6 12:17:10 2020
| Host         : DESKTOP-B3USB5J running 64-bit major release  (build 9200)
| Command      : report_timing_summary -max_paths 10 -file OTTER_Wrapper_timing_summary_routed.rpt -pb OTTER_Wrapper_timing_summary_routed.pb -rpx OTTER_Wrapper_timing_summary_routed.rpx -warn_on_violation
| Design       : OTTER_Wrapper
| Device       : 7a35t-cpg236
| Speed File   : -1  PRODUCTION 1.22 2018-03-21
--------------------------------------------------------------------------------------------------------------------------------------------------------------------------------------------------------------

Timing Summary Report

------------------------------------------------------------------------------------------------
| Timer Settings
| --------------
------------------------------------------------------------------------------------------------

  Enable Multi Corner Analysis               :  Yes
  Enable Pessimism Removal                   :  Yes
  Pessimism Removal Resolution               :  Nearest Common Node
  Enable Input Delay Default Clock           :  No
  Enable Preset / Clear Arcs                 :  No
  Disable Flight Delays                      :  No
  Ignore I/O Paths                           :  No
  Timing Early Launch at Borrowing Latches   :  false

  Corner  Analyze    Analyze    
  Name    Max Paths  Min Paths  
  ------  ---------  ---------  
  Slow    Yes        Yes        
  Fast    Yes        Yes        



check_timing report

Table of Contents
-----------------
1. checking no_clock
2. checking constant_clock
3. checking pulse_width_clock
4. checking unconstrained_internal_endpoints
5. checking no_input_delay
6. checking no_output_delay
7. checking multiple_clock
8. checking generated_clocks
9. checking loops
10. checking partial_input_delay
11. checking partial_output_delay
12. checking latch_loops

1. checking no_clock
--------------------
 There are 3 register/latch pins with no clock driven by root clock pin: my_otter/otter_memory/memory_reg_bram_10/DOBDO[15] (HIGH)

 There are 3 register/latch pins with no clock driven by root clock pin: my_otter/otter_memory/memory_reg_bram_10/DOBDO[16] (HIGH)

 There are 3 register/latch pins with no clock driven by root clock pin: my_otter/otter_memory/memory_reg_bram_10/DOBDO[17] (HIGH)

 There are 3 register/latch pins with no clock driven by root clock pin: my_otter/otter_memory/memory_reg_bram_10/DOBDO[18] (HIGH)

 There are 3 register/latch pins with no clock driven by root clock pin: my_otter/otter_memory/memory_reg_bram_10/DOBDO[19] (HIGH)

 There are 3 register/latch pins with no clock driven by root clock pin: my_otter/otter_memory/memory_reg_bram_10/DOBDO[20] (HIGH)

 There are 3 register/latch pins with no clock driven by root clock pin: my_otter/otter_memory/memory_reg_bram_10/DOBDO[21] (HIGH)

 There are 3 register/latch pins with no clock driven by root clock pin: my_otter/otter_memory/memory_reg_bram_10/DOBDO[22] (HIGH)

 There are 3 register/latch pins with no clock driven by root clock pin: my_otter/otter_memory/memory_reg_bram_10/DOBDO[23] (HIGH)

 There are 3 register/latch pins with no clock driven by root clock pin: my_otter/otter_memory/memory_reg_bram_10/DOBDO[24] (HIGH)

 There are 3 register/latch pins with no clock driven by root clock pin: my_otter/otter_memory/memory_reg_bram_11/DOBDO[15] (HIGH)

 There are 3 register/latch pins with no clock driven by root clock pin: my_otter/otter_memory/memory_reg_bram_11/DOBDO[16] (HIGH)

 There are 3 register/latch pins with no clock driven by root clock pin: my_otter/otter_memory/memory_reg_bram_11/DOBDO[17] (HIGH)

 There are 3 register/latch pins with no clock driven by root clock pin: my_otter/otter_memory/memory_reg_bram_11/DOBDO[18] (HIGH)

 There are 3 register/latch pins with no clock driven by root clock pin: my_otter/otter_memory/memory_reg_bram_11/DOBDO[19] (HIGH)

 There are 3 register/latch pins with no clock driven by root clock pin: my_otter/otter_memory/memory_reg_bram_11/DOBDO[20] (HIGH)

 There are 3 register/latch pins with no clock driven by root clock pin: my_otter/otter_memory/memory_reg_bram_11/DOBDO[21] (HIGH)

 There are 3 register/latch pins with no clock driven by root clock pin: my_otter/otter_memory/memory_reg_bram_11/DOBDO[22] (HIGH)

 There are 3 register/latch pins with no clock driven by root clock pin: my_otter/otter_memory/memory_reg_bram_11/DOBDO[23] (HIGH)

 There are 3 register/latch pins with no clock driven by root clock pin: my_otter/otter_memory/memory_reg_bram_11/DOBDO[24] (HIGH)

 There are 3 register/latch pins with no clock driven by root clock pin: my_otter/otter_memory/memory_reg_bram_12/DOBDO[15] (HIGH)

 There are 3 register/latch pins with no clock driven by root clock pin: my_otter/otter_memory/memory_reg_bram_12/DOBDO[16] (HIGH)

 There are 3 register/latch pins with no clock driven by root clock pin: my_otter/otter_memory/memory_reg_bram_12/DOBDO[17] (HIGH)

 There are 3 register/latch pins with no clock driven by root clock pin: my_otter/otter_memory/memory_reg_bram_12/DOBDO[18] (HIGH)

 There are 3 register/latch pins with no clock driven by root clock pin: my_otter/otter_memory/memory_reg_bram_12/DOBDO[19] (HIGH)

 There are 3 register/latch pins with no clock driven by root clock pin: my_otter/otter_memory/memory_reg_bram_12/DOBDO[20] (HIGH)

 There are 3 register/latch pins with no clock driven by root clock pin: my_otter/otter_memory/memory_reg_bram_12/DOBDO[21] (HIGH)

 There are 3 register/latch pins with no clock driven by root clock pin: my_otter/otter_memory/memory_reg_bram_12/DOBDO[22] (HIGH)

 There are 3 register/latch pins with no clock driven by root clock pin: my_otter/otter_memory/memory_reg_bram_12/DOBDO[23] (HIGH)

 There are 3 register/latch pins with no clock driven by root clock pin: my_otter/otter_memory/memory_reg_bram_12/DOBDO[24] (HIGH)

 There are 3 register/latch pins with no clock driven by root clock pin: my_otter/otter_memory/memory_reg_bram_13/DOBDO[15] (HIGH)

 There are 3 register/latch pins with no clock driven by root clock pin: my_otter/otter_memory/memory_reg_bram_13/DOBDO[16] (HIGH)

 There are 3 register/latch pins with no clock driven by root clock pin: my_otter/otter_memory/memory_reg_bram_13/DOBDO[17] (HIGH)

 There are 3 register/latch pins with no clock driven by root clock pin: my_otter/otter_memory/memory_reg_bram_13/DOBDO[18] (HIGH)

 There are 3 register/latch pins with no clock driven by root clock pin: my_otter/otter_memory/memory_reg_bram_13/DOBDO[19] (HIGH)

 There are 3 register/latch pins with no clock driven by root clock pin: my_otter/otter_memory/memory_reg_bram_13/DOBDO[20] (HIGH)

 There are 3 register/latch pins with no clock driven by root clock pin: my_otter/otter_memory/memory_reg_bram_13/DOBDO[21] (HIGH)

 There are 3 register/latch pins with no clock driven by root clock pin: my_otter/otter_memory/memory_reg_bram_13/DOBDO[22] (HIGH)

 There are 3 register/latch pins with no clock driven by root clock pin: my_otter/otter_memory/memory_reg_bram_13/DOBDO[23] (HIGH)

 There are 3 register/latch pins with no clock driven by root clock pin: my_otter/otter_memory/memory_reg_bram_13/DOBDO[24] (HIGH)

 There are 3 register/latch pins with no clock driven by root clock pin: my_otter/otter_memory/memory_reg_bram_14/DOBDO[15] (HIGH)

 There are 3 register/latch pins with no clock driven by root clock pin: my_otter/otter_memory/memory_reg_bram_14/DOBDO[16] (HIGH)

 There are 3 register/latch pins with no clock driven by root clock pin: my_otter/otter_memory/memory_reg_bram_14/DOBDO[17] (HIGH)

 There are 3 register/latch pins with no clock driven by root clock pin: my_otter/otter_memory/memory_reg_bram_14/DOBDO[18] (HIGH)

 There are 3 register/latch pins with no clock driven by root clock pin: my_otter/otter_memory/memory_reg_bram_14/DOBDO[19] (HIGH)

 There are 3 register/latch pins with no clock driven by root clock pin: my_otter/otter_memory/memory_reg_bram_14/DOBDO[20] (HIGH)

 There are 3 register/latch pins with no clock driven by root clock pin: my_otter/otter_memory/memory_reg_bram_14/DOBDO[21] (HIGH)

 There are 3 register/latch pins with no clock driven by root clock pin: my_otter/otter_memory/memory_reg_bram_14/DOBDO[22] (HIGH)

 There are 3 register/latch pins with no clock driven by root clock pin: my_otter/otter_memory/memory_reg_bram_14/DOBDO[23] (HIGH)

 There are 3 register/latch pins with no clock driven by root clock pin: my_otter/otter_memory/memory_reg_bram_14/DOBDO[24] (HIGH)

 There are 3 register/latch pins with no clock driven by root clock pin: my_otter/otter_memory/memory_reg_bram_15/DOBDO[15] (HIGH)

 There are 3 register/latch pins with no clock driven by root clock pin: my_otter/otter_memory/memory_reg_bram_15/DOBDO[16] (HIGH)

 There are 3 register/latch pins with no clock driven by root clock pin: my_otter/otter_memory/memory_reg_bram_15/DOBDO[17] (HIGH)

 There are 3 register/latch pins with no clock driven by root clock pin: my_otter/otter_memory/memory_reg_bram_15/DOBDO[18] (HIGH)

 There are 3 register/latch pins with no clock driven by root clock pin: my_otter/otter_memory/memory_reg_bram_15/DOBDO[19] (HIGH)

 There are 3 register/latch pins with no clock driven by root clock pin: my_otter/otter_memory/memory_reg_bram_15/DOBDO[20] (HIGH)

 There are 3 register/latch pins with no clock driven by root clock pin: my_otter/otter_memory/memory_reg_bram_15/DOBDO[21] (HIGH)

 There are 3 register/latch pins with no clock driven by root clock pin: my_otter/otter_memory/memory_reg_bram_15/DOBDO[22] (HIGH)

 There are 3 register/latch pins with no clock driven by root clock pin: my_otter/otter_memory/memory_reg_bram_15/DOBDO[23] (HIGH)

 There are 3 register/latch pins with no clock driven by root clock pin: my_otter/otter_memory/memory_reg_bram_15/DOBDO[24] (HIGH)

 There are 3 register/latch pins with no clock driven by root clock pin: my_otter/otter_memory/memory_reg_bram_16/DOBDO[15] (HIGH)

 There are 3 register/latch pins with no clock driven by root clock pin: my_otter/otter_memory/memory_reg_bram_16/DOBDO[16] (HIGH)

 There are 3 register/latch pins with no clock driven by root clock pin: my_otter/otter_memory/memory_reg_bram_16/DOBDO[17] (HIGH)

 There are 3 register/latch pins with no clock driven by root clock pin: my_otter/otter_memory/memory_reg_bram_16/DOBDO[18] (HIGH)

 There are 3 register/latch pins with no clock driven by root clock pin: my_otter/otter_memory/memory_reg_bram_16/DOBDO[19] (HIGH)

 There are 3 register/latch pins with no clock driven by root clock pin: my_otter/otter_memory/memory_reg_bram_16/DOBDO[20] (HIGH)

 There are 3 register/latch pins with no clock driven by root clock pin: my_otter/otter_memory/memory_reg_bram_16/DOBDO[21] (HIGH)

 There are 3 register/latch pins with no clock driven by root clock pin: my_otter/otter_memory/memory_reg_bram_16/DOBDO[22] (HIGH)

 There are 3 register/latch pins with no clock driven by root clock pin: my_otter/otter_memory/memory_reg_bram_16/DOBDO[23] (HIGH)

 There are 3 register/latch pins with no clock driven by root clock pin: my_otter/otter_memory/memory_reg_bram_16/DOBDO[24] (HIGH)

 There are 3 register/latch pins with no clock driven by root clock pin: my_otter/otter_memory/memory_reg_bram_17/DOBDO[15] (HIGH)

 There are 3 register/latch pins with no clock driven by root clock pin: my_otter/otter_memory/memory_reg_bram_17/DOBDO[16] (HIGH)

 There are 3 register/latch pins with no clock driven by root clock pin: my_otter/otter_memory/memory_reg_bram_17/DOBDO[17] (HIGH)

 There are 3 register/latch pins with no clock driven by root clock pin: my_otter/otter_memory/memory_reg_bram_17/DOBDO[18] (HIGH)

 There are 3 register/latch pins with no clock driven by root clock pin: my_otter/otter_memory/memory_reg_bram_17/DOBDO[19] (HIGH)

 There are 3 register/latch pins with no clock driven by root clock pin: my_otter/otter_memory/memory_reg_bram_17/DOBDO[20] (HIGH)

 There are 3 register/latch pins with no clock driven by root clock pin: my_otter/otter_memory/memory_reg_bram_17/DOBDO[21] (HIGH)

 There are 3 register/latch pins with no clock driven by root clock pin: my_otter/otter_memory/memory_reg_bram_17/DOBDO[22] (HIGH)

 There are 3 register/latch pins with no clock driven by root clock pin: my_otter/otter_memory/memory_reg_bram_17/DOBDO[23] (HIGH)

 There are 3 register/latch pins with no clock driven by root clock pin: my_otter/otter_memory/memory_reg_bram_17/DOBDO[24] (HIGH)

 There are 3 register/latch pins with no clock driven by root clock pin: my_otter/otter_memory/memory_reg_bram_18/DOBDO[15] (HIGH)

 There are 3 register/latch pins with no clock driven by root clock pin: my_otter/otter_memory/memory_reg_bram_18/DOBDO[16] (HIGH)

 There are 3 register/latch pins with no clock driven by root clock pin: my_otter/otter_memory/memory_reg_bram_18/DOBDO[17] (HIGH)

 There are 3 register/latch pins with no clock driven by root clock pin: my_otter/otter_memory/memory_reg_bram_18/DOBDO[18] (HIGH)

 There are 3 register/latch pins with no clock driven by root clock pin: my_otter/otter_memory/memory_reg_bram_18/DOBDO[19] (HIGH)

 There are 3 register/latch pins with no clock driven by root clock pin: my_otter/otter_memory/memory_reg_bram_18/DOBDO[20] (HIGH)

 There are 3 register/latch pins with no clock driven by root clock pin: my_otter/otter_memory/memory_reg_bram_18/DOBDO[21] (HIGH)

 There are 3 register/latch pins with no clock driven by root clock pin: my_otter/otter_memory/memory_reg_bram_18/DOBDO[22] (HIGH)

 There are 3 register/latch pins with no clock driven by root clock pin: my_otter/otter_memory/memory_reg_bram_18/DOBDO[23] (HIGH)

 There are 3 register/latch pins with no clock driven by root clock pin: my_otter/otter_memory/memory_reg_bram_18/DOBDO[24] (HIGH)

 There are 3 register/latch pins with no clock driven by root clock pin: my_otter/otter_memory/memory_reg_bram_19/DOBDO[15] (HIGH)

 There are 3 register/latch pins with no clock driven by root clock pin: my_otter/otter_memory/memory_reg_bram_19/DOBDO[16] (HIGH)

 There are 3 register/latch pins with no clock driven by root clock pin: my_otter/otter_memory/memory_reg_bram_19/DOBDO[17] (HIGH)

 There are 3 register/latch pins with no clock driven by root clock pin: my_otter/otter_memory/memory_reg_bram_19/DOBDO[18] (HIGH)

 There are 3 register/latch pins with no clock driven by root clock pin: my_otter/otter_memory/memory_reg_bram_19/DOBDO[19] (HIGH)

 There are 3 register/latch pins with no clock driven by root clock pin: my_otter/otter_memory/memory_reg_bram_19/DOBDO[20] (HIGH)

 There are 3 register/latch pins with no clock driven by root clock pin: my_otter/otter_memory/memory_reg_bram_19/DOBDO[21] (HIGH)

 There are 3 register/latch pins with no clock driven by root clock pin: my_otter/otter_memory/memory_reg_bram_19/DOBDO[22] (HIGH)

 There are 3 register/latch pins with no clock driven by root clock pin: my_otter/otter_memory/memory_reg_bram_19/DOBDO[23] (HIGH)

 There are 3 register/latch pins with no clock driven by root clock pin: my_otter/otter_memory/memory_reg_bram_19/DOBDO[24] (HIGH)

 There are 3 register/latch pins with no clock driven by root clock pin: my_otter/otter_memory/memory_reg_bram_20/DOBDO[15] (HIGH)

 There are 3 register/latch pins with no clock driven by root clock pin: my_otter/otter_memory/memory_reg_bram_20/DOBDO[16] (HIGH)

 There are 3 register/latch pins with no clock driven by root clock pin: my_otter/otter_memory/memory_reg_bram_20/DOBDO[17] (HIGH)

 There are 3 register/latch pins with no clock driven by root clock pin: my_otter/otter_memory/memory_reg_bram_20/DOBDO[18] (HIGH)

 There are 3 register/latch pins with no clock driven by root clock pin: my_otter/otter_memory/memory_reg_bram_20/DOBDO[19] (HIGH)

 There are 3 register/latch pins with no clock driven by root clock pin: my_otter/otter_memory/memory_reg_bram_20/DOBDO[20] (HIGH)

 There are 3 register/latch pins with no clock driven by root clock pin: my_otter/otter_memory/memory_reg_bram_20/DOBDO[21] (HIGH)

 There are 3 register/latch pins with no clock driven by root clock pin: my_otter/otter_memory/memory_reg_bram_20/DOBDO[22] (HIGH)

 There are 3 register/latch pins with no clock driven by root clock pin: my_otter/otter_memory/memory_reg_bram_20/DOBDO[23] (HIGH)

 There are 3 register/latch pins with no clock driven by root clock pin: my_otter/otter_memory/memory_reg_bram_20/DOBDO[24] (HIGH)

 There are 3 register/latch pins with no clock driven by root clock pin: my_otter/otter_memory/memory_reg_bram_21/DOBDO[15] (HIGH)

 There are 3 register/latch pins with no clock driven by root clock pin: my_otter/otter_memory/memory_reg_bram_21/DOBDO[16] (HIGH)

 There are 3 register/latch pins with no clock driven by root clock pin: my_otter/otter_memory/memory_reg_bram_21/DOBDO[17] (HIGH)

 There are 3 register/latch pins with no clock driven by root clock pin: my_otter/otter_memory/memory_reg_bram_21/DOBDO[18] (HIGH)

 There are 3 register/latch pins with no clock driven by root clock pin: my_otter/otter_memory/memory_reg_bram_21/DOBDO[19] (HIGH)

 There are 3 register/latch pins with no clock driven by root clock pin: my_otter/otter_memory/memory_reg_bram_21/DOBDO[20] (HIGH)

 There are 3 register/latch pins with no clock driven by root clock pin: my_otter/otter_memory/memory_reg_bram_21/DOBDO[21] (HIGH)

 There are 3 register/latch pins with no clock driven by root clock pin: my_otter/otter_memory/memory_reg_bram_21/DOBDO[22] (HIGH)

 There are 3 register/latch pins with no clock driven by root clock pin: my_otter/otter_memory/memory_reg_bram_21/DOBDO[23] (HIGH)

 There are 3 register/latch pins with no clock driven by root clock pin: my_otter/otter_memory/memory_reg_bram_21/DOBDO[24] (HIGH)

 There are 3 register/latch pins with no clock driven by root clock pin: my_otter/otter_memory/memory_reg_bram_22/DOBDO[15] (HIGH)

 There are 3 register/latch pins with no clock driven by root clock pin: my_otter/otter_memory/memory_reg_bram_22/DOBDO[16] (HIGH)

 There are 3 register/latch pins with no clock driven by root clock pin: my_otter/otter_memory/memory_reg_bram_22/DOBDO[17] (HIGH)

 There are 3 register/latch pins with no clock driven by root clock pin: my_otter/otter_memory/memory_reg_bram_22/DOBDO[18] (HIGH)

 There are 3 register/latch pins with no clock driven by root clock pin: my_otter/otter_memory/memory_reg_bram_22/DOBDO[19] (HIGH)

 There are 3 register/latch pins with no clock driven by root clock pin: my_otter/otter_memory/memory_reg_bram_22/DOBDO[20] (HIGH)

 There are 3 register/latch pins with no clock driven by root clock pin: my_otter/otter_memory/memory_reg_bram_22/DOBDO[21] (HIGH)

 There are 3 register/latch pins with no clock driven by root clock pin: my_otter/otter_memory/memory_reg_bram_22/DOBDO[22] (HIGH)

 There are 3 register/latch pins with no clock driven by root clock pin: my_otter/otter_memory/memory_reg_bram_22/DOBDO[23] (HIGH)

 There are 3 register/latch pins with no clock driven by root clock pin: my_otter/otter_memory/memory_reg_bram_22/DOBDO[24] (HIGH)

 There are 3 register/latch pins with no clock driven by root clock pin: my_otter/otter_memory/memory_reg_bram_23/DOBDO[15] (HIGH)

 There are 3 register/latch pins with no clock driven by root clock pin: my_otter/otter_memory/memory_reg_bram_23/DOBDO[16] (HIGH)

 There are 3 register/latch pins with no clock driven by root clock pin: my_otter/otter_memory/memory_reg_bram_23/DOBDO[17] (HIGH)

 There are 3 register/latch pins with no clock driven by root clock pin: my_otter/otter_memory/memory_reg_bram_23/DOBDO[18] (HIGH)

 There are 3 register/latch pins with no clock driven by root clock pin: my_otter/otter_memory/memory_reg_bram_23/DOBDO[19] (HIGH)

 There are 3 register/latch pins with no clock driven by root clock pin: my_otter/otter_memory/memory_reg_bram_23/DOBDO[20] (HIGH)

 There are 3 register/latch pins with no clock driven by root clock pin: my_otter/otter_memory/memory_reg_bram_23/DOBDO[21] (HIGH)

 There are 3 register/latch pins with no clock driven by root clock pin: my_otter/otter_memory/memory_reg_bram_23/DOBDO[22] (HIGH)

 There are 3 register/latch pins with no clock driven by root clock pin: my_otter/otter_memory/memory_reg_bram_23/DOBDO[23] (HIGH)

 There are 3 register/latch pins with no clock driven by root clock pin: my_otter/otter_memory/memory_reg_bram_23/DOBDO[24] (HIGH)

 There are 3 register/latch pins with no clock driven by root clock pin: my_otter/otter_memory/memory_reg_bram_8/DOBDO[15] (HIGH)

 There are 3 register/latch pins with no clock driven by root clock pin: my_otter/otter_memory/memory_reg_bram_8/DOBDO[16] (HIGH)

 There are 3 register/latch pins with no clock driven by root clock pin: my_otter/otter_memory/memory_reg_bram_8/DOBDO[17] (HIGH)

 There are 3 register/latch pins with no clock driven by root clock pin: my_otter/otter_memory/memory_reg_bram_8/DOBDO[18] (HIGH)

 There are 3 register/latch pins with no clock driven by root clock pin: my_otter/otter_memory/memory_reg_bram_8/DOBDO[19] (HIGH)

 There are 3 register/latch pins with no clock driven by root clock pin: my_otter/otter_memory/memory_reg_bram_8/DOBDO[20] (HIGH)

 There are 3 register/latch pins with no clock driven by root clock pin: my_otter/otter_memory/memory_reg_bram_8/DOBDO[21] (HIGH)

 There are 3 register/latch pins with no clock driven by root clock pin: my_otter/otter_memory/memory_reg_bram_8/DOBDO[22] (HIGH)

 There are 3 register/latch pins with no clock driven by root clock pin: my_otter/otter_memory/memory_reg_bram_8/DOBDO[23] (HIGH)

 There are 3 register/latch pins with no clock driven by root clock pin: my_otter/otter_memory/memory_reg_bram_8/DOBDO[24] (HIGH)

 There are 3 register/latch pins with no clock driven by root clock pin: my_otter/otter_memory/memory_reg_bram_9/DOBDO[15] (HIGH)

 There are 3 register/latch pins with no clock driven by root clock pin: my_otter/otter_memory/memory_reg_bram_9/DOBDO[16] (HIGH)

 There are 3 register/latch pins with no clock driven by root clock pin: my_otter/otter_memory/memory_reg_bram_9/DOBDO[17] (HIGH)

 There are 3 register/latch pins with no clock driven by root clock pin: my_otter/otter_memory/memory_reg_bram_9/DOBDO[18] (HIGH)

 There are 3 register/latch pins with no clock driven by root clock pin: my_otter/otter_memory/memory_reg_bram_9/DOBDO[19] (HIGH)

 There are 3 register/latch pins with no clock driven by root clock pin: my_otter/otter_memory/memory_reg_bram_9/DOBDO[20] (HIGH)

 There are 3 register/latch pins with no clock driven by root clock pin: my_otter/otter_memory/memory_reg_bram_9/DOBDO[21] (HIGH)

 There are 3 register/latch pins with no clock driven by root clock pin: my_otter/otter_memory/memory_reg_bram_9/DOBDO[22] (HIGH)

 There are 3 register/latch pins with no clock driven by root clock pin: my_otter/otter_memory/memory_reg_bram_9/DOBDO[23] (HIGH)

 There are 3 register/latch pins with no clock driven by root clock pin: my_otter/otter_memory/memory_reg_bram_9/DOBDO[24] (HIGH)

 There are 3 register/latch pins with no clock driven by root clock pin: my_otter/otter_memory/memory_reg_mux_sel_reg_4/Q (HIGH)

 There are 3 register/latch pins with no clock driven by root clock pin: my_otter/otter_memory/memory_reg_mux_sel_reg_5/Q (HIGH)

 There are 3 register/latch pins with no clock driven by root clock pin: my_otter/otter_memory/memory_reg_mux_sel_reg_6/Q (HIGH)

 There are 3 register/latch pins with no clock driven by root clock pin: my_otter/otter_memory/memory_reg_mux_sel_reg_7/Q (HIGH)

 There are 248 register/latch pins with no clock driven by root clock pin: s_clk_reg/Q (HIGH)


2. checking constant_clock
--------------------------
 There are 0 register/latch pins with constant_clock.


3. checking pulse_width_clock
-----------------------------
 There are 0 register/latch pins which need pulse_width check


4. checking unconstrained_internal_endpoints
--------------------------------------------
 There are 1350 pins that are not constrained for maximum delay. (HIGH)

 There are 0 pins that are not constrained for maximum delay due to constant clock.


5. checking no_input_delay
--------------------------
 There are 21 input ports with no input delay specified. (HIGH)

 There are 0 input ports with no input delay but user has a false path constraint.


6. checking no_output_delay
---------------------------
 There are 28 ports with no output delay specified. (HIGH)

 There are 0 ports with no output delay but user has a false path constraint

 There are 0 ports with no output delay but with a timing clock defined on it or propagating through it


7. checking multiple_clock
--------------------------
 There are 0 register/latch pins with multiple clocks.


8. checking generated_clocks
----------------------------
 There are 0 generated clocks that are not connected to a clock source.


9. checking loops
-----------------
 There are 0 combinational loops in the design.


10. checking partial_input_delay
--------------------------------
 There are 0 input ports with partial input delay specified.


11. checking partial_output_delay
---------------------------------
 There are 0 ports with partial output delay specified.


12. checking latch_loops
------------------------
 There are 0 combinational latch loops in the design through latch input



------------------------------------------------------------------------------------------------
| Design Timing Summary
| ---------------------
------------------------------------------------------------------------------------------------

    WNS(ns)      TNS(ns)  TNS Failing Endpoints  TNS Total Endpoints      WHS(ns)      THS(ns)  THS Failing Endpoints  THS Total Endpoints     WPWS(ns)     TPWS(ns)  TPWS Failing Endpoints  TPWS Total Endpoints  
    -------      -------  ---------------------  -------------------      -------      -------  ---------------------  -------------------     --------     --------  ----------------------  --------------------  
      8.661        0.000                      0                    1        0.380        0.000                      0                    1        4.500        0.000                       0                     2  


All user specified timing constraints are met.


------------------------------------------------------------------------------------------------
| Clock Summary
| -------------
------------------------------------------------------------------------------------------------

Clock        Waveform(ns)       Period(ns)      Frequency(MHz)
-----        ------------       ----------      --------------
sys_clk_pin  {0.000 5.000}      10.000          100.000         


------------------------------------------------------------------------------------------------
| Intra Clock Table
| -----------------
------------------------------------------------------------------------------------------------

Clock             WNS(ns)      TNS(ns)  TNS Failing Endpoints  TNS Total Endpoints      WHS(ns)      THS(ns)  THS Failing Endpoints  THS Total Endpoints     WPWS(ns)     TPWS(ns)  TPWS Failing Endpoints  TPWS Total Endpoints  
-----             -------      -------  ---------------------  -------------------      -------      -------  ---------------------  -------------------     --------     --------  ----------------------  --------------------  
sys_clk_pin         8.661        0.000                      0                    1        0.380        0.000                      0                    1        4.500        0.000                       0                     2  


------------------------------------------------------------------------------------------------
| Inter Clock Table
| -----------------
------------------------------------------------------------------------------------------------

From Clock    To Clock          WNS(ns)      TNS(ns)  TNS Failing Endpoints  TNS Total Endpoints      WHS(ns)      THS(ns)  THS Failing Endpoints  THS Total Endpoints  
----------    --------          -------      -------  ---------------------  -------------------      -------      -------  ---------------------  -------------------  


------------------------------------------------------------------------------------------------
| Other Path Groups Table
| -----------------------
------------------------------------------------------------------------------------------------

Path Group    From Clock    To Clock          WNS(ns)      TNS(ns)  TNS Failing Endpoints  TNS Total Endpoints      WHS(ns)      THS(ns)  THS Failing Endpoints  THS Total Endpoints  
----------    ----------    --------          -------      -------  ---------------------  -------------------      -------      -------  ---------------------  -------------------  


------------------------------------------------------------------------------------------------
| Timing Details
| --------------
------------------------------------------------------------------------------------------------


---------------------------------------------------------------------------------------------------
From Clock:  sys_clk_pin
  To Clock:  sys_clk_pin

Setup :            0  Failing Endpoints,  Worst Slack        8.661ns,  Total Violation        0.000ns
Hold  :            0  Failing Endpoints,  Worst Slack        0.380ns,  Total Violation        0.000ns
PW    :            0  Failing Endpoints,  Worst Slack        4.500ns,  Total Violation        0.000ns
---------------------------------------------------------------------------------------------------


Max Delay Paths
--------------------------------------------------------------------------------------
Slack (MET) :             8.661ns  (required time - arrival time)
  Source:                 s_clk_reg/C
                            (rising edge-triggered cell FDRE clocked by sys_clk_pin  {rise@0.000ns fall@5.000ns period=10.000ns})
  Destination:            s_clk_reg/D
                            (rising edge-triggered cell FDRE clocked by sys_clk_pin  {rise@0.000ns fall@5.000ns period=10.000ns})
  Path Group:             sys_clk_pin
  Path Type:              Setup (Max at Slow Process Corner)
  Requirement:            10.000ns  (sys_clk_pin rise@10.000ns - sys_clk_pin rise@0.000ns)
  Data Path Delay:        1.333ns  (logic 0.580ns (43.520%)  route 0.753ns (56.480%))
  Logic Levels:           1  (LUT1=1)
  Clock Path Skew:        0.000ns (DCD - SCD + CPR)
    Destination Clock Delay (DCD):    4.786ns = ( 14.786 - 10.000 ) 
    Source Clock Delay      (SCD):    5.086ns
    Clock Pessimism Removal (CPR):    0.300ns
  Clock Uncertainty:      0.035ns  ((TSJ^2 + TIJ^2)^1/2 + DJ) / 2 + PE
    Total System Jitter     (TSJ):    0.071ns
    Total Input Jitter      (TIJ):    0.000ns
    Discrete Jitter          (DJ):    0.000ns
    Phase Error              (PE):    0.000ns

    Location             Delay type                Incr(ns)  Path(ns)    Netlist Resource(s)
  -------------------------------------------------------------------    -------------------
                         (clock sys_clk_pin rise edge)
                                                      0.000     0.000 r  
    W5                                                0.000     0.000 r  CLK (IN)
                         net (fo=0)                   0.000     0.000    CLK
    W5                   IBUF (Prop_ibuf_I_O)         1.458     1.458 r  CLK_IBUF_inst/O
                         net (fo=1, routed)           1.967     3.425    CLK_IBUF
    BUFGCTRL_X0Y1        BUFG (Prop_bufg_I_O)         0.096     3.521 r  CLK_IBUF_BUFG_inst/O
                         net (fo=1, routed)           1.565     5.086    CLK_IBUF_BUFG
    SLICE_X36Y46         FDRE                                         r  s_clk_reg/C
  -------------------------------------------------------------------    -------------------
    SLICE_X36Y46         FDRE (Prop_fdre_C_Q)         0.456     5.542 f  s_clk_reg/Q
                         net (fo=2, routed)           0.753     6.295    s_clk
    SLICE_X36Y46         LUT1 (Prop_lut1_I0_O)        0.124     6.419 r  s_clk_i_1/O
                         net (fo=1, routed)           0.000     6.419    p_0_in
    SLICE_X36Y46         FDRE                                         r  s_clk_reg/D
  -------------------------------------------------------------------    -------------------

                         (clock sys_clk_pin rise edge)
                                                     10.000    10.000 r  
    W5                                                0.000    10.000 r  CLK (IN)
                         net (fo=0)                   0.000    10.000    CLK
    W5                   IBUF (Prop_ibuf_I_O)         1.388    11.388 r  CLK_IBUF_inst/O
                         net (fo=1, routed)           1.862    13.250    CLK_IBUF
    BUFGCTRL_X0Y1        BUFG (Prop_bufg_I_O)         0.091    13.341 r  CLK_IBUF_BUFG_inst/O
                         net (fo=1, routed)           1.445    14.786    CLK_IBUF_BUFG
    SLICE_X36Y46         FDRE                                         r  s_clk_reg/C
                         clock pessimism              0.300    15.086    
                         clock uncertainty           -0.035    15.051    
    SLICE_X36Y46         FDRE (Setup_fdre_C_D)        0.029    15.080    s_clk_reg
  -------------------------------------------------------------------
                         required time                         15.080    
                         arrival time                          -6.419    
  -------------------------------------------------------------------
                         slack                                  8.661    





Min Delay Paths
--------------------------------------------------------------------------------------
Slack (MET) :             0.380ns  (arrival time - required time)
  Source:                 s_clk_reg/C
                            (rising edge-triggered cell FDRE clocked by sys_clk_pin  {rise@0.000ns fall@5.000ns period=10.000ns})
  Destination:            s_clk_reg/D
                            (rising edge-triggered cell FDRE clocked by sys_clk_pin  {rise@0.000ns fall@5.000ns period=10.000ns})
  Path Group:             sys_clk_pin
  Path Type:              Hold (Min at Fast Process Corner)
  Requirement:            0.000ns  (sys_clk_pin rise@0.000ns - sys_clk_pin rise@0.000ns)
  Data Path Delay:        0.471ns  (logic 0.186ns (39.514%)  route 0.285ns (60.486%))
  Logic Levels:           1  (LUT1=1)
  Clock Path Skew:        0.000ns (DCD - SCD - CPR)
    Destination Clock Delay (DCD):    1.959ns
    Source Clock Delay      (SCD):    1.446ns
    Clock Pessimism Removal (CPR):    0.513ns

    Location             Delay type                Incr(ns)  Path(ns)    Netlist Resource(s)
  -------------------------------------------------------------------    -------------------
                         (clock sys_clk_pin rise edge)
                                                      0.000     0.000 r  
    W5                                                0.000     0.000 r  CLK (IN)
                         net (fo=0)                   0.000     0.000    CLK
    W5                   IBUF (Prop_ibuf_I_O)         0.226     0.226 r  CLK_IBUF_inst/O
                         net (fo=1, routed)           0.631     0.858    CLK_IBUF
    BUFGCTRL_X0Y1        BUFG (Prop_bufg_I_O)         0.026     0.884 r  CLK_IBUF_BUFG_inst/O
                         net (fo=1, routed)           0.563     1.446    CLK_IBUF_BUFG
    SLICE_X36Y46         FDRE                                         r  s_clk_reg/C
  -------------------------------------------------------------------    -------------------
    SLICE_X36Y46         FDRE (Prop_fdre_C_Q)         0.141     1.587 f  s_clk_reg/Q
                         net (fo=2, routed)           0.285     1.872    s_clk
    SLICE_X36Y46         LUT1 (Prop_lut1_I0_O)        0.045     1.917 r  s_clk_i_1/O
                         net (fo=1, routed)           0.000     1.917    p_0_in
    SLICE_X36Y46         FDRE                                         r  s_clk_reg/D
  -------------------------------------------------------------------    -------------------

                         (clock sys_clk_pin rise edge)
                                                      0.000     0.000 r  
    W5                                                0.000     0.000 r  CLK (IN)
                         net (fo=0)                   0.000     0.000    CLK
    W5                   IBUF (Prop_ibuf_I_O)         0.414     0.414 r  CLK_IBUF_inst/O
                         net (fo=1, routed)           0.685     1.099    CLK_IBUF
    BUFGCTRL_X0Y1        BUFG (Prop_bufg_I_O)         0.029     1.128 r  CLK_IBUF_BUFG_inst/O
                         net (fo=1, routed)           0.832     1.959    CLK_IBUF_BUFG
    SLICE_X36Y46         FDRE                                         r  s_clk_reg/C
                         clock pessimism             -0.513     1.446    
    SLICE_X36Y46         FDRE (Hold_fdre_C_D)         0.091     1.537    s_clk_reg
  -------------------------------------------------------------------
                         required time                         -1.537    
                         arrival time                           1.917    
  -------------------------------------------------------------------
                         slack                                  0.380    





Pulse Width Checks
--------------------------------------------------------------------------------------
Clock Name:         sys_clk_pin
Waveform(ns):       { 0.000 5.000 }
Period(ns):         10.000
Sources:            { CLK }

Check Type        Corner  Lib Pin  Reference Pin  Required(ns)  Actual(ns)  Slack(ns)  Location       Pin
Min Period        n/a     BUFG/I   n/a            2.155         10.000      7.845      BUFGCTRL_X0Y1  CLK_IBUF_BUFG_inst/I
Min Period        n/a     FDRE/C   n/a            1.000         10.000      9.000      SLICE_X36Y46   s_clk_reg/C
Low Pulse Width   Slow    FDRE/C   n/a            0.500         5.000       4.500      SLICE_X36Y46   s_clk_reg/C
Low Pulse Width   Fast    FDRE/C   n/a            0.500         5.000       4.500      SLICE_X36Y46   s_clk_reg/C
High Pulse Width  Fast    FDRE/C   n/a            0.500         5.000       4.500      SLICE_X36Y46   s_clk_reg/C
High Pulse Width  Slow    FDRE/C   n/a            0.500         5.000       4.500      SLICE_X36Y46   s_clk_reg/C



