#
# A fatal error has been detected by the Java Runtime Environment:
#
#  EXCEPTION_ACCESS_VIOLATION (0xc0000005) at pc=0x00007ffdb1934980, pid=2940, tid=0x000000000000076c
#
# JRE version: Java(TM) SE Runtime Environment (8.0_112-b15) (build 1.8.0_112-b15)
# Java VM: Java HotSpot(TM) 64-Bit Server VM (25.112-b15 mixed mode windows-amd64 compressed oops)
# Problematic frame:
# C  [librdi_wavedata.dll+0x414980]
#
# Failed to write core dump. Minidumps are not enabled by default on client versions of Windows
#
# If you would like to submit a bug report, please visit:
#   http://bugreport.java.com/bugreport/crash.jsp
# The crash happened outside the Java Virtual Machine in native code.
# See problematic frame for where to report the bug.
#

---------------  T H R E A D  ---------------

Current thread (0x0000025f72494800):  JavaThread "AWT-EventQueue-0" [_thread_in_native, id=1900, stack(0x000000c14c800000,0x000000c14cd00000)]

siginfo: ExceptionCode=0xc0000005, ExceptionInformation=0x0000000000000008 0x00007ffdb1934980

Registers:
RAX=0x00007ffdb18df0e0, RBX=0x0000000000000000, RCX=0x0000025f55aceee0, RDX=0x0000000000000000
RSP=0x000000c14ccfc8f8, RBP=0x000000c14ccfca50, RSI=0x0000025f7df5c0d0, RDI=0x000000c14ccfca38
R8 =0x00007ffdb193460c, R9 =0x0000000000000000, R10=0x0000000000000001, R11=0x000000c14ccfc8d0
R12=0x0000000000000000, R13=0x0000000000000000, R14=0x0000025f55aceee0, R15=0x0000000004d4212d
RIP=0x00007ffdb1934980, EFLAGS=0x0000000000010246

Top of Stack: (sp=0x000000c14ccfc8f8)
0x000000c14ccfc8f8:   00007ffdb16d758e 0000025f7de6f590
0x000000c14ccfc908:   0000025f7de6f590 0000025f7df5c0d0
0x000000c14ccfc918:   0000025f7df5c0d0 0000000700000000
0x000000c14ccfc928:   0000000100000000 0000000700000001
0x000000c14ccfc938:   0000000000000001 f120000000000000
0x000000c14ccfc948:   0000000000010000 fffffffffffffffe
0x000000c14ccfc958:   000000c14ccfca38 0000000000000000
0x000000c14ccfc968:   0000025f4d260000 0000000702d49240
0x000000c14ccfc978:   0000135a464c9bf6 0000025f7cb13010
0x000000c14ccfc988:   0000135a464c9ab6 0000000004d4212d
0x000000c14ccfc998:   0000025f7de6f590 0000000000000000
0x000000c14ccfc9a8:   0000025f5463b2b0 000000c14ccfcc68
0x000000c14ccfc9b8:   000000c14ccfcad0 000000c14ccfcc88
0x000000c14ccfc9c8:   00007ffdb175225f 0000000000000000
0x000000c14ccfc9d8:   0000000000000008 0000000000000030
0x000000c14ccfc9e8:   0000000000000000 000000c14ccfca50 

Instructions: (pc=0x00007ffdb1934980)
0x00007ffdb1934960:   00 00 00 00 ff ff ff ff 00 00 00 00 40 00 00 00
0x00007ffdb1934970:   08 49 41 00 00 00 00 00 00 00 00 00 00 00 00 00
0x00007ffdb1934980:   01 00 00 00 00 00 00 00 00 00 00 00 90 67 53 00
0x00007ffdb1934990:   a8 49 41 00 80 49 41 00 00 00 00 00 00 00 00 00 


Register to memory mapping:

RAX=0x00007ffdb18df0e0 is an unknown value
RBX=0x0000000000000000 is an unknown value
RCX=0x0000025f55aceee0 is an unknown value
RDX=0x0000000000000000 is an unknown value
RSP=0x000000c14ccfc8f8 is pointing into the stack for thread: 0x0000025f72494800
RBP=0x000000c14ccfca50 is pointing into the stack for thread: 0x0000025f72494800
RSI=0x0000025f7df5c0d0 is an unknown value
RDI=0x000000c14ccfca38 is pointing into the stack for thread: 0x0000025f72494800
R8 =0x00007ffdb193460c is an unknown value
R9 =0x0000000000000000 is an unknown value
R10=0x0000000000000001 is an unknown value
R11=0x000000c14ccfc8d0 is pointing into the stack for thread: 0x0000025f72494800
R12=0x0000000000000000 is an unknown value
R13=0x0000000000000000 is an unknown value
R14=0x0000025f55aceee0 is an unknown value
R15=0x0000000004d4212d is an unknown value


Stack: [0x000000c14c800000,0x000000c14cd00000],  sp=0x000000c14ccfc8f8,  free space=5106k
Native frames: (J=compiled Java code, j=interpreted, Vv=VM code, C=native code)
C  [librdi_wavedata.dll+0x414980]

Java frames: (J=compiled Java code, j=interpreted, Vv=VM code)
j  ui.views.waveform.waveformi.WVExecutive_getTooltipTextDelayed(J)Ljava/lang/String;+0
j  ui.views.waveform.executive.a.gqy()Ljava/lang/String;+4
j  ui.views.waveform.b.a.bH(Ljava/awt/event/MouseEvent;)V+85
j  ui.views.waveform.b.a.bG(Ljava/awt/event/MouseEvent;)V+24
j  ui.views.waveform.b.a.mouseMoved(Ljava/awt/event/MouseEvent;)V+28
J 13471 C2 java.awt.AWTEventMulticaster.mouseMoved(Ljava/awt/event/MouseEvent;)V (27 bytes) @ 0x0000025f59484e54 [0x0000025f59484da0+0xb4]
J 16466 C2 javax.swing.JComponent.processMouseMotionEvent(Ljava/awt/event/MouseEvent;)V (46 bytes) @ 0x0000025f57fdf554 [0x0000025f57fdf2e0+0x274]
j  ui.frmwork.c.i.processMouseMotionEvent(Ljava/awt/event/MouseEvent;)V+109
J 15311 C2 java.awt.Container.processEvent(Ljava/awt/AWTEvent;)V (22 bytes) @ 0x0000025f580f17d4 [0x0000025f580f1600+0x1d4]
J 19533 C1 java.awt.Component.dispatchEventImpl(Ljava/awt/AWTEvent;)V (883 bytes) @ 0x0000025f58302284 [0x0000025f582fcbc0+0x56c4]
J 18889 C2 java.awt.Container.dispatchEventImpl(Ljava/awt/AWTEvent;)V (129 bytes) @ 0x0000025f5900abd8 [0x0000025f5900ab80+0x58]
J 19014 C2 java.awt.LightweightDispatcher.retargetMouseEvent(Ljava/awt/Component;ILjava/awt/event/MouseEvent;)V (350 bytes) @ 0x0000025f59e43214 [0x0000025f59e42f60+0x2b4]
J 13532 C2 java.awt.LightweightDispatcher.processMouseEvent(Ljava/awt/event/MouseEvent;)Z (286 bytes) @ 0x0000025f58f3d4d4 [0x0000025f58f3cfc0+0x514]
J 18889 C2 java.awt.Container.dispatchEventImpl(Ljava/awt/AWTEvent;)V (129 bytes) @ 0x0000025f5900ae8c [0x0000025f5900ab80+0x30c]
J 13345 C2 java.awt.Window.dispatchEventImpl(Ljava/awt/AWTEvent;)V (23 bytes) @ 0x0000025f58cb918c [0x0000025f58cb9140+0x4c]
J 14290 C2 java.awt.EventQueue$3.run()Ljava/lang/Object; (5 bytes) @ 0x0000025f5951f354 [0x0000025f5951ef60+0x3f4]
v  ~StubRoutines::call_stub
J 2242  java.security.AccessController.doPrivileged(Ljava/security/PrivilegedAction;Ljava/security/AccessControlContext;)Ljava/lang/Object; (0 bytes) @ 0x0000025f575b1866 [0x0000025f575b1800+0x66]
J 13323 C2 java.awt.EventQueue$4.run()Ljava/lang/Object; (5 bytes) @ 0x0000025f57e035bc [0x0000025f57e03520+0x9c]
v  ~StubRoutines::call_stub
J 2242  java.security.AccessController.doPrivileged(Ljava/security/PrivilegedAction;Ljava/security/AccessControlContext;)Ljava/lang/Object; (0 bytes) @ 0x0000025f575b1866 [0x0000025f575b1800+0x66]
J 11595 C2 ui.frmwork.b.d.dispatchEvent(Ljava/awt/AWTEvent;)V (45 bytes) @ 0x0000025f59009058 [0x0000025f59008e80+0x1d8]
J 19153 C2 java.awt.EventDispatchThread.pumpOneEventForFilters(I)V (295 bytes) @ 0x0000025f5870f23c [0x0000025f5870ee40+0x3fc]
J 14542% C2 java.awt.EventDispatchThread.pumpEventsForFilter(ILjava/awt/Conditional;Ljava/awt/EventFilter;)V (47 bytes) @ 0x0000025f58d6f140 [0x0000025f58d6f040+0x100]
j  java.awt.EventDispatchThread.pumpEventsForHierarchy(ILjava/awt/Conditional;Ljava/awt/Component;)V+11
j  java.awt.EventDispatchThread.pumpEvents(ILjava/awt/Conditional;)V+4
j  java.awt.EventDispatchThread.pumpEvents(Ljava/awt/Conditional;)V+3
j  java.awt.EventDispatchThread.run()V+9
v  ~StubRoutines::call_stub

---------------  P R O C E S S  ---------------

Java Threads: ( => current thread )
  0x0000025f779da800 JavaThread "Relaunch Simulation" [_thread_blocked, id=10072, stack(0x000000c152a00000,0x000000c152f00000)]
  0x0000025f779dc000 JavaThread "Monitor File Timestamp Swing Worker" [_thread_blocked, id=12476, stack(0x000000c152500000,0x000000c152a00000)]
  0x0000025f779e0800 JavaThread "Timer-5" [_thread_blocked, id=4936, stack(0x000000c152000000,0x000000c152500000)]
  0x0000025f779de800 JavaThread "Monitor File Timestamp Swing Worker" [_thread_blocked, id=1304, stack(0x000000c151600000,0x000000c151b00000)]
  0x0000025f779da000 JavaThread "Timer-4" [_thread_blocked, id=12152, stack(0x000000c151100000,0x000000c151600000)]
  0x0000025f779dd000 JavaThread "Swing-Shell" daemon [_thread_blocked, id=2816, stack(0x000000c14e900000,0x000000c14ee00000)]
  0x0000025f779e0000 JavaThread "Thread-901" [_thread_in_native, id=2808, stack(0x000000c14dc00000,0x000000c14dd00000)]
  0x0000025f779d7000 JavaThread "Thread-898" [_thread_in_native, id=1608, stack(0x000000c146900000,0x000000c146a00000)]
  0x0000025f779dd800 JavaThread "Thread-897" [_thread_in_native, id=6268, stack(0x000000c146800000,0x000000c146900000)]
  0x0000025f779d9000 JavaThread "Thread-777" [_thread_in_native, id=4124, stack(0x000000c14dc00000,0x000000c14dd00000)]
  0x0000025f779db800 JavaThread "Thread-776" [_thread_in_native, id=8332, stack(0x000000c146a00000,0x000000c146b00000)]
  0x0000025f779d8800 JavaThread "Thread-632" [_thread_in_native, id=3292, stack(0x000000c146900000,0x000000c146a00000)]
  0x0000025f72beb800 JavaThread "Thread-631" [_thread_in_native, id=8816, stack(0x000000c146800000,0x000000c146900000)]
  0x0000025f7008a800 JavaThread "Monitor File Timestamp Swing Worker" [_thread_blocked, id=8936, stack(0x000000c150700000,0x000000c150c00000)]
  0x0000025f70081800 JavaThread "Timer-1" [_thread_blocked, id=12664, stack(0x000000c14be00000,0x000000c14c300000)]
  0x0000025f7008a000 JavaThread "Thread-612" [_thread_in_native, id=5628, stack(0x000000c146900000,0x000000c146a00000)]
  0x0000025f70081000 JavaThread "Thread-611" [_thread_in_native, id=4112, stack(0x000000c146800000,0x000000c146900000)]
  0x0000025f7008b800 JavaThread "Image Animator 0" daemon [_thread_blocked, id=11580, stack(0x000000c151b00000,0x000000c152000000)]
  0x0000025f70082800 JavaThread "SyntheticaAnimation 50" daemon [_thread_blocked, id=10452, stack(0x000000c150200000,0x000000c150700000)]
  0x0000025f70085800 JavaThread "SyntheticaAnimation 50" daemon [_thread_blocked, id=10448, stack(0x000000c14fd00000,0x000000c150200000)]
  0x0000025f70084800 JavaThread "Thread-23" [_thread_in_native, id=8580, stack(0x000000c14ea00000,0x000000c14eb00000)]
  0x0000025f70084000 JavaThread "Thread-22" [_thread_in_native, id=8724, stack(0x000000c14e900000,0x000000c14ea00000)]
  0x0000025f72bed800 JavaThread "hw_ila_monitor" [_thread_blocked, id=3100, stack(0x000000c14d200000,0x000000c14d700000)]
  0x0000025f72bed000 JavaThread "Update Runs Swing Worker" [_thread_blocked, id=3264, stack(0x000000c14f800000,0x000000c14fd00000)]
  0x0000025f72be7800 JavaThread "Refresh Filesets Swing Worker" [_thread_blocked, id=1136, stack(0x000000c14f300000,0x000000c14f800000)]
  0x0000025f72be8800 JavaThread "SyntheticaAnimation 70" daemon [_thread_blocked, id=13204, stack(0x000000c14ee00000,0x000000c14f300000)]
  0x0000025f72bee800 JavaThread "SyntheticaAnimation 25" daemon [_thread_blocked, id=8948, stack(0x000000c14e400000,0x000000c14e900000)]
  0x0000025f72bea800 JavaThread "SyntheticaAnimation 50" daemon [_thread_blocked, id=9044, stack(0x000000c14df00000,0x000000c14e400000)]
  0x0000025f72be9000 JavaThread "SyntheticaCleanerThread" daemon [_thread_blocked, id=9820, stack(0x000000c14d700000,0x000000c14dc00000)]
  0x0000025f7071b000 JavaThread "Batik CleanerThread" daemon [_thread_blocked, id=9816, stack(0x000000c14c300000,0x000000c14c800000)]
  0x0000025f70684800 JavaThread "Process Messages" [_thread_blocked, id=400, stack(0x000000c14cd00000,0x000000c14d200000)]
  0x0000025f70683000 JavaThread "Thread-3" [_thread_in_native, id=5156, stack(0x000000c146b00000,0x000000c147f00000)]
=>0x0000025f72494800 JavaThread "AWT-EventQueue-0" [_thread_in_native, id=1900, stack(0x000000c14c800000,0x000000c14cd00000)]
  0x0000025f70590800 JavaThread "AWT-Windows" daemon [_thread_in_native, id=12608, stack(0x000000c14b900000,0x000000c14be00000)]
  0x0000025f70590000 JavaThread "AWT-Shutdown" [_thread_blocked, id=13172, stack(0x000000c14b400000,0x000000c14b900000)]
  0x0000025f7056b000 JavaThread "Java2D Disposer" daemon [_thread_blocked, id=6748, stack(0x000000c14af00000,0x000000c14b400000)]
  0x0000025f705d5800 JavaThread "TimerQueue" daemon [_thread_blocked, id=7572, stack(0x000000c14aa00000,0x000000c14af00000)]
  0x0000025f6dfd1000 JavaThread "Service Thread" daemon [_thread_blocked, id=6864, stack(0x000000c14a400000,0x000000c14a900000)]
  0x0000025f6dfc3000 JavaThread "C1 CompilerThread3" daemon [_thread_blocked, id=8872, stack(0x000000c14a300000,0x000000c14a400000)]
  0x0000025f6dfbf000 JavaThread "C2 CompilerThread2" daemon [_thread_blocked, id=6780, stack(0x000000c14a200000,0x000000c14a300000)]
  0x0000025f6dfbd000 JavaThread "C2 CompilerThread1" daemon [_thread_blocked, id=8980, stack(0x000000c14a100000,0x000000c14a200000)]
  0x0000025f6dfbb800 JavaThread "C2 CompilerThread0" daemon [_thread_blocked, id=10292, stack(0x000000c14a000000,0x000000c14a100000)]
  0x0000025f6dfb9800 JavaThread "Attach Listener" daemon [_thread_blocked, id=6648, stack(0x000000c149b00000,0x000000c14a000000)]
  0x0000025f6dfb8800 JavaThread "Signal Dispatcher" daemon [_thread_blocked, id=6744, stack(0x000000c149600000,0x000000c149b00000)]
  0x0000025f56e5e000 JavaThread "Finalizer" daemon [_thread_blocked, id=6784, stack(0x000000c149100000,0x000000c149600000)]
  0x0000025f56e5b000 JavaThread "Reference Handler" daemon [_thread_blocked, id=6796, stack(0x000000c148c00000,0x000000c149100000)]
  0x0000025f56d64000 JavaThread "main" [_thread_blocked, id=6084, stack(0x000000c148200000,0x000000c148300000)]

Other Threads:
  0x0000025f6df73800 VMThread [stack: 0x000000c148b00000,0x000000c148c00000] [id=6808]
  0x0000025f6fce8800 WatcherThread [stack: 0x000000c14a900000,0x000000c14aa00000] [id=6356]

VM state:not at safepoint (normal execution)

VM Mutex/Monitor currently owned by a thread: None

Heap:
 PSYoungGen      total 55296K, used 5432K [0x00000007bc400000, 0x00000007c0000000, 0x00000007c0000000)
  eden space 49152K, 6% used [0x00000007bc400000,0x00000007bc70f0e8,0x00000007bf400000)
  from space 6144K, 37% used [0x00000007bf400000,0x00000007bf63f118,0x00000007bfa00000)
  to   space 5632K, 0% used [0x00000007bfa80000,0x00000007bfa80000,0x00000007c0000000)
 ParOldGen       total 217088K, used 58139K [0x0000000700000000, 0x000000070d400000, 0x00000007bc400000)
  object space 217088K, 26% used [0x0000000700000000,0x00000007038c6e30,0x000000070d400000)
 Metaspace       used 74769K, capacity 75547K, committed 76120K, reserved 1114112K
  class space    used 10377K, capacity 10530K, committed 10584K, reserved 1048576K

Card table byte_map: [0x0000025f66220000,0x0000025f66830000] byte_map_base: 0x0000025f62a20000

Marking Bits: (ParMarkBitMap*) 0x000000005186a6d0
 Begin Bits: [0x0000025f66e20000, 0x0000025f69e20000)
 End Bits:   [0x0000025f69e20000, 0x0000025f6ce20000)

Polling page: 0x0000025f4ebf0000

CodeCache: size=245760Kb used=54836Kb max_used=55106Kb free=190923Kb
 bounds [0x0000025f56e60000, 0x0000025f5a4a0000, 0x0000025f65e60000]
 total_blobs=15446 nmethods=14501 adapters=848
 compilation: enabled

Compilation events (10 events):
Event: 2371.778 Thread 0x0000025f6dfc3000 19693       1       ui.frmwork.c.i::dSx (5 bytes)
Event: 2371.778 Thread 0x0000025f6dfc3000 nmethod 19693 0x0000025f5902ff90 code [0x0000025f590300e0, 0x0000025f590301f8]
Event: 2371.782 Thread 0x0000025f6dfc3000 19694       3       ui.frmwork.c.i::dRB (34 bytes)
Event: 2371.783 Thread 0x0000025f6dfc3000 nmethod 19694 0x0000025f58d9f190 code [0x0000025f58d9f340, 0x0000025f58d9fc90]
Event: 2371.789 Thread 0x0000025f6dfc3000 19695       1       ui.frmwork.c.i::isDead (5 bytes)
Event: 2371.790 Thread 0x0000025f6dfc3000 nmethod 19695 0x0000025f57bed1d0 code [0x0000025f57bed320, 0x0000025f57bed438]
Event: 2371.797 Thread 0x0000025f6dfc3000 19696       1       ui.utils.o.h.a::ezL (5 bytes)
Event: 2371.798 Thread 0x0000025f6dfc3000 nmethod 19696 0x0000025f58229150 code [0x0000025f582292a0, 0x0000025f582293b8]
Event: 2371.805 Thread 0x0000025f6dfc3000 19697       1       ui.utils.o.h.a::dRB (5 bytes)
Event: 2371.806 Thread 0x0000025f6dfc3000 nmethod 19697 0x0000025f5850e0d0 code [0x0000025f5850e220, 0x0000025f5850e338]

GC Heap History (10 events):
Event: 2362.365 GC heap before
{Heap before GC invocations=216 (full 10):
 PSYoungGen      total 54272K, used 22227K [0x00000007bc400000, 0x00000007c0000000, 0x00000007c0000000)
  eden space 50176K, 36% used [0x00000007bc400000,0x00000007bd5e82d8,0x00000007bf500000)
  from space 4096K, 94% used [0x00000007bf500000,0x00000007bf8ccc08,0x00000007bf900000)
  to   space 6144K, 0% used [0x00000007bfa00000,0x00000007bfa00000,0x00000007c0000000)
 ParOldGen       total 217088K, used 60636K [0x0000000700000000, 0x000000070d400000, 0x00000007bc400000)
  object space 217088K, 27% used [0x0000000700000000,0x0000000703b37120,0x000000070d400000)
 Metaspace       used 74591K, capacity 75323K, committed 76120K, reserved 1114112K
  class space    used 10366K, capacity 10498K, committed 10584K, reserved 1048576K
Event: 2362.369 GC heap after
Heap after GC invocations=216 (full 10):
 PSYoungGen      total 55296K, used 3730K [0x00000007bc400000, 0x00000007c0000000, 0x00000007c0000000)
  eden space 49152K, 0% used [0x00000007bc400000,0x00000007bc400000,0x00000007bf400000)
  from space 6144K, 60% used [0x00000007bfa00000,0x00000007bfda4bd0,0x00000007c0000000)
  to   space 6144K, 0% used [0x00000007bf400000,0x00000007bf400000,0x00000007bfa00000)
 ParOldGen       total 217088K, used 60636K [0x0000000700000000, 0x000000070d400000, 0x00000007bc400000)
  object space 217088K, 27% used [0x0000000700000000,0x0000000703b37120,0x000000070d400000)
 Metaspace       used 74591K, capacity 75323K, committed 76120K, reserved 1114112K
  class space    used 10366K, capacity 10498K, committed 10584K, reserved 1048576K
}
Event: 2362.369 GC heap before
{Heap before GC invocations=217 (full 11):
 PSYoungGen      total 55296K, used 3730K [0x00000007bc400000, 0x00000007c0000000, 0x00000007c0000000)
  eden space 49152K, 0% used [0x00000007bc400000,0x00000007bc400000,0x00000007bf400000)
  from space 6144K, 60% used [0x00000007bfa00000,0x00000007bfda4bd0,0x00000007c0000000)
  to   space 6144K, 0% used [0x00000007bf400000,0x00000007bf400000,0x00000007bfa00000)
 ParOldGen       total 217088K, used 60636K [0x0000000700000000, 0x000000070d400000, 0x00000007bc400000)
  object space 217088K, 27% used [0x0000000700000000,0x0000000703b37120,0x000000070d400000)
 Metaspace       used 74591K, capacity 75323K, committed 76120K, reserved 1114112K
  class space    used 10366K, capacity 10498K, committed 10584K, reserved 1048576K
Event: 2362.527 GC heap after
Heap after GC invocations=217 (full 11):
 PSYoungGen      total 55296K, used 0K [0x00000007bc400000, 0x00000007c0000000, 0x00000007c0000000)
  eden space 49152K, 0% used [0x00000007bc400000,0x00000007bc400000,0x00000007bf400000)
  from space 6144K, 0% used [0x00000007bfa00000,0x00000007bfa00000,0x00000007c0000000)
  to   space 6144K, 0% used [0x00000007bf400000,0x00000007bf400000,0x00000007bfa00000)
 ParOldGen       total 217088K, used 58139K [0x0000000700000000, 0x000000070d400000, 0x00000007bc400000)
  object space 217088K, 26% used [0x0000000700000000,0x00000007038c6e30,0x000000070d400000)
 Metaspace       used 74591K, capacity 75323K, committed 76120K, reserved 1114112K
  class space    used 10366K, capacity 10498K, committed 10584K, reserved 1048576K
}
Event: 2363.874 GC heap before
{Heap before GC invocations=218 (full 11):
 PSYoungGen      total 55296K, used 49152K [0x00000007bc400000, 0x00000007c0000000, 0x00000007c0000000)
  eden space 49152K, 100% used [0x00000007bc400000,0x00000007bf400000,0x00000007bf400000)
  from space 6144K, 0% used [0x00000007bfa00000,0x00000007bfa00000,0x00000007c0000000)
  to   space 6144K, 0% used [0x00000007bf400000,0x00000007bf400000,0x00000007bfa00000)
 ParOldGen       total 217088K, used 58139K [0x0000000700000000, 0x000000070d400000, 0x00000007bc400000)
  object space 217088K, 26% used [0x0000000700000000,0x00000007038c6e30,0x000000070d400000)
 Metaspace       used 74609K, capacity 75323K, committed 76120K, reserved 1114112K
  class space    used 10366K, capacity 10498K, committed 10584K, reserved 1048576K
Event: 2363.878 GC heap after
Heap after GC invocations=218 (full 11):
 PSYoungGen      total 55296K, used 2950K [0x00000007bc400000, 0x00000007c0000000, 0x00000007c0000000)
  eden space 49152K, 0% used [0x00000007bc400000,0x00000007bc400000,0x00000007bf400000)
  from space 6144K, 48% used [0x00000007bf400000,0x00000007bf6e1ac0,0x00000007bfa00000)
  to   space 6144K, 0% used [0x00000007bfa00000,0x00000007bfa00000,0x00000007c0000000)
 ParOldGen       total 217088K, used 58139K [0x0000000700000000, 0x000000070d400000, 0x00000007bc400000)
  object space 217088K, 26% used [0x0000000700000000,0x00000007038c6e30,0x000000070d400000)
 Metaspace       used 74609K, capacity 75323K, committed 76120K, reserved 1114112K
  class space    used 10366K, capacity 10498K, committed 10584K, reserved 1048576K
}
Event: 2367.123 GC heap before
{Heap before GC invocations=219 (full 11):
 PSYoungGen      total 55296K, used 52102K [0x00000007bc400000, 0x00000007c0000000, 0x00000007c0000000)
  eden space 49152K, 100% used [0x00000007bc400000,0x00000007bf400000,0x00000007bf400000)
  from space 6144K, 48% used [0x00000007bf400000,0x00000007bf6e1ac0,0x00000007bfa00000)
  to   space 6144K, 0% used [0x00000007bfa00000,0x00000007bfa00000,0x00000007c0000000)
 ParOldGen       total 217088K, used 58139K [0x0000000700000000, 0x000000070d400000, 0x00000007bc400000)
  object space 217088K, 26% used [0x0000000700000000,0x00000007038c6e30,0x000000070d400000)
 Metaspace       used 74677K, capacity 75387K, committed 76120K, reserved 1114112K
  class space    used 10366K, capacity 10498K, committed 10584K, reserved 1048576K
Event: 2367.132 GC heap after
Heap after GC invocations=219 (full 11):
 PSYoungGen      total 55296K, used 1687K [0x00000007bc400000, 0x00000007c0000000, 0x00000007c0000000)
  eden space 49152K, 0% used [0x00000007bc400000,0x00000007bc400000,0x00000007bf400000)
  from space 6144K, 27% used [0x00000007bfa00000,0x00000007bfba5e40,0x00000007c0000000)
  to   space 6144K, 0% used [0x00000007bf400000,0x00000007bf400000,0x00000007bfa00000)
 ParOldGen       total 217088K, used 58139K [0x0000000700000000, 0x000000070d400000, 0x00000007bc400000)
  object space 217088K, 26% used [0x0000000700000000,0x00000007038c6e30,0x000000070d400000)
 Metaspace       used 74677K, capacity 75387K, committed 76120K, reserved 1114112K
  class space    used 10366K, capacity 10498K, committed 10584K, reserved 1048576K
}
Event: 2371.472 GC heap before
{Heap before GC invocations=220 (full 11):
 PSYoungGen      total 55296K, used 50839K [0x00000007bc400000, 0x00000007c0000000, 0x00000007c0000000)
  eden space 49152K, 100% used [0x00000007bc400000,0x00000007bf400000,0x00000007bf400000)
  from space 6144K, 27% used [0x00000007bfa00000,0x00000007bfba5e40,0x00000007c0000000)
  to   space 6144K, 0% used [0x00000007bf400000,0x00000007bf400000,0x00000007bfa00000)
 ParOldGen       total 217088K, used 58139K [0x0000000700000000, 0x000000070d400000, 0x00000007bc400000)
  object space 217088K, 26% used [0x0000000700000000,0x00000007038c6e30,0x000000070d400000)
 Metaspace       used 74768K, capacity 75547K, committed 76120K, reserved 1114112K
  class space    used 10377K, capacity 10530K, committed 10584K, reserved 1048576K
Event: 2371.480 GC heap after
Heap after GC invocations=220 (full 11):
 PSYoungGen      total 55296K, used 2300K [0x00000007bc400000, 0x00000007c0000000, 0x00000007c0000000)
  eden space 49152K, 0% used [0x00000007bc400000,0x00000007bc400000,0x00000007bf400000)
  from space 6144K, 37% used [0x00000007bf400000,0x00000007bf63f118,0x00000007bfa00000)
  to   space 5632K, 0% used [0x00000007bfa80000,0x00000007bfa80000,0x00000007c0000000)
 ParOldGen       total 217088K, used 58139K [0x0000000700000000, 0x000000070d400000, 0x00000007bc400000)
  object space 217088K, 26% used [0x0000000700000000,0x00000007038c6e30,0x000000070d400000)
 Metaspace       used 74768K, capacity 75547K, committed 76120K, reserved 1114112K
  class space    used 10377K, capacity 10530K, committed 10584K, reserved 1048576K
}

Deoptimization events (10 events):
Event: 2360.846 Thread 0x0000025f72494800 Uncommon trap: reason=unstable_if action=reinterpret pc=0x0000025f58531d18 method=de.javasoft.plaf.synthetica.GraphicsUtils.paintText(Ljavax/swing/plaf/synth/SynthContext;Ljava/awt/Graphics;Ljava/lang/String;III)V @ 504
Event: 2360.846 Thread 0x0000025f72494800 Uncommon trap: reason=unstable_if action=reinterpret pc=0x0000025f5a0ffa50 method=de.javasoft.plaf.synthetica.StyleFactory.getStyle(Ljavax/swing/JComponent;Ljavax/swing/plaf/synth/Region;Ljavax/swing/plaf/synth/SynthStyle;Z)Ljavax/swing/plaf/synth/SynthSt
Event: 2362.552 Thread 0x0000025f72494800 Uncommon trap: reason=uninitialized action=reinterpret pc=0x0000025f5a3d6d80 method=java.awt.Component.dispatchEventImpl(Ljava/awt/AWTEvent;)V @ 661
Event: 2369.044 Thread 0x0000025f72494800 Uncommon trap: reason=unstable_if action=reinterpret pc=0x0000025f58b44ba8 method=com.jidesoft.grid.DefaultTableModelWrapper.getActualRowAt(I)I @ 18
Event: 2369.044 Thread 0x0000025f72494800 Uncommon trap: reason=unstable_if action=reinterpret pc=0x0000025f5851f564 method=com.jidesoft.grid.TreeTableModel.getRowAt(I)Lcom/jidesoft/grid/Row; @ 7
Event: 2369.064 Thread 0x0000025f72494800 Uncommon trap: reason=unstable_if action=reinterpret pc=0x0000025f59b85694 method=com.jidesoft.grid.CellSpanTable.getCellRect(IIZ)Ljava/awt/Rectangle; @ 33
Event: 2369.064 Thread 0x0000025f72494800 Uncommon trap: reason=unstable_if action=reinterpret pc=0x0000025f58c27920 method=com.jidesoft.grid.JideTable.getCellRect(IIZ)Ljava/awt/Rectangle; @ 206
Event: 2371.083 Thread 0x0000025f72494800 Uncommon trap: reason=class_check action=maybe_recompile pc=0x0000025f578654e0 method=javax.swing.plaf.synth.ParsedSynthStyle$DelegatingPainter.paintPanelBackground(Ljavax/swing/plaf/synth/SynthContext;Ljava/awt/Graphics;IIII)V @ 16
Event: 2371.116 Thread 0x0000025f72494800 Uncommon trap: reason=class_check action=maybe_recompile pc=0x0000025f578654e0 method=javax.swing.plaf.synth.ParsedSynthStyle$DelegatingPainter.paintPanelBackground(Ljavax/swing/plaf/synth/SynthContext;Ljava/awt/Graphics;IIII)V @ 16
Event: 2371.175 Thread 0x0000025f72494800 Uncommon trap: reason=class_check action=maybe_recompile pc=0x0000025f578654e0 method=javax.swing.plaf.synth.ParsedSynthStyle$DelegatingPainter.paintPanelBackground(Ljavax/swing/plaf/synth/SynthContext;Ljava/awt/Graphics;IIII)V @ 16

Internal exceptions (10 events):
Event: 2292.169 Thread 0x0000025f72494800 Exception <a 'java/lang/ClassNotFoundException': org/jdesktop/swingx/JXPanelCustomizer> (0x00000007be4912b8) thrown at [C:\re\workspace\8-2-build-windows-amd64-cygwin\jdk8u112\7884\hotspot\src\share\vm\classfile\systemDictionary.cpp, line 210]
Event: 2292.172 Thread 0x0000025f72494800 Exception <a 'java/lang/ClassNotFoundException': org/jdesktop/swingx/JXTitledPanelCustomizer> (0x00000007be4d1710) thrown at [C:\re\workspace\8-2-build-windows-amd64-cygwin\jdk8u112\7884\hotspot\src\share\vm\classfile\systemDictionary.cpp, line 210]
Event: 2292.174 Thread 0x0000025f72494800 Exception <a 'java/lang/ClassNotFoundException': ui/utils/o/p/a/dCustomizer> (0x00000007be511330) thrown at [C:\re\workspace\8-2-build-windows-amd64-cygwin\jdk8u112\7884\hotspot\src\share\vm\classfile\systemDictionary.cpp, line 210]
Event: 2292.176 Thread 0x0000025f72494800 Exception <a 'java/lang/ClassNotFoundException': ui/views/waveform/f/pCustomizer> (0x00000007be544a70) thrown at [C:\re\workspace\8-2-build-windows-amd64-cygwin\jdk8u112\7884\hotspot\src\share\vm\classfile\systemDictionary.cpp, line 210]
Event: 2292.180 Thread 0x0000025f72494800 Implicit null exception at 0x0000025f584b614a to 0x0000025f584b67c9
Event: 2292.874 Thread 0x0000025f70085800 Implicit null exception at 0x0000025f58da5026 to 0x0000025f58da67c9
Event: 2294.774 Thread 0x0000025f72494800 Implicit null exception at 0x0000025f590ce2f8 to 0x0000025f590cebdd
Event: 2300.013 Thread 0x0000025f72494800 Implicit null exception at 0x0000025f58c0a3cc to 0x0000025f58c0a599
Event: 2336.788 Thread 0x0000025f72494800 Implicit null exception at 0x0000025f5a18d67e to 0x0000025f5a18e301
Event: 2336.788 Thread 0x0000025f779da800 Exception <a 'java/lang/InterruptedException': sleep interrupted> (0x00000007be33ffa8) thrown at [C:\re\workspace\8-2-build-windows-amd64-cygwin\jdk8u112\7884\hotspot\src\share\vm\prims\jvm.cpp, line 3228]

Events (10 events):
Event: 2371.791 Thread 0x0000025f6dfc3000 flushing nmethod 0x0000025f5a025fd0
Event: 2371.791 Thread 0x0000025f6dfc3000 flushing nmethod 0x0000025f5a027f50
Event: 2371.791 Thread 0x0000025f6dfc3000 flushing nmethod 0x0000025f5a02c5d0
Event: 2371.791 Thread 0x0000025f6dfc3000 flushing nmethod 0x0000025f5a032850
Event: 2371.791 Thread 0x0000025f6dfc3000 flushing nmethod 0x0000025f5a050650
Event: 2371.791 Thread 0x0000025f6dfc3000 flushing nmethod 0x0000025f5a095c50
Event: 2371.791 Thread 0x0000025f6dfc3000 flushing nmethod 0x0000025f5a0b94d0
Event: 2371.792 Thread 0x0000025f6dfc3000 flushing nmethod 0x0000025f5a0f2a50
Event: 2371.792 Thread 0x0000025f6dfc3000 flushing nmethod 0x0000025f5a12ee10
Event: 2371.792 Thread 0x0000025f6dfc3000 flushing nmethod 0x0000025f5a12fad0


Dynamic libraries:
0x00007ff6e06d0000 - 0x00007ff6e0700000 	C:\Xilinx\Vivado\2018.2\bin\unwrapped\win64.o\vivado.exe
0x00007ffe39030000 - 0x00007ffe3921d000 	C:\Windows\SYSTEM32\ntdll.dll
0x00007ffe36350000 - 0x00007ffe36403000 	C:\Windows\System32\KERNEL32.DLL
0x00007ffe350f0000 - 0x00007ffe35383000 	C:\Windows\System32\KERNELBASE.dll
0x00007ffe35f40000 - 0x00007ffe3603a000 	C:\Windows\System32\ucrtbase.dll
0x00007ffe21040000 - 0x00007ffe210db000 	C:\Windows\SYSTEM32\MSVCP140.dll
0x00007ffe21020000 - 0x00007ffe21035000 	C:\Windows\SYSTEM32\VCRUNTIME140.dll
0x00007ffe1cc70000 - 0x00007ffe1cc84000 	C:\Xilinx\Vivado\2018.2\lib\win64.o\libboost_signals.dll
0x00007ffe1a620000 - 0x00007ffe1a634000 	C:\Xilinx\Vivado\2018.2\lib\win64.o\librdi_commonmain.dll
0x00007ffe306c0000 - 0x00007ffe306ca000 	C:\Xilinx\Vivado\2018.2\lib\win64.o\librdi_commonversion.dll
0x00007ffe0cd90000 - 0x00007ffe0cdb6000 	C:\Xilinx\Vivado\2018.2\lib\win64.o\libboost_filesystem.dll
0x00007ffe38f40000 - 0x00007ffe38fe3000 	C:\Windows\System32\ADVAPI32.dll
0x00007ffe38ea0000 - 0x00007ffe38f3e000 	C:\Windows\System32\msvcrt.dll
0x00007ffe36250000 - 0x00007ffe362ee000 	C:\Windows\System32\sechost.dll
0x00007ffe386a0000 - 0x00007ffe387c2000 	C:\Windows\System32\RPCRT4.dll
0x00007ffdd9dd0000 - 0x00007ffddabe9000 	C:\Xilinx\Vivado\2018.2\lib\win64.o\librdi_common.dll
0x00007ffe37d10000 - 0x00007ffe37ea7000 	C:\Windows\System32\USER32.dll
0x00007ffe35d20000 - 0x00007ffe35d40000 	C:\Windows\System32\win32u.dll
0x00007ffe36490000 - 0x00007ffe364b9000 	C:\Windows\System32\GDI32.dll
0x00007ffe35da0000 - 0x00007ffe35f39000 	C:\Windows\System32\gdi32full.dll
0x00007ffe35390000 - 0x00007ffe35430000 	C:\Windows\System32\msvcp_win.dll
0x00007ffe36570000 - 0x00007ffe37a64000 	C:\Windows\System32\SHELL32.dll
0x00007ffe35b80000 - 0x00007ffe35bca000 	C:\Windows\System32\cfgmgr32.dll
0x00007ffe364c0000 - 0x00007ffe36568000 	C:\Windows\System32\shcore.dll
0x00007ffe38260000 - 0x00007ffe3858c000 	C:\Windows\System32\combase.dll
0x00007ffe35bd0000 - 0x00007ffe35c4e000 	C:\Windows\System32\bcryptPrimitives.dll
0x00007ffe35430000 - 0x00007ffe35b7d000 	C:\Windows\System32\windows.storage.dll
0x00007ffe350a0000 - 0x00007ffe350c4000 	C:\Windows\System32\profapi.dll
0x00007ffe35020000 - 0x00007ffe3507d000 	C:\Windows\System32\powrprof.dll
0x00007ffe362f0000 - 0x00007ffe36342000 	C:\Windows\System32\shlwapi.dll
0x00007ffe350d0000 - 0x00007ffe350e1000 	C:\Windows\System32\kernel.appcore.dll
0x00007ffe35c50000 - 0x00007ffe35c67000 	C:\Windows\System32\cryptsp.dll
0x00007ffe03360000 - 0x00007ffe03481000 	C:\Xilinx\Vivado\2018.2\lib\win64.o\librdi_commonxillic.dll
0x00000000518f0000 - 0x0000000051a1b000 	C:\Xilinx\Vivado\2018.2\lib\win64.o\tcl85t.dll
0x00007ffe37eb0000 - 0x00007ffe37f1d000 	C:\Windows\System32\WS2_32.dll
0x00007ffe1d0d0000 - 0x00007ffe1d0db000 	C:\Xilinx\Vivado\2018.2\lib\win64.o\libboost_system.dll
0x00007ffe0cd70000 - 0x00007ffe0cd84000 	C:\Xilinx\Vivado\2018.2\lib\win64.o\libboost_date_time.dll
0x00007ffdd9b10000 - 0x00007ffdd9dc5000 	C:\Xilinx\Vivado\2018.2\lib\win64.o\libXil_lmgr11.dll
0x00007ffe37a70000 - 0x00007ffe37b97000 	C:\Windows\System32\COMDLG32.dll
0x00007ffe387e0000 - 0x00007ffe388a4000 	C:\Windows\System32\OLEAUT32.dll
0x00007ffe37f20000 - 0x00007ffe38075000 	C:\Windows\System32\ole32.dll
0x00007ffe35d40000 - 0x00007ffe35d99000 	C:\Windows\System32\WINTRUST.dll
0x00007ffe35080000 - 0x00007ffe35092000 	C:\Windows\System32\MSASN1.dll
0x00007ffe36040000 - 0x00007ffe3621c000 	C:\Windows\System32\CRYPT32.dll
0x00007ffdd97a0000 - 0x00007ffdd9b0e000 	C:\Xilinx\Vivado\2018.2\lib\win64.o\libCOIN-all.dll
0x00007ffe032e0000 - 0x00007ffe0335f000 	C:\Xilinx\Vivado\2018.2\lib\win64.o\libboost_program_options.dll
0x00007ffe0cd40000 - 0x00007ffe0cd61000 	C:\Xilinx\Vivado\2018.2\lib\win64.o\libboost_thread.dll
0x00007ffe1c670000 - 0x00007ffe1c67f000 	C:\Xilinx\Vivado\2018.2\lib\win64.o\libboost_xilinx.dll
0x00007ffe03090000 - 0x00007ffe031a4000 	C:\Xilinx\Vivado\2018.2\lib\win64.o\libboost_regex.dll
0x00007ffe03000000 - 0x00007ffe03082000 	C:\Xilinx\Vivado\2018.2\lib\win64.o\libhdlpsolve.dll
0x00007ffe07e60000 - 0x00007ffe07e8e000 	C:\Xilinx\Vivado\2018.2\lib\win64.o\libisl_sysinfo.dll
0x00007ffe02f50000 - 0x00007ffe02ff5000 	C:\Xilinx\Vivado\2018.2\lib\win64.o\libhdxml.dll
0x00007ffdd9730000 - 0x00007ffdd9795000 	C:\Xilinx\Vivado\2018.2\lib\win64.o\liblmx6.0.dll
0x00007ffe032c0000 - 0x00007ffe032da000 	C:\Xilinx\Vivado\2018.2\lib\win64.o\pthreadVC2.dll
0x0000000051050000 - 0x00000000518ea000 	C:\Xilinx\Vivado\2018.2\tps\win64\jre\bin\server\jvm.dll
0x00007ffe38ff0000 - 0x00007ffe38ff8000 	C:\Windows\System32\PSAPI.DLL
0x00007ffe02f30000 - 0x00007ffe02f4c000 	C:\Xilinx\Vivado\2018.2\lib\win64.o\librdiconfig.dll
0x00007ffdd95d0000 - 0x00007ffdd9721000 	C:\Xilinx\Vivado\2018.2\lib\win64.o\librdi_curl.dll
0x00007ffe24f10000 - 0x00007ffe253f1000 	C:\Windows\SYSTEM32\WININET.dll
0x00007ffe30340000 - 0x00007ffe30432000 	C:\Windows\SYSTEM32\WINHTTP.dll
0x00007ffe28dc0000 - 0x00007ffe28f97000 	C:\Windows\SYSTEM32\urlmon.dll
0x00007ffdd95a0000 - 0x00007ffdd95c1000 	C:\Xilinx\Vivado\2018.2\lib\win64.o\librdizlib.dll
0x00007ffe30e90000 - 0x00007ffe30e99000 	C:\Windows\SYSTEM32\WSOCK32.dll
0x00007ffdd9570000 - 0x00007ffdd9598000 	C:\Windows\SYSTEM32\VCOMP140.DLL
0x00007ffe21110000 - 0x00007ffe21127000 	C:\Windows\SYSTEM32\NETAPI32.dll
0x00007ffe0ea10000 - 0x00007ffe0eab9000 	C:\Windows\WinSxS\amd64_microsoft.windows.common-controls_6595b64144ccf1df_5.82.17763.973_none_10e61004642cbda8\COMCTL32.dll
0x00007ffe2a8f0000 - 0x00007ffe2a90c000 	C:\Windows\SYSTEM32\dhcpcsvc.DLL
0x00007ffe387d0000 - 0x00007ffe387d8000 	C:\Windows\System32\NSI.dll
0x00007ffe02f20000 - 0x00007ffe02f2d000 	C:\Xilinx\Vivado\2018.2\lib\win64.o\libboost_chrono.dll
0x00007ffe30be0000 - 0x00007ffe30c04000 	C:\Windows\SYSTEM32\WINMM.dll
0x00007ffe2e170000 - 0x00007ffe2e17a000 	C:\Windows\SYSTEM32\VERSION.dll
0x0000000050f70000 - 0x0000000051042000 	C:\Windows\SYSTEM32\MSVCR100.dll
0x00007ffe29a60000 - 0x00007ffe29d08000 	C:\Windows\SYSTEM32\iertutil.dll
0x00007ffe30bb0000 - 0x00007ffe30bdd000 	C:\Windows\SYSTEM32\WINMMBASE.dll
0x00007ffe34a60000 - 0x00007ffe34a6c000 	C:\Windows\SYSTEM32\CRYPTBASE.DLL
0x00007ffdd86d0000 - 0x00007ffdd9561000 	C:\Xilinx\Vivado\2018.2\lib\win64.o\gurobi65.dll
0x0000000012000000 - 0x0000000012272000 	C:\Xilinx\Vivado\2018.2\lib\win64.o\xerces-c_3_1.dll
0x00007ffdd7e10000 - 0x00007ffdd86c3c00 	C:\Xilinx\Vivado\2018.2\lib\win64.o\libisl_iostreams.dll
0x00007ffe018f0000 - 0x00007ffe0190b000 	C:\Xilinx\Vivado\2018.2\lib\win64.o\libboost_iostreams.dll
0x00007ffddadc0000 - 0x00007ffddade5000 	C:\Xilinx\Vivado\2018.2\lib\win64.o\libisl_iosutils.dll
0x00007ffe388b0000 - 0x00007ffe388de000 	C:\Windows\System32\IMM32.DLL
0x00007ffdd7980000 - 0x00007ffdd7e0c000 	C:\Xilinx\Vivado\2018.2\lib\win64.o\librdi_commontasks.dll
0x00007ffdd7700000 - 0x00007ffdd7977000 	C:\Xilinx\Vivado\2018.2\lib\win64.o\librdi_sio.dll
0x00007ffe345b0000 - 0x00007ffe345ed000 	C:\Windows\SYSTEM32\IPHLPAPI.DLL
0x00007ffdd5500000 - 0x00007ffdd76ff000 	C:\Xilinx\Vivado\2018.2\lib\win64.o\librdi_tcltasks.dll
0x00007ffddad50000 - 0x00007ffddadba000 	C:\Xilinx\Vivado\2018.2\lib\win64.o\librdi_boarddep.dll
0x00007ffdd5380000 - 0x00007ffdd54fe000 	C:\Xilinx\Vivado\2018.2\lib\win64.o\librdi_board.dll
0x00007ffdd5130000 - 0x00007ffdd5377000 	C:\Xilinx\Vivado\2018.2\lib\win64.o\librdi_chipscope.dll
0x00007ffdd4d50000 - 0x00007ffdd5125000 	C:\Xilinx\Vivado\2018.2\lib\win64.o\librdi_bitstream.dll
0x00007ffdd4c20000 - 0x00007ffdd4d48000 	C:\Xilinx\Vivado\2018.2\lib\win64.o\librdi_containers.dll
0x00007ffdd4540000 - 0x00007ffdd4c19000 	C:\Xilinx\Vivado\2018.2\lib\win64.o\librdi_coregenipxact.dll
0x00007ffdd2ce0000 - 0x00007ffdd4539000 	C:\Xilinx\Vivado\2018.2\lib\win64.o\librdi_constraints.dll
0x00007ffdd0fc0000 - 0x00007ffdd2cd1000 	C:\Xilinx\Vivado\2018.2\lib\win64.o\librdi_coregen.dll
0x00007ffdd0ca0000 - 0x00007ffdd0fb8000 	C:\Xilinx\Vivado\2018.2\lib\win64.o\librdi_dlyest.dll
0x00007ffdccf30000 - 0x00007ffdd0c92000 	C:\Xilinx\Vivado\2018.2\lib\win64.o\librdi_designutils.dll
0x00007ffdbe730000 - 0x00007ffdccf28000 	C:\Xilinx\Vivado\2018.2\lib\win64.o\librdi_device.dll
0x00007ffdbe1e0000 - 0x00007ffdbe721000 	C:\Xilinx\Vivado\2018.2\lib\win64.o\librdi_drc.dll
0x00007ffddac80000 - 0x00007ffddad42000 	C:\Xilinx\Vivado\2018.2\lib\win64.o\librdi_dsp.dll
0x00007ffdbe180000 - 0x00007ffdbe1d8000 	C:\Xilinx\Vivado\2018.2\lib\win64.o\librdi_hdf.dll
0x00007ffdbdb40000 - 0x00007ffdbe171000 	C:\Xilinx\Vivado\2018.2\lib\win64.o\librdi_filemgmt.dll
0x00007ffdbd860000 - 0x00007ffdbdb31000 	C:\Xilinx\Vivado\2018.2\lib\win64.o\librdi_guitools.dll
0x00007ffdbc620000 - 0x00007ffdbd854000 	C:\Xilinx\Vivado\2018.2\lib\win64.o\librdi_implflow.dll
0x00007ffdbbfc0000 - 0x00007ffdbc611000 	C:\Xilinx\Vivado\2018.2\lib\win64.o\librdi_memdata.dll
0x00007ffdb8300000 - 0x00007ffdb87a2000 	C:\Xilinx\Vivado\2018.2\lib\win64.o\librdi_netlist.dll
0x00007ffdb87b0000 - 0x00007ffdbbfba000 	C:\Xilinx\Vivado\2018.2\lib\win64.o\librdi_mig.dll
0x00007ffdb82b0000 - 0x00007ffdb82f9000 	C:\Xilinx\Vivado\2018.2\lib\win64.o\librdi_pfi.dll
0x00007ffdb8020000 - 0x00007ffdb82aa000 	C:\Xilinx\Vivado\2018.2\lib\win64.o\librdi_platform.dll
0x00007ffdb7930000 - 0x00007ffdb801c000 	C:\Xilinx\Vivado\2018.2\lib\win64.o\librdi_power.dll
0x00007ffdb5590000 - 0x00007ffdb792e000 	C:\Xilinx\Vivado\2018.2\lib\win64.o\librdi_place.dll
0x00007ffdb5050000 - 0x00007ffdb558d000 	C:\Xilinx\Vivado\2018.2\lib\win64.o\librdi_project.dll
0x00007ffdb4960000 - 0x00007ffdb5041000 	C:\Xilinx\Vivado\2018.2\lib\win64.o\librdi_psta.dll
0x00007ffdb4320000 - 0x00007ffdb495e000 	C:\Xilinx\Vivado\2018.2\lib\win64.o\librdi_rsb.dll
0x00007ffdb3f50000 - 0x00007ffdb4313000 	C:\Xilinx\Vivado\2018.2\lib\win64.o\librdi_runs.dll
0x00007ffdb3e70000 - 0x00007ffdb3f47000 	C:\Xilinx\Vivado\2018.2\lib\win64.o\librdi_runsbase.dll
0x00007ffdb3da0000 - 0x00007ffdb3e6b000 	C:\Xilinx\Vivado\2018.2\lib\win64.o\librdi_xhub.dll
0x00007ffdb3b70000 - 0x00007ffdb3d96000 	C:\Xilinx\Vivado\2018.2\lib\win64.o\librdi_simdata.dll
0x00007ffdb2e50000 - 0x00007ffdb3b6d000 	C:\Xilinx\Vivado\2018.2\lib\win64.o\librdi_timing.dll
0x00007ffdb2e00000 - 0x00007ffdb2e4c000 	C:\Xilinx\Vivado\2018.2\lib\win64.o\libboost_serialization.dll
0x00007ffdb2d50000 - 0x00007ffdb2dff000 	C:\Xilinx\Vivado\2018.2\lib\win64.o\librdi_hip_devdesign.dll
0x00007ffdb2ce0000 - 0x00007ffdb2d46000 	C:\Xilinx\Vivado\2018.2\lib\win64.o\librdi_ipconfig_readwrite.dll
0x00007ffdb2ca0000 - 0x00007ffdb2cd8000 	C:\Xilinx\Vivado\2018.2\lib\win64.o\librdi_noc_frameworks.dll
0x00007ffdb2c00000 - 0x00007ffdb2c9e000 	C:\Xilinx\Vivado\2018.2\lib\win64.o\libise.dll
0x00007ffdb2b70000 - 0x00007ffdb2bf8000 	C:\Xilinx\Vivado\2018.2\lib\win64.o\librdi_hip_config.dll
0x00007ffdb2620000 - 0x00007ffdb2b6e000 	C:\Xilinx\Vivado\2018.2\lib\win64.o\librdi_xdm.dll
0x00007ffdb1b20000 - 0x00007ffdb2613000 	C:\Xilinx\Vivado\2018.2\lib\win64.o\libverific.dll
0x00007ffdb1ad0000 - 0x00007ffdb1b19000 	C:\Xilinx\Vivado\2018.2\lib\win64.o\librdi_wavedata_SimpleApi.dll
0x00007ffdb1520000 - 0x00007ffdb1ac1000 	C:\Xilinx\Vivado\2018.2\lib\win64.o\librdi_wavedata.dll
0x00007ffdae830000 - 0x00007ffdaf721000 	C:\Xilinx\Vivado\2018.2\lib\win64.o\librdi_route.dll

VM Arguments:
jvm_args: -Dsun.java2d.pmoffscreen=false -Dsun.java2d.xrender=false -Dsun.java2d.d3d=false -Dsun.awt.nopixfmt=true -Xverify:none -Dswing.aatext=true -XX:-UsePerfData -Djdk.map.althashing.threshold=512 -XX:StringTableSize=4072 -XX:NewSize=60m -XX:MaxNewSize=60m -Xms128m -Xmx3072m -Xss5m 
java_command: <unknown>
java_class_path (initial): C:/Xilinx/Vivado/2018.2\lib\classes\alloy.jar;C:/Xilinx/Vivado/2018.2\lib\classes\autopilot.scelaborator.jar;C:/Xilinx/Vivado/2018.2\lib\classes\autopilot.sourceprocessor.jar;C:/Xilinx/Vivado/2018.2\lib\classes\autopilot.tbprocessor.jar;C:/Xilinx/Vivado/2018.2\lib\classes\batik-anim.jar;C:/Xilinx/Vivado/2018.2\lib\classes\batik-awt-util.jar;C:/Xilinx/Vivado/2018.2\lib\classes\batik-bridge.jar;C:/Xilinx/Vivado/2018.2\lib\classes\batik-codec.jar;C:/Xilinx/Vivado/2018.2\lib\classes\batik-css.jar;C:/Xilinx/Vivado/2018.2\lib\classes\batik-dom.jar;C:/Xilinx/Vivado/2018.2\lib\classes\batik-ext.jar;C:/Xilinx/Vivado/2018.2\lib\classes\batik-gui-util.jar;C:/Xilinx/Vivado/2018.2\lib\classes\batik-gvt.jar;C:/Xilinx/Vivado/2018.2\lib\classes\batik-parser.jar;C:/Xilinx/Vivado/2018.2\lib\classes\batik-script.jar;C:/Xilinx/Vivado/2018.2\lib\classes\batik-svg-dom.jar;C:/Xilinx/Vivado/2018.2\lib\classes\batik-swing.jar;C:/Xilinx/Vivado/2018.2\lib\classes\batik-transcoder.jar;C:/Xilinx/Vivado/2018.2\lib\classes\batik-util.jar;C:/Xilinx/Vivado/2018.2\lib\classes\batik-xml.jar;C:/Xilinx/Vivado/2018.2\lib\classes\com.ibm.icu_4.4.2.v20110208.jar;C:/Xilinx/Vivado/2018.2\lib\classes\commons-collections4-4.1.jar;C:/Xilinx/Vivado/2018.2\lib\classes\commons-math-2.2.jar;C:/Xilinx/Vivado/2018.2\lib\classes\dom4j-1.6.1.jar;C:/Xilinx/Vivado/2018.2\lib\classes\guava-18.0.jar;C:/Xilinx/Vivado/2018.2\lib\classes\help.jar;C:/Xilinx/Vivado/2018.2\lib\classes\hsqldb.jar;C:/Xilinx/Vivado/2018.2\lib\classes\jargs.jar;C:/Xilinx/Vivado/2018.2\lib\classes\jh.jar;C:/Xilinx/Vivado/2018.2\lib\classes\jide-action.jar;C:/Xilinx/Vivado/2018.2\lib\classes\jide-charts.jar;C:/Xilinx/Vivado/2018.2\lib\classes\jide-common.jar;C:/Xilinx/Vivado/2018.2\lib\classes\jide-components.jar;C:/Xilinx/Vivado/2018.2\lib\classes\jide-dashboard.jar;C:/Xilinx/Vivado/2018.2\lib\classes\jide-data.jar;C:/Xilinx/Vivado/2018.2\lib\classes\jide-dialogs.jar;C:/Xilinx/Vivado/2018.2\lib\classes\jide-diff.jar;C:/X
Launcher Type: generic

Environment Variables:
PATH=C:/Xilinx/Vivado/2018.2/bin;C:/Xilinx/Vivado/2018.2/lib/win64.o;C:/Xilinx/Vivado/2018.2/tps/win64/jre/bin/server;C:/Xilinx/Vivado/2018.2/tps/win64/jre/bin;C:/Xilinx/SDK/2018.2/bin;C:/Xilinx/Vivado/2018.2/ids_lite/ISE/bin/nt64;C:/Xilinx/Vivado/2018.2/ids_lite/ISE/lib/nt64;C:\SynaptiCAD\bin\win32;C:\Program Files (x86)\Intel\iCLS Client\;C:\Program Files\Intel\iCLS Client\;C:\Windows\system32;C:\Windows;C:\Windows\System32\Wbem;C:\Windows\System32\WindowsPowerShell\v1.0\;C:\Windows\System32\OpenSSH\;C:\SynaptiCAD\bin;C:\Users\Ryan Madden\AppData\Local\Microsoft\WindowsApps;C:\Users\Ryan Madden\AppData\Local\GitHubDesktop\bin;C:/Xilinx/Vivado/2018.2\tps\mingw\6.2.0\win64.o\nt\bin;C:/Xilinx/Vivado/2018.2\tps\mingw\6.2.0\win64.o\nt\libexec\gcc\x86_64-w64-mingw32\6.2.0
USERNAME=Ryan Madden
OS=Windows_NT
PROCESSOR_IDENTIFIER=Intel64 Family 6 Model 158 Stepping 9, GenuineIntel



---------------  S Y S T E M  ---------------

OS: Windows 10.0 , 64 bit Build 17763 (10.0.17763.475)

CPU:total 8 (4 cores per cpu, 2 threads per core) family 6 model 158 stepping 9, cmov, cx8, fxsr, mmx, sse, sse2, sse3, ssse3, sse4.1, sse4.2, popcnt, avx, avx2, aes, clmul, erms, rtm, 3dnowpref, lzcnt, ht, tsc, tscinvbit, bmi1, bmi2, adx

Memory: 4k page, physical 16671964k(11175588k free), swap 19162332k(10929752k free)

vm_info: Java HotSpot(TM) 64-Bit Server VM (25.112-b15) for windows-amd64 JRE (1.8.0_112-b15), built on Sep 22 2016 21:31:56 by "java_re" with MS VC++ 10.0 (VS2010)

time: Mon Mar 02 12:35:57 2020
elapsed time: 2372 seconds (0d 0h 39m 32s)

